     1 00000000                                 [FORMAT "WCOFF"]
     2 00000000                                 [INSTRSET "i486p"]
     3 00000000                                 [OPTIMIZE 1]
     4 00000000                                 [OPTION 1]
     5 00000000                                 [BITS 32]
     6 00000000                                 	EXTERN	_init_gdtidt
     7 00000000                                 	EXTERN	_init_pic
     8 00000000                                 	EXTERN	_io_sti
     9 00000000                                 	EXTERN	_fifo32_init
    10 00000000                                 	EXTERN	_init_pit
    11 00000000                                 	EXTERN	_init_keyboard
    12 00000000                                 	EXTERN	_enable_mouse
    13 00000000                                 	EXTERN	_io_out8
    14 00000000                                 	EXTERN	_boxfill
    15 00000000                                 	EXTERN	_putfonts8_asc
    16 00000000                                 	EXTERN	_memtest
    17 00000000                                 	EXTERN	_memman_init
    18 00000000                                 	EXTERN	_memman_free
    19 00000000                                 	EXTERN	_task_init
    20 00000000                                 	EXTERN	_task_run
    21 00000000                                 	EXTERN	_fifo32_put
    22 00000000                                 	EXTERN	_myconsole
    23 00000000                                 	EXTERN	_createTask
    24 00000000                                 	EXTERN	_mouse_move
    25 00000000                                 	EXTERN	_FDinit
    26 00000000                                 	EXTERN	_shtctl_init
    27 00000000                                 	EXTERN	_sheet_alloc
    28 00000000                                 	EXTERN	_memman_alloc_4k
    29 00000000                                 	EXTERN	_sheet_setbuf
    30 00000000                                 	EXTERN	_memget
    31 00000000                                 	EXTERN	_readfile
    32 00000000                                 	EXTERN	_load_mx_img
    33 00000000                                 	EXTERN	_displayimage_sheet
    34 00000000                                 	EXTERN	_lz4read512k
    35 00000000                                 	EXTERN	_draw_sprite
    36 00000000                                 	EXTERN	_showmsg
    37 00000000                                 	EXTERN	_sheet_slide
    38 00000000                                 	EXTERN	_sheet_updown
    39 00000000                                 	EXTERN	_sheet_refresh
    40 00000000                                 	EXTERN	_init_ide_pci
    41 00000000                                 	EXTERN	_fifo32_status
    42 00000000                                 	EXTERN	_fifo32_get
    43 00000000                                 	EXTERN	_wait_KBC_sendready
    44 00000000                                 [FILE "bootpack.c"]
    45 00000000                                 	GLOBAL	_binfo
    46                                          [SECTION .data]
    47 00000000                                 	ALIGNB	4
    48 00000000                                 _binfo:
    49 00000000 00000FF0                        	DD	4080
    50 00000004                                 LC0:
    51 00000004 52 00                           	DB	"R",0x00
    52 00000006                                 LC1:
    53 00000006 47 00                           	DB	"G",0x00
    54 00000008                                 LC2:
    55 00000008 42 00                           	DB	"B",0x00
    56 0000000A                                 LC3:
    57 0000000A 31 2E 6C 7A 34 00               	DB	"1.lz4",0x00
    58 00000010                                 LC4:
    59 00000010 63 75 72 2E 6C 7A 34 00         	DB	"cur.lz4",0x00
    60 00000018                                 LC5:
    61 00000018 48 5A 4B 31 36 2E 6C 7A 34 00   	DB	"HZK16.lz4",0x00
    62 00000022                                 LC6:
    63 00000022 69 6D 67 63 68 61 74 2E 64 61   	DB	"imgchat.dat",0x00
       0000002C 74 00 
    64                                          [SECTION .text]
    65 00000000                                 	GLOBAL	_HariMain
    66 00000000                                 _HariMain:
    67 00000000 55                              	PUSH	EBP
    68 00000001 89 E5                           	MOV	EBP,ESP
    69 00000003 57                              	PUSH	EDI
    70 00000004 56                              	PUSH	ESI
    71 00000005 BF 00000002                     	MOV	EDI,2
    72 0000000A 53                              	PUSH	EBX
    73 0000000B BE 00000007                     	MOV	ESI,7
    74 00000010 81 EC 0000076C                  	SUB	ESP,1900
    75 00000016 8D 9D FFFFFF74                  	LEA	EBX,DWORD [-140+EBP]
    76 0000001C A1 [00000000]                   	MOV	EAX,DWORD [_binfo]
    77 00000021 8A 40 01                        	MOV	AL,BYTE [1+EAX]
    78 00000024 C0 F8 04                        	SAR	AL,4
    79 00000027 21 C6                           	AND	ESI,EAX
    80 00000029 C7 85 FFFFF890 FFFFFFFF         	MOV	DWORD [-1904+EBP],-1
    81 00000033 E8 [00000000]                   	CALL	_init_gdtidt
    82 00000038 E8 [00000000]                   	CALL	_init_pic
    83 0000003D E8 [00000000]                   	CALL	_io_sti
    84 00000042 8D 85 FFFFFD54                  	LEA	EAX,DWORD [-684+EBP]
    85 00000048 6A 00                           	PUSH	0
    86 0000004A 50                              	PUSH	EAX
    87 0000004B 68 00000080                     	PUSH	128
    88 00000050 53                              	PUSH	EBX
    89 00000051 E8 [00000000]                   	CALL	_fifo32_init
    90 00000056 E8 [00000000]                   	CALL	_init_pit
    91 0000005B 68 00000100                     	PUSH	256
    92 00000060 53                              	PUSH	EBX
    93 00000061 E8 [00000000]                   	CALL	_init_keyboard
    94 00000066 8D 85 FFFFFCC4                  	LEA	EAX,DWORD [-828+EBP]
    95 0000006C 50                              	PUSH	EAX
    96 0000006D 68 00000200                     	PUSH	512
    97 00000072 53                              	PUSH	EBX
    98 00000073 E8 [00000000]                   	CALL	_enable_mouse
    99 00000078 83 C4 24                        	ADD	ESP,36
   100 0000007B 68 00000098                     	PUSH	152
   101 00000080 6A 21                           	PUSH	33
   102 00000082 E8 [00000000]                   	CALL	_io_out8
   103 00000087 68 000000A7                     	PUSH	167
   104 0000008C 68 000000A1                     	PUSH	161
   105 00000091 E8 [00000000]                   	CALL	_io_out8
   106 00000096 8B 15 [00000000]                	MOV	EDX,DWORD [_binfo]
   107 0000009C 0F BF 42 06                     	MOVSX	EAX,WORD [6+EDX]
   108 000000A0 50                              	PUSH	EAX
   109 000000A1 0F BF 42 04                     	MOVSX	EAX,WORD [4+EDX]
   110 000000A5 50                              	PUSH	EAX
   111 000000A6 6A 00                           	PUSH	0
   112 000000A8 6A 00                           	PUSH	0
   113 000000AA 6A 00                           	PUSH	0
   114 000000AC E8 [00000000]                   	CALL	_boxfill
   115 000000B1 8B 15 [00000000]                	MOV	EDX,DWORD [_binfo]
   116 000000B7 83 C4 24                        	ADD	ESP,36
   117 000000BA 68 [00000004]                   	PUSH	LC0
   118 000000BF 68 00FF0000                     	PUSH	16711680
   119 000000C4 6A 00                           	PUSH	0
   120 000000C6 6A 00                           	PUSH	0
   121 000000C8 0F BF 42 0C                     	MOVSX	EAX,WORD [12+EDX]
   122 000000CC 50                              	PUSH	EAX
   123 000000CD FF 72 08                        	PUSH	DWORD [8+EDX]
   124 000000D0 E8 [00000000]                   	CALL	_putfonts8_asc
   125 000000D5 8B 15 [00000000]                	MOV	EDX,DWORD [_binfo]
   126 000000DB 68 [00000006]                   	PUSH	LC1
   127 000000E0 68 0000FF00                     	PUSH	65280
   128 000000E5 6A 00                           	PUSH	0
   129 000000E7 6A 32                           	PUSH	50
   130 000000E9 0F BF 42 0C                     	MOVSX	EAX,WORD [12+EDX]
   131 000000ED 50                              	PUSH	EAX
   132 000000EE FF 72 08                        	PUSH	DWORD [8+EDX]
   133 000000F1 E8 [00000000]                   	CALL	_putfonts8_asc
   134 000000F6 8B 15 [00000000]                	MOV	EDX,DWORD [_binfo]
   135 000000FC 83 C4 30                        	ADD	ESP,48
   136 000000FF 68 [00000008]                   	PUSH	LC2
   137 00000104 68 000000FF                     	PUSH	255
   138 00000109 6A 00                           	PUSH	0
   139 0000010B 6A 5A                           	PUSH	90
   140 0000010D 0F BF 42 0C                     	MOVSX	EAX,WORD [12+EDX]
   141 00000111 50                              	PUSH	EAX
   142 00000112 FF 72 08                        	PUSH	DWORD [8+EDX]
   143 00000115 E8 [00000000]                   	CALL	_putfonts8_asc
   144 0000011A 68 BFFFFFFF                     	PUSH	-1073741825
   145 0000011F 68 00400000                     	PUSH	4194304
   146 00000124 E8 [00000000]                   	CALL	_memtest
   147 00000129 83 C4 20                        	ADD	ESP,32
   148 0000012C 89 C3                           	MOV	EBX,EAX
   149 0000012E 68 003C0000                     	PUSH	3932160
   150 00000133 E8 [00000000]                   	CALL	_memman_init
   151 00000138 68 0009E000                     	PUSH	647168
   152 0000013D 68 00001000                     	PUSH	4096
   153 00000142 E8 [00000000]                   	CALL	_memman_free
   154 00000147 8D 83 FFC00000                  	LEA	EAX,DWORD [-4194304+EBX]
   155 0000014D 50                              	PUSH	EAX
   156 0000014E 8D 9D FFFFFF54                  	LEA	EBX,DWORD [-172+EBP]
   157 00000154 68 00400000                     	PUSH	4194304
   158 00000159 E8 [00000000]                   	CALL	_memman_free
   159 0000015E 68 003C0000                     	PUSH	3932160
   160 00000163 E8 [00000000]                   	CALL	_task_init
   161 00000168 6A 02                           	PUSH	2
   162 0000016A 6A 01                           	PUSH	1
   163 0000016C 50                              	PUSH	EAX
   164 0000016D 89 45 8C                        	MOV	DWORD [-116+EBP],EAX
   165 00000170 E8 [00000000]                   	CALL	_task_run
   166 00000175 83 C4 24                        	ADD	ESP,36
   167 00000178 68 000000ED                     	PUSH	237
   168 0000017D 53                              	PUSH	EBX
   169 0000017E E8 [00000000]                   	CALL	_fifo32_put
   170 00000183 56                              	PUSH	ESI
   171 00000184 53                              	PUSH	EBX
   172 00000185 E8 [00000000]                   	CALL	_fifo32_put
   173 0000018A 68 [00000000]                   	PUSH	_myconsole
   174 0000018F FF B5 FFFFF89C                  	PUSH	DWORD [-1892+EBP]
   175 00000195 E8 [00000000]                   	CALL	_createTask
   176 0000019A 68 [00000000]                   	PUSH	_mouse_move
   177 0000019F FF B5 FFFFF898                  	PUSH	DWORD [-1896+EBP]
   178 000001A5 89 85 FFFFF89C                  	MOV	DWORD [-1892+EBP],EAX
   179 000001AB E8 [00000000]                   	CALL	_createTask
   180 000001B0 83 C4 20                        	ADD	ESP,32
   181 000001B3 89 85 FFFFF898                  	MOV	DWORD [-1896+EBP],EAX
   182 000001B9 E8 [00000000]                   	CALL	_FDinit
   183 000001BE 8B 15 [00000000]                	MOV	EDX,DWORD [_binfo]
   184 000001C4 0F BF 42 06                     	MOVSX	EAX,WORD [6+EDX]
   185 000001C8 50                              	PUSH	EAX
   186 000001C9 0F BF 42 04                     	MOVSX	EAX,WORD [4+EDX]
   187 000001CD 50                              	PUSH	EAX
   188 000001CE FF 72 08                        	PUSH	DWORD [8+EDX]
   189 000001D1 68 003C0000                     	PUSH	3932160
   190 000001D6 E8 [00000000]                   	CALL	_shtctl_init
   191 000001DB 89 C3                           	MOV	EBX,EAX
   192 000001DD 50                              	PUSH	EAX
   193 000001DE E8 [00000000]                   	CALL	_sheet_alloc
   194 000001E3 8B 15 [00000000]                	MOV	EDX,DWORD [_binfo]
   195 000001E9 89 85 FFFFF894                  	MOV	DWORD [-1900+EBP],EAX
   196 000001EF 0F BF 42 04                     	MOVSX	EAX,WORD [4+EDX]
   197 000001F3 0F BF 52 06                     	MOVSX	EDX,WORD [6+EDX]
   198 000001F7 0F AF C2                        	IMUL	EAX,EDX
   199 000001FA C1 E0 02                        	SAL	EAX,2
   200 000001FD 50                              	PUSH	EAX
   201 000001FE 68 003C0000                     	PUSH	3932160
   202 00000203 E8 [00000000]                   	CALL	_memman_alloc_4k
   203 00000208 8B 0D [00000000]                	MOV	ECX,DWORD [_binfo]
   204 0000020E 6A FF                           	PUSH	-1
   205 00000210 0F BF 51 06                     	MOVSX	EDX,WORD [6+ECX]
   206 00000214 52                              	PUSH	EDX
   207 00000215 0F BF 51 04                     	MOVSX	EDX,WORD [4+ECX]
   208 00000219 52                              	PUSH	EDX
   209 0000021A 50                              	PUSH	EAX
   210 0000021B FF B5 FFFFF894                  	PUSH	DWORD [-1900+EBP]
   211 00000221 E8 [00000000]                   	CALL	_sheet_setbuf
   212 00000226 83 C4 30                        	ADD	ESP,48
   213 00000229 53                              	PUSH	EBX
   214 0000022A E8 [00000000]                   	CALL	_sheet_alloc
   215 0000022F 53                              	PUSH	EBX
   216 00000230 A3 [00000030]                   	MOV	DWORD [_sht_mouse],EAX
   217 00000235 E8 [00000000]                   	CALL	_sheet_alloc
   218 0000023A 68 0015F900                     	PUSH	1440000
   219 0000023F A3 [00000038]                   	MOV	DWORD [_sht_win],EAX
   220 00000244 68 003C0000                     	PUSH	3932160
   221 00000249 E8 [00000000]                   	CALL	_memman_alloc_4k
   222 0000024E 68 00FFFFFF                     	PUSH	16777215
   223 00000253 68 00000258                     	PUSH	600
   224 00000258 68 00000258                     	PUSH	600
   225 0000025D 50                              	PUSH	EAX
   226 0000025E FF 35 [00000038]                	PUSH	DWORD [_sht_win]
   227 00000264 E8 [00000000]                   	CALL	_sheet_setbuf
   228 00000269 83 C4 24                        	ADD	ESP,36
   229 0000026C 53                              	PUSH	EBX
   230 0000026D E8 [00000000]                   	CALL	_sheet_alloc
   231 00000272 68 0015F900                     	PUSH	1440000
   232 00000277 68 003C0000                     	PUSH	3932160
   233 0000027C 89 C6                           	MOV	ESI,EAX
   234 0000027E E8 [00000000]                   	CALL	_memman_alloc_4k
   235 00000283 6A 00                           	PUSH	0
   236 00000285 68 00000258                     	PUSH	600
   237 0000028A 68 00000258                     	PUSH	600
   238 0000028F 50                              	PUSH	EAX
   239 00000290 56                              	PUSH	ESI
   240 00000291 E8 [00000000]                   	CALL	_sheet_setbuf
   241 00000296 83 C4 20                        	ADD	ESP,32
   242 00000299 68 000493E0                     	PUSH	300000
   243 0000029E E8 [00000000]                   	CALL	_memget
   244 000002A3 89 C3                           	MOV	EBX,EAX
   245 000002A5 50                              	PUSH	EAX
   246 000002A6 68 [0000000A]                   	PUSH	LC3
   247 000002AB E8 [00000000]                   	CALL	_readfile
   248 000002B0 53                              	PUSH	EBX
   249 000002B1 E8 [00000000]                   	CALL	_load_mx_img
   250 000002B6 53                              	PUSH	EBX
   251 000002B7 68 [00000010]                   	PUSH	LC4
   252 000002BC E8 [00000000]                   	CALL	_readfile
   253 000002C1 8D 85 FFFFF8A0                  	LEA	EAX,DWORD [-1888+EBP]
   254 000002C7 50                              	PUSH	EAX
   255 000002C8 FF 35 [00000030]                	PUSH	DWORD [_sht_mouse]
   256 000002CE 53                              	PUSH	EBX
   257 000002CF E8 [00000000]                   	CALL	_displayimage_sheet
   258 000002D4 83 C4 24                        	ADD	ESP,36
   259 000002D7 68 [00000018]                   	PUSH	LC5
   260 000002DC E8 [00000000]                   	CALL	_lz4read512k
   261 000002E1 6A 00                           	PUSH	0
   262 000002E3 68 00000097                     	PUSH	151
   263 000002E8 A3 [0000003C]                   	MOV	DWORD [_hzk_buf],EAX
   264 000002ED 68 00000385                     	PUSH	901
   265 000002F2 6A 00                           	PUSH	0
   266 000002F4 68 000002C0                     	PUSH	704
   267 000002F9 6A 00                           	PUSH	0
   268 000002FB 6A 00                           	PUSH	0
   269 000002FD FF 35 [00000038]                	PUSH	DWORD [_sht_win]
   270 00000303 E8 [00000000]                   	CALL	_draw_sprite
   271 00000308 83 C4 24                        	ADD	ESP,36
   272 0000030B 6A 00                           	PUSH	0
   273 0000030D 68 0000032D                     	PUSH	813
   274 00000312 68 000001A1                     	PUSH	417
   275 00000317 68 0000030A                     	PUSH	778
   276 0000031C 68 00000085                     	PUSH	133
   277 00000321 6A 00                           	PUSH	0
   278 00000323 6A 00                           	PUSH	0
   279 00000325 56                              	PUSH	ESI
   280 00000326 E8 [00000000]                   	CALL	_draw_sprite
   281 0000032B 83 C4 20                        	ADD	ESP,32
   282 0000032E 53                              	PUSH	EBX
   283 0000032F 68 [00000022]                   	PUSH	LC6
   284 00000334 E8 [00000000]                   	CALL	_readfile
   285 00000339 6A 01                           	PUSH	1
   286 0000033B 6A 10                           	PUSH	16
   287 0000033D FF 35 [00000038]                	PUSH	DWORD [_sht_win]
   288 00000343 6A 19                           	PUSH	25
   289 00000345 53                              	PUSH	EBX
   290 00000346 E8 [00000000]                   	CALL	_showmsg
   291 0000034B 6A 1E                           	PUSH	30
   292 0000034D 6A 10                           	PUSH	16
   293 0000034F FF 35 [00000038]                	PUSH	DWORD [_sht_win]
   294 00000355 6A 17                           	PUSH	23
   295 00000357 53                              	PUSH	EBX
   296 00000358 E8 [00000000]                   	CALL	_showmsg
   297 0000035D 83 C4 30                        	ADD	ESP,48
   298 00000360 6A 41                           	PUSH	65
   299 00000362 6A 10                           	PUSH	16
   300 00000364 FF 35 [00000038]                	PUSH	DWORD [_sht_win]
   301 0000036A 6A 18                           	PUSH	24
   302 0000036C 53                              	PUSH	EBX
   303 0000036D E8 [00000000]                   	CALL	_showmsg
   304 00000372 8B 1D [00000000]                	MOV	EBX,DWORD [_binfo]
   305 00000378 0F BF 43 04                     	MOVSX	EAX,WORD [4+EBX]
   306 0000037C 8D 48 F0                        	LEA	ECX,DWORD [-16+EAX]
   307 0000037F 89 C8                           	MOV	EAX,ECX
   308 00000381 99                              	CDQ
   309 00000382 F7 FF                           	IDIV	EDI
   310 00000384 0F BF 53 06                     	MOVSX	EDX,WORD [6+EBX]
   311 00000388 83 EA 10                        	SUB	EDX,16
   312 0000038B 89 85 FFFFF888                  	MOV	DWORD [-1912+EBP],EAX
   313 00000391 89 D0                           	MOV	EAX,EDX
   314 00000393 6A 00                           	PUSH	0
   315 00000395 99                              	CDQ
   316 00000396 F7 FF                           	IDIV	EDI
   317 00000398 6A 00                           	PUSH	0
   318 0000039A 89 C3                           	MOV	EBX,EAX
   319 0000039C FF B5 FFFFF894                  	PUSH	DWORD [-1900+EBP]
   320 000003A2 E8 [00000000]                   	CALL	_sheet_slide
   321 000003A7 A1 [00000000]                   	MOV	EAX,DWORD [_binfo]
   322 000003AC 83 C4 20                        	ADD	ESP,32
   323 000003AF 0F BF 40 06                     	MOVSX	EAX,WORD [6+EAX]
   324 000003B3 83 E8 32                        	SUB	EAX,50
   325 000003B6 50                              	PUSH	EAX
   326 000003B7 6A 0A                           	PUSH	10
   327 000003B9 56                              	PUSH	ESI
   328 000003BA E8 [00000000]                   	CALL	_sheet_slide
   329 000003BF 53                              	PUSH	EBX
   330 000003C0 FF B5 FFFFF888                  	PUSH	DWORD [-1912+EBP]
   331 000003C6 FF 35 [00000030]                	PUSH	DWORD [_sht_mouse]
   332 000003CC E8 [00000000]                   	CALL	_sheet_slide
   333 000003D1 6A 00                           	PUSH	0
   334 000003D3 6A 00                           	PUSH	0
   335 000003D5 FF 35 [00000038]                	PUSH	DWORD [_sht_win]
   336 000003DB E8 [00000000]                   	CALL	_sheet_slide
   337 000003E0 83 C4 24                        	ADD	ESP,36
   338 000003E3 6A 00                           	PUSH	0
   339 000003E5 FF B5 FFFFF894                  	PUSH	DWORD [-1900+EBP]
   340 000003EB E8 [00000000]                   	CALL	_sheet_updown
   341 000003F0 6A 01                           	PUSH	1
   342 000003F2 FF 35 [00000038]                	PUSH	DWORD [_sht_win]
   343 000003F8 E8 [00000000]                   	CALL	_sheet_updown
   344 000003FD 6A 63                           	PUSH	99
   345 000003FF FF 35 [00000030]                	PUSH	DWORD [_sht_mouse]
   346 00000405 E8 [00000000]                   	CALL	_sheet_updown
   347 0000040A 6A 02                           	PUSH	2
   348 0000040C 56                              	PUSH	ESI
   349 0000040D E8 [00000000]                   	CALL	_sheet_updown
   350 00000412 8B 15 [00000000]                	MOV	EDX,DWORD [_binfo]
   351 00000418 83 C4 20                        	ADD	ESP,32
   352 0000041B 0F BF 42 06                     	MOVSX	EAX,WORD [6+EDX]
   353 0000041F 50                              	PUSH	EAX
   354 00000420 0F BF 42 04                     	MOVSX	EAX,WORD [4+EDX]
   355 00000424 50                              	PUSH	EAX
   356 00000425 6A 00                           	PUSH	0
   357 00000427 6A 00                           	PUSH	0
   358 00000429 FF 35 [00000038]                	PUSH	DWORD [_sht_win]
   359 0000042F E8 [00000000]                   	CALL	_sheet_refresh
   360 00000434 E8 [00000000]                   	CALL	_io_sti
   361 00000439 E8 [00000000]                   	CALL	_init_ide_pci
   362 0000043E 8B 15 [00000000]                	MOV	EDX,DWORD [_binfo]
   363 00000444 0F BF 42 06                     	MOVSX	EAX,WORD [6+EDX]
   364 00000448 50                              	PUSH	EAX
   365 00000449 0F BF 42 04                     	MOVSX	EAX,WORD [4+EDX]
   366 0000044D 50                              	PUSH	EAX
   367 0000044E 6A 00                           	PUSH	0
   368 00000450 6A 00                           	PUSH	0
   369 00000452 FF 35 [00000038]                	PUSH	DWORD [_sht_win]
   370 00000458 E8 [00000000]                   	CALL	_sheet_refresh
   371 0000045D 83 C4 28                        	ADD	ESP,40
   372 00000460                                 L2:
   373 00000460 8D 9D FFFFFF54                  	LEA	EBX,DWORD [-172+EBP]
   374 00000466 53                              	PUSH	EBX
   375 00000467 E8 [00000000]                   	CALL	_fifo32_status
   376 0000046C 5F                              	POP	EDI
   377 0000046D 85 C0                           	TEST	EAX,EAX
   378 0000046F 7E 0D                           	JLE	L5
   379 00000471 83 BD FFFFF890 00               	CMP	DWORD [-1904+EBP],0
   380 00000478 0F 88 000000A2                  	JS	L16
   381 0000047E                                 L5:
   382 0000047E 8D 9D FFFFFF74                  	LEA	EBX,DWORD [-140+EBP]
   383 00000484 53                              	PUSH	EBX
   384 00000485 E8 [00000000]                   	CALL	_fifo32_status
   385 0000048A 5E                              	POP	ESI
   386 0000048B 85 C0                           	TEST	EAX,EAX
   387 0000048D 0F 84 00000083                  	JE	L17
   388 00000493 53                              	PUSH	EBX
   389 00000494 E8 [00000000]                   	CALL	_fifo32_get
   390 00000499 89 C3                           	MOV	EBX,EAX
   391 0000049B E8 [00000000]                   	CALL	_io_sti
   392 000004A0 59                              	POP	ECX
   393 000004A1 8D 83 FFFFFF00                  	LEA	EAX,DWORD [-256+EBX]
   394 000004A7 3D 000000FF                     	CMP	EAX,255
   395 000004AC 77 08                           	JA	L8
   396 000004AE 81 FB 0000017F                  	CMP	EBX,383
   397 000004B4 7E 57                           	JLE	L18
   398 000004B6                                 L8:
   399 000004B6 81 FB 000001FA                  	CMP	EBX,506
   400 000004BC 74 40                           	JE	L19
   401 000004BE 81 FB 000001FE                  	CMP	EBX,510
   402 000004C4 74 24                           	JE	L20
   403 000004C6 8D 83 FFFFFE00                  	LEA	EAX,DWORD [-512+EBX]
   404 000004CC 3D 000000FF                     	CMP	EAX,255
   405 000004D1 77 8D                           	JA	L2
   406 000004D3 53                              	PUSH	EBX
   407 000004D4 8B 85 FFFFF898                  	MOV	EAX,DWORD [-1896+EBP]
   408 000004DA                                 L15:
   409 000004DA 83 C0 10                        	ADD	EAX,16
   410 000004DD 50                              	PUSH	EAX
   411 000004DE E8 [00000000]                   	CALL	_fifo32_put
   412 000004E3                                 L14:
   413 000004E3 58                              	POP	EAX
   414 000004E4 5A                              	POP	EDX
   415 000004E5 E9 FFFFFF76                     	JMP	L2
   416 000004EA                                 L10:
   417 000004EA                                 L20:
   418 000004EA E8 [00000000]                   	CALL	_wait_KBC_sendready
   419 000004EF FF B5 FFFFF890                  	PUSH	DWORD [-1904+EBP]
   420 000004F5 6A 60                           	PUSH	96
   421 000004F7 E8 [00000000]                   	CALL	_io_out8
   422 000004FC EB E5                           	JMP	L14
   423 000004FE                                 L19:
   424 000004FE C7 85 FFFFF890 FFFFFFFF         	MOV	DWORD [-1904+EBP],-1
   425 00000508 E9 FFFFFF53                     	JMP	L2
   426 0000050D                                 L18:
   427 0000050D 53                              	PUSH	EBX
   428 0000050E 8B 85 FFFFF89C                  	MOV	EAX,DWORD [-1892+EBP]
   429 00000514 EB C4                           	JMP	L15
   430 00000516                                 L17:
   431 00000516 E8 [00000000]                   	CALL	_io_sti
   432 0000051B E9 FFFFFF40                     	JMP	L2
   433 00000520                                 L16:
   434 00000520 53                              	PUSH	EBX
   435 00000521 E8 [00000000]                   	CALL	_fifo32_get
   436 00000526 89 85 FFFFF890                  	MOV	DWORD [-1904+EBP],EAX
   437 0000052C E8 [00000000]                   	CALL	_wait_KBC_sendready
   438 00000531 FF B5 FFFFF890                  	PUSH	DWORD [-1904+EBP]
   439 00000537 6A 60                           	PUSH	96
   440 00000539 E8 [00000000]                   	CALL	_io_out8
   441 0000053E 83 C4 0C                        	ADD	ESP,12
   442 00000541 E9 FFFFFF38                     	JMP	L5
   443 00000546                                 	GLOBAL	_sht_mouse
   444                                          [SECTION .data]
   445 0000002E 00 00                           	ALIGNB	4
   446 00000030                                 _sht_mouse:
   447 00000030 00 00 00 00                     	RESB	4
   448 00000034                                 	GLOBAL	_sht_back
   449                                          [SECTION .data]
   450 00000034                                 	ALIGNB	4
   451 00000034                                 _sht_back:
   452 00000034 00 00 00 00                     	RESB	4
   453 00000038                                 	GLOBAL	_sht_win
   454                                          [SECTION .data]
   455 00000038                                 	ALIGNB	4
   456 00000038                                 _sht_win:
   457 00000038 00 00 00 00                     	RESB	4
   458 0000003C                                 	GLOBAL	_hzk_buf
   459                                          [SECTION .data]
   460 0000003C                                 	ALIGNB	4
   461 0000003C                                 _hzk_buf:
   462 0000003C 00 00 00 00                     	RESB	4
   463 00000040                                 	GLOBAL	_chat_buf
   464                                          [SECTION .data]
   465 00000040                                 	ALIGNB	4
   466 00000040                                 _chat_buf:
   467 00000040 00 00 00 00                     	RESB	4
   468 00000044                                 	GLOBAL	_mdec
   469                                          [SECTION .data]
   470 00000044 00 00 00 00 00 00 00 00 00 00   	ALIGNB	16
       0000004E 00 00 
   471 00000050                                 _mdec:
   472 00000050 00 00 00 00 00 00 00 00 00 00   	RESB	16
       0000005A 00 00 00 00 00 00 
