     1 00000000                                 [FORMAT "WCOFF"]
     2 00000000                                 [INSTRSET "i486p"]
     3 00000000                                 [OPTIMIZE 1]
     4 00000000                                 [OPTION 1]
     5 00000000                                 [BITS 32]
     6 00000000                                 	EXTERN	_readfile
     7 00000000                                 	EXTERN	_LZ4_compress_default
     8 00000000                                 	EXTERN	_createfile
     9 00000000                                 	EXTERN	_LZ4_decompress_safe
    10 00000000                                 	EXTERN	_putfonts8_ascAll
    11 00000000                                 	EXTERN	_memget
    12 00000000                                 	EXTERN	_binfo
    13 00000000                                 	EXTERN	_sht_mouse
    14 00000000                                 	EXTERN	_sheet_setbuf
    15 00000000                                 	EXTERN	_sprintf
    16 00000000                                 	EXTERN	_fifo32_status
    17 00000000                                 	EXTERN	_fifo32_get
    18 00000000                                 	EXTERN	_io_sti
    19 00000000                                 	EXTERN	_task_sleep
    20 00000000                                 	EXTERN	_task_now
    21 00000000                                 	EXTERN	_fifo32_init
    22 00000000                                 	EXTERN	_boxfill
    23 00000000                                 	EXTERN	_printhd
    24 00000000                                 	EXTERN	_strstr
    25 00000000                                 	EXTERN	_sheet_refresh
    26 00000000                                 [FILE "console.c"]
    27                                          [SECTION .data]
    28 00000000                                 LC0:
    29 00000000 4D 41 4B 45 2E 42 41 54 00      	DB	"MAKE.BAT",0x00
    30 00000009                                 LC2:
    31 00000009 41 42 43 2E 54 58 54 00         	DB	"ABC.TXT",0x00
    32 00000011                                 LC3:
    33 00000011 43 6F 6D 70 72 65 73 73 69 6F   	DB	"Compression & Decompression: OK!",0x00
       0000001B 6E 20 26 20 44 65 63 6F 6D 70 
       00000025 72 65 73 73 69 6F 6E 3A 20 4F 
       0000002F 4B 21 00 
    34 00000032                                 LC1:
    35 00000032 43 6F 6D 70 72 65 73 73 69 6F   	DB	"Compression failed!",0x00
       0000003C 6E 20 66 61 69 6C 65 64 21 00 
    36                                          [SECTION .text]
    37 00000000                                 	GLOBAL	_test_lz4_compression
    38 00000000                                 _test_lz4_compression:
    39 00000000 55                              	PUSH	EBP
    40 00000001 89 E5                           	MOV	EBP,ESP
    41 00000003 57                              	PUSH	EDI
    42 00000004 56                              	PUSH	ESI
    43 00000005 53                              	PUSH	EBX
    44 00000006 8D 5D 84                        	LEA	EBX,DWORD [-124+EBP]
    45 00000009 81 EC 000000E4                  	SUB	ESP,228
    46 0000000F FF B5 FFFFFF10                  	PUSH	DWORD [-240+EBP]
    47 00000015 68 [00000000]                   	PUSH	LC0
    48 0000001A E8 [00000000]                   	CALL	_readfile
    49 0000001F 6A 64                           	PUSH	100
    50 00000021 6A 04                           	PUSH	4
    51 00000023 53                              	PUSH	EBX
    52 00000024 FF B5 FFFFFF10                  	PUSH	DWORD [-240+EBP]
    53 0000002A E8 [00000000]                   	CALL	_LZ4_compress_default
    54 0000002F 83 C4 18                        	ADD	ESP,24
    55 00000032 89 C6                           	MOV	ESI,EAX
    56 00000034 85 C0                           	TEST	EAX,EAX
    57 00000036 7E 51                           	JLE	L5
    58 00000038 53                              	PUSH	EBX
    59 00000039 8D BD FFFFFF14                  	LEA	EDI,DWORD [-236+EBP]
    60 0000003F 68 [00000009]                   	PUSH	LC2
    61 00000044 E8 [00000000]                   	CALL	_createfile
    62 00000049 6A 64                           	PUSH	100
    63 0000004B 56                              	PUSH	ESI
    64 0000004C 57                              	PUSH	EDI
    65 0000004D 53                              	PUSH	EBX
    66 0000004E E8 [00000000]                   	CALL	_LZ4_decompress_safe
    67 00000053 83 C4 18                        	ADD	ESP,24
    68 00000056 83 F8 04                        	CMP	EAX,4
    69 00000059 74 08                           	JE	L6
    70 0000005B                                 L1:
    71 0000005B 8D 65 F4                        	LEA	ESP,DWORD [-12+EBP]
    72 0000005E 5B                              	POP	EBX
    73 0000005F 5E                              	POP	ESI
    74 00000060 5F                              	POP	EDI
    75 00000061 5D                              	POP	EBP
    76 00000062 C3                              	RET
    77 00000063                                 L6:
    78 00000063 FC                              	CLD
    79 00000064 8B B5 FFFFFF10                  	MOV	ESI,DWORD [-240+EBP]
    80 0000006A B9 00000004                     	MOV	ECX,4
    81 0000006F 83 F8 04                        	CMP	EAX,4
    82 00000072 F3                              	REPE
    83 00000073 A6                              	CMPSB
    84 00000074 75 E5                           	JNE	L1
    85 00000076 68 [00000011]                   	PUSH	LC3
    86 0000007B 6A 64                           	PUSH	100
    87 0000007D 6A 64                           	PUSH	100
    88 0000007F E8 [00000000]                   	CALL	_putfonts8_ascAll
    89 00000084 83 C4 0C                        	ADD	ESP,12
    90 00000087 EB D2                           	JMP	L1
    91 00000089                                 L5:
    92 00000089 68 [00000032]                   	PUSH	LC1
    93 0000008E 6A 64                           	PUSH	100
    94 00000090 6A 64                           	PUSH	100
    95 00000092 E8 [00000000]                   	CALL	_putfonts8_ascAll
    96 00000097 EB C2                           	JMP	L1
    97 00000099                                 	GLOBAL	_displayimage
    98 00000099                                 _displayimage:
    99 00000099 55                              	PUSH	EBP
   100 0000009A 89 E5                           	MOV	EBP,ESP
   101 0000009C 57                              	PUSH	EDI
   102 0000009D 56                              	PUSH	ESI
   103 0000009E 53                              	PUSH	EBX
   104 0000009F 83 EC 20                        	SUB	ESP,32
   105 000000A2 8B 75 08                        	MOV	ESI,DWORD [8+EBP]
   106 000000A5 8B 46 08                        	MOV	EAX,DWORD [8+ESI]
   107 000000A8 8B 7E 04                        	MOV	EDI,DWORD [4+ESI]
   108 000000AB 89 45 F0                        	MOV	DWORD [-16+EBP],EAX
   109 000000AE 80 3E 4C                        	CMP	BYTE [ESI],76
   110 000000B1 74 08                           	JE	L24
   111 000000B3                                 L7:
   112 000000B3 8D 65 F4                        	LEA	ESP,DWORD [-12+EBP]
   113 000000B6 5B                              	POP	EBX
   114 000000B7 5E                              	POP	ESI
   115 000000B8 5F                              	POP	EDI
   116 000000B9 5D                              	POP	EBP
   117 000000BA C3                              	RET
   118 000000BB                                 L24:
   119 000000BB 80 7E 01 5A                     	CMP	BYTE [1+ESI],90
   120 000000BF 75 F2                           	JNE	L7
   121 000000C1 57                              	PUSH	EDI
   122 000000C2 E8 [00000000]                   	CALL	_memget
   123 000000C7 57                              	PUSH	EDI
   124 000000C8 FF 75 F0                        	PUSH	DWORD [-16+EBP]
   125 000000CB 50                              	PUSH	EAX
   126 000000CC 89 C3                           	MOV	EBX,EAX
   127 000000CE 8D 46 0C                        	LEA	EAX,DWORD [12+ESI]
   128 000000D1 50                              	PUSH	EAX
   129 000000D2 8D 7B 04                        	LEA	EDI,DWORD [4+EBX]
   130 000000D5 E8 [00000000]                   	CALL	_LZ4_decompress_safe
   131 000000DA 66 8B 4B 02                     	MOV	CX,WORD [2+EBX]
   132 000000DE 66 8B 13                        	MOV	DX,WORD [EBX]
   133 000000E1 0F B7 C2                        	MOVZX	EAX,DX
   134 000000E4 66 89 55 EE                     	MOV	WORD [-18+EBP],DX
   135 000000E8 89 45 E0                        	MOV	DWORD [-32+EBP],EAX
   136 000000EB 0F B7 D1                        	MOVZX	EDX,CX
   137 000000EE 0F AF C2                        	IMUL	EAX,EDX
   138 000000F1 66 89 4D EC                     	MOV	WORD [-20+EBP],CX
   139 000000F5 50                              	PUSH	EAX
   140 000000F6 89 55 DC                        	MOV	DWORD [-36+EBP],EDX
   141 000000F9 E8 [00000000]                   	CALL	_memget
   142 000000FE C7 45 E8 00000000               	MOV	DWORD [-24+EBP],0
   143 00000105 8B 4D DC                        	MOV	ECX,DWORD [-36+EBP]
   144 00000108 83 C4 18                        	ADD	ESP,24
   145 0000010B 89 45 E4                        	MOV	DWORD [-28+EBP],EAX
   146 0000010E 39 4D E8                        	CMP	DWORD [-24+EBP],ECX
   147 00000111 7D 69                           	JGE	L11
   148 00000113                                 L21:
   149 00000113 A1 [00000000]                   	MOV	EAX,DWORD [_binfo]
   150 00000118 89 45 D8                        	MOV	DWORD [-40+EBP],EAX
   151 0000011B 0F BF 40 06                     	MOVSX	EAX,WORD [6+EAX]
   152 0000011F 39 45 E8                        	CMP	DWORD [-24+EBP],EAX
   153 00000122 7D 58                           	JGE	L11
   154 00000124 31 DB                           	XOR	EBX,EBX
   155 00000126 8B 75 E0                        	MOV	ESI,DWORD [-32+EBP]
   156 00000129 39 F3                           	CMP	EBX,ESI
   157 0000012B 7D 44                           	JGE	L12
   158 0000012D                                 L20:
   159 0000012D 8B 45 E8                        	MOV	EAX,DWORD [-24+EBP]
   160 00000130 8B 55 D8                        	MOV	EDX,DWORD [-40+EBP]
   161 00000133 0F AF C6                        	IMUL	EAX,ESI
   162 00000136 01 D8                           	ADD	EAX,EBX
   163 00000138 6B C8 03                        	IMUL	ECX,EAX,3
   164 0000013B 89 45 D4                        	MOV	DWORD [-44+EBP],EAX
   165 0000013E 0F BF 42 04                     	MOVSX	EAX,WORD [4+EDX]
   166 00000142 39 C3                           	CMP	EBX,EAX
   167 00000144 7D 2B                           	JGE	L12
   168 00000146 0F B6 04 39                     	MOVZX	EAX,BYTE [ECX+EDI*1]
   169 0000014A 0F B6 54 39 01                  	MOVZX	EDX,BYTE [1+ECX+EDI*1]
   170 0000014F C1 E0 10                        	SAL	EAX,16
   171 00000152 43                              	INC	EBX
   172 00000153 C1 E2 08                        	SAL	EDX,8
   173 00000156 0D FF000000                     	OR	EAX,-16777216
   174 0000015B 09 D0                           	OR	EAX,EDX
   175 0000015D 0F B6 54 39 02                  	MOVZX	EDX,BYTE [2+ECX+EDI*1]
   176 00000162 09 D0                           	OR	EAX,EDX
   177 00000164 8B 4D D4                        	MOV	ECX,DWORD [-44+EBP]
   178 00000167 8B 55 E4                        	MOV	EDX,DWORD [-28+EBP]
   179 0000016A 39 F3                           	CMP	EBX,ESI
   180 0000016C 89 04 8A                        	MOV	DWORD [EDX+ECX*4],EAX
   181 0000016F 7C BC                           	JL	L20
   182 00000171                                 L12:
   183 00000171 8B 4D DC                        	MOV	ECX,DWORD [-36+EBP]
   184 00000174 FF 45 E8                        	INC	DWORD [-24+EBP]
   185 00000177 39 4D E8                        	CMP	DWORD [-24+EBP],ECX
   186 0000017A 7C 97                           	JL	L21
   187 0000017C                                 L11:
   188 0000017C 68 00FFFFFF                     	PUSH	16777215
   189 00000181 0F B7 45 EC                     	MOVZX	EAX,WORD [-20+EBP]
   190 00000185 50                              	PUSH	EAX
   191 00000186 0F B7 45 EE                     	MOVZX	EAX,WORD [-18+EBP]
   192 0000018A 50                              	PUSH	EAX
   193 0000018B FF 75 E4                        	PUSH	DWORD [-28+EBP]
   194 0000018E FF 35 [00000000]                	PUSH	DWORD [_sht_mouse]
   195 00000194 E8 [00000000]                   	CALL	_sheet_setbuf
   196 00000199 E9 FFFFFF15                     	JMP	L7
   197                                          [SECTION .data]
   198 00000046                                 LC4:
   199 00000046 74 65 73 74 00                  	DB	"test",0x00
   200 0000004B                                 LC5:
   201 0000004B 66 69 6C 65 6E 61 6D 65 2E 65   	DB	"filename.ext %7d",0x00
       00000055 78 74 20 25 37 64 00 
   202 0000005C                                 LC6:
   203 0000005C 25 37 64 00                     	DB	"%7d",0x00
   204 00000060                                 LC7:
   205 00000060 7C 00                           	DB	"|",0x00
   206                                          [SECTION .text]
   207 0000019E                                 	GLOBAL	_dir
   208 0000019E                                 _dir:
   209 0000019E 55                              	PUSH	EBP
   210 0000019F 89 E5                           	MOV	EBP,ESP
   211 000001A1 57                              	PUSH	EDI
   212 000001A2 56                              	PUSH	ESI
   213 000001A3 31 FF                           	XOR	EDI,EDI
   214 000001A5 53                              	PUSH	EBX
   215 000001A6 BE 00000010                     	MOV	ESI,16
   216 000001AB 83 EC 30                        	SUB	ESP,48
   217 000001AE 31 DB                           	XOR	EBX,EBX
   218 000001B0 68 [00000046]                   	PUSH	LC4
   219 000001B5 6A 00                           	PUSH	0
   220 000001B7 6A 00                           	PUSH	0
   221 000001B9 E8 [00000000]                   	CALL	_putfonts8_ascAll
   222 000001BE 83 C4 0C                        	ADD	ESP,12
   223 000001C1                                 L38:
   224 000001C1 8A 83 00102600                  	MOV	AL,BYTE [1058304+EBX]
   225 000001C7 84 C0                           	TEST	AL,AL
   226 000001C9 74 19                           	JE	L25
   227 000001CB 3C E5                           	CMP	AL,-27
   228 000001CD 74 09                           	JE	L28
   229 000001CF F6 83 0010260B 18               	TEST	BYTE [1058315+EBX],24
   230 000001D6 74 14                           	JE	L42
   231 000001D8                                 L28:
   232 000001D8 47                              	INC	EDI
   233 000001D9 83 C3 20                        	ADD	EBX,32
   234 000001DC 81 FF 000000DF                  	CMP	EDI,223
   235 000001E2 7E DD                           	JLE	L38
   236 000001E4                                 L25:
   237 000001E4 8D 65 F4                        	LEA	ESP,DWORD [-12+EBP]
   238 000001E7 5B                              	POP	EBX
   239 000001E8 5E                              	POP	ESI
   240 000001E9 5F                              	POP	EDI
   241 000001EA 5D                              	POP	EBP
   242 000001EB C3                              	RET
   243 000001EC                                 L42:
   244 000001EC FF B3 0010261C                  	PUSH	DWORD [1058332+EBX]
   245 000001F2 68 [0000004B]                   	PUSH	LC5
   246 000001F7 8D 45 D4                        	LEA	EAX,DWORD [-44+EBP]
   247 000001FA 50                              	PUSH	EAX
   248 000001FB E8 [00000000]                   	CALL	_sprintf
   249 00000200 0F B7 83 0010261A               	MOVZX	EAX,WORD [1058330+EBX]
   250 00000207 50                              	PUSH	EAX
   251 00000208 8D 45 C4                        	LEA	EAX,DWORD [-60+EBP]
   252 0000020B 68 [0000005C]                   	PUSH	LC6
   253 00000210 50                              	PUSH	EAX
   254 00000211 E8 [00000000]                   	CALL	_sprintf
   255 00000216 8D 93 00102600                  	LEA	EDX,DWORD [1058304+EBX]
   256 0000021C 31 C9                           	XOR	ECX,ECX
   257 0000021E 83 C4 18                        	ADD	ESP,24
   258 00000221                                 L37:
   259 00000221 8A 02                           	MOV	AL,BYTE [EDX]
   260 00000223 42                              	INC	EDX
   261 00000224 88 44 0D D4                     	MOV	BYTE [-44+EBP+ECX*1],AL
   262 00000228 41                              	INC	ECX
   263 00000229 83 F9 07                        	CMP	ECX,7
   264 0000022C 7E F3                           	JLE	L37
   265 0000022E 8A 83 00102608                  	MOV	AL,BYTE [1058312+EBX]
   266 00000234 88 45 DD                        	MOV	BYTE [-35+EBP],AL
   267 00000237 8A 83 00102609                  	MOV	AL,BYTE [1058313+EBX]
   268 0000023D 88 45 DE                        	MOV	BYTE [-34+EBP],AL
   269 00000240 8A 83 0010260A                  	MOV	AL,BYTE [1058314+EBX]
   270 00000246 88 45 DF                        	MOV	BYTE [-33+EBP],AL
   271 00000249 B8 [00000060]                   	MOV	EAX,LC7
   272 0000024E 88 45 E0                        	MOV	BYTE [-32+EBP],AL
   273 00000251 8D 45 D4                        	LEA	EAX,DWORD [-44+EBP]
   274 00000254 50                              	PUSH	EAX
   275 00000255 56                              	PUSH	ESI
   276 00000256 6A 00                           	PUSH	0
   277 00000258 E8 [00000000]                   	CALL	_putfonts8_ascAll
   278 0000025D 8D 45 C4                        	LEA	EAX,DWORD [-60+EBP]
   279 00000260 50                              	PUSH	EAX
   280 00000261 56                              	PUSH	ESI
   281 00000262 83 C6 10                        	ADD	ESI,16
   282 00000265 68 000000C8                     	PUSH	200
   283 0000026A E8 [00000000]                   	CALL	_putfonts8_ascAll
   284 0000026F 83 C4 18                        	ADD	ESP,24
   285 00000272 E9 FFFFFF61                     	JMP	L28
   286                                          [SECTION .data]
   287 00000062                                 LC8:
   288 00000062 25 30 32 58 00                  	DB	"%02X",0x00
   289                                          [SECTION .text]
   290 00000277                                 	GLOBAL	_execute_bf2
   291 00000277                                 _execute_bf2:
   292 00000277 55                              	PUSH	EBP
   293 00000278 89 E5                           	MOV	EBP,ESP
   294 0000027A 57                              	PUSH	EDI
   295 0000027B 56                              	PUSH	ESI
   296 0000027C 31 FF                           	XOR	EDI,EDI
   297 0000027E 53                              	PUSH	EBX
   298 0000027F 31 F6                           	XOR	ESI,ESI
   299 00000281 81 EC 00000418                  	SUB	ESP,1048
   300 00000287 C7 85 FFFFFBE0 00000096         	MOV	DWORD [-1056+EBP],150
   301 00000291 C7 85 FFFFFBDC 00000001         	MOV	DWORD [-1060+EBP],1
   302 0000029B                                 L57:
   303 0000029B 8B 55 08                        	MOV	EDX,DWORD [8+EBP]
   304 0000029E 0F BE 04 16                     	MOVSX	EAX,BYTE [ESI+EDX*1]
   305 000002A2 83 F8 06                        	CMP	EAX,6
   306 000002A5 77 18                           	JA	L47
   307 000002A7 FF 24 85 [00000068]             	JMP	DWORD [L55+EAX*4]
   308                                          [SECTION .data]
   309 00000067 00                              	ALIGNB	4
   310 00000068                                 L55:
   311 00000068 [000002AE]                      	DD	L48
   312 0000006C [000002D1]                      	DD	L49
   313 00000070 [000002D4]                      	DD	L50
   314 00000074 [000002E5]                      	DD	L51
   315 00000078 [000002F6]                      	DD	L52
   316 0000007C [00000328]                      	DD	L53
   317 00000080 [00000334]                      	DD	L54
   318                                          [SECTION .text]
   319 000002AE                                 L48:
   320 000002AE 8B 55 08                        	MOV	EDX,DWORD [8+EBP]
   321 000002B1 0F BE 44 16 01                  	MOVSX	EAX,BYTE [1+ESI+EDX*1]
   322 000002B6 89 84 BD FFFFFBF4               	MOV	DWORD [-1036+EBP+EDI*4],EAX
   323 000002BD 47                              	INC	EDI
   324 000002BE                                 L60:
   325 000002BE 46                              	INC	ESI
   326 000002BF                                 L47:
   327 000002BF 46                              	INC	ESI
   328 000002C0 83 BD FFFFFBDC 00               	CMP	DWORD [-1060+EBP],0
   329 000002C7 75 D2                           	JNE	L57
   330 000002C9 8D 65 F4                        	LEA	ESP,DWORD [-12+EBP]
   331 000002CC 5B                              	POP	EBX
   332 000002CD 5E                              	POP	ESI
   333 000002CE 5F                              	POP	EDI
   334 000002CF 5D                              	POP	EBP
   335 000002D0 C3                              	RET
   336 000002D1                                 L49:
   337 000002D1 4F                              	DEC	EDI
   338 000002D2 EB EB                           	JMP	L47
   339 000002D4                                 L50:
   340 000002D4 8B 55 08                        	MOV	EDX,DWORD [8+EBP]
   341 000002D7 0F BE 44 16 01                  	MOVSX	EAX,BYTE [1+ESI+EDX*1]
   342 000002DC 01 84 BD FFFFFBF4               	ADD	DWORD [-1036+EBP+EDI*4],EAX
   343 000002E3 EB D9                           	JMP	L60
   344 000002E5                                 L51:
   345 000002E5 8B 55 08                        	MOV	EDX,DWORD [8+EBP]
   346 000002E8 0F BE 44 16 01                  	MOVSX	EAX,BYTE [1+ESI+EDX*1]
   347 000002ED 29 84 BD FFFFFBF4               	SUB	DWORD [-1036+EBP+EDI*4],EAX
   348 000002F4 EB C8                           	JMP	L60
   349 000002F6                                 L52:
   350 000002F6 FF B4 BD FFFFFBF4               	PUSH	DWORD [-1036+EBP+EDI*4]
   351 000002FD 68 [00000062]                   	PUSH	LC8
   352 00000302 8D 9D FFFFFBE4                  	LEA	EBX,DWORD [-1052+EBP]
   353 00000308 53                              	PUSH	EBX
   354 00000309 E8 [00000000]                   	CALL	_sprintf
   355 0000030E 53                              	PUSH	EBX
   356 0000030F 6A 64                           	PUSH	100
   357 00000311 FF B5 FFFFFBE0                  	PUSH	DWORD [-1056+EBP]
   358 00000317 E8 [00000000]                   	CALL	_putfonts8_ascAll
   359 0000031C 83 C4 18                        	ADD	ESP,24
   360 0000031F 83 85 FFFFFBE0 08               	ADD	DWORD [-1056+EBP],8
   361 00000326 EB 97                           	JMP	L47
   362 00000328                                 L53:
   363 00000328 C7 85 FFFFFBDC 00000000         	MOV	DWORD [-1060+EBP],0
   364 00000332 EB 8B                           	JMP	L47
   365 00000334                                 L54:
   366 00000334 8B 45 08                        	MOV	EAX,DWORD [8+EBP]
   367 00000337 0F BE 74 06 01                  	MOVSX	ESI,BYTE [1+ESI+EAX*1]
   368 0000033C E9 FFFFFF7D                     	JMP	L60
   369                                          [SECTION .data]
   370 00000084                                 _memory:
   371 00000084 00                              	DB	0
   372 00000085 00 00 00 00 00 00 00 00 00 00   	RESB	999
       0000008F 00 00 00 00 00 00 00 00 00 00 
       00000099 00 00 00 00 00 00 00 00 00 00 
       000000A3 00 00 00 00 00 00 00 00 00 00 
       000000AD 00 00 00 00 00 00 00 00 00 00 
       000000B7 00 00 00 00 00 00 00 00 00 00 
       000000C1 00 00 00 00 00 00 00 00 00 00 
       000000CB 00 00 00 00 00 00 00 00 00 00 
       000000D5 00 00 00 00 00 00 00 00 00 00 
       000000DF 00 00 00 00 00 00 00 00 00 00 
       000000E9 00 00 00 00 00 00 00 00 00 00 
       000000F3 00 00 00 00 00 00 00 00 00 00 
       000000FD 00 00 00 00 00 00 00 00 00 00 
       00000107 00 00 00 00 00 00 00 00 00 00 
       00000111 00 00 00 00 00 00 00 00 00 00 
       0000011B 00 00 00 00 00 00 00 00 00 00 
       00000125 00 00 00 00 00 00 00 00 00 00 
       0000012F 00 00 00 00 00 00 00 00 00 00 
       00000139 00 00 00 00 00 00 00 00 00 00 
       00000143 00 00 00 00 00 00 00 00 00 00 
       0000014D 00 00 00 00 00 00 00 00 00 00 
       00000157 00 00 00 00 00 00 00 00 00 00 
       00000161 00 00 00 00 00 00 00 00 00 00 
       0000016B 00 00 00 00 00 00 00 00 00 00 
       00000175 00 00 00 00 00 00 00 00 00 00 
       0000017F 00 00 00 00 00 00 00 00 00 00 
       00000189 00 00 00 00 00 00 00 00 00 00 
       00000193 00 00 00 00 00 00 00 00 00 00 
       0000019D 00 00 00 00 00 00 00 00 00 00 
       000001A7 00 00 00 00 00 00 00 00 00 00 
       000001B1 00 00 00 00 00 00 00 00 00 00 
       000001BB 00 00 00 00 00 00 00 00 00 00 
       000001C5 00 00 00 00 00 00 00 00 00 00 
       000001CF 00 00 00 00 00 00 00 00 00 00 
       000001D9 00 00 00 00 00 00 00 00 00 00 
       000001E3 00 00 00 00 00 00 00 00 00 00 
       000001ED 00 00 00 00 00 00 00 00 00 00 
       000001F7 00 00 00 00 00 00 00 00 00 00 
       00000201 00 00 00 00 00 00 00 00 00 00 
       0000020B 00 00 00 00 00 00 00 00 00 00 
       00000215 00 00 00 00 00 00 00 00 00 00 
       0000021F 00 00 00 00 00 00 00 00 00 00 
       00000229 00 00 00 00 00 00 00 00 00 00 
       00000233 00 00 00 00 00 00 00 00 00 00 
       0000023D 00 00 00 00 00 00 00 00 00 00 
       00000247 00 00 00 00 00 00 00 00 00 00 
       00000251 00 00 00 00 00 00 00 00 00 00 
       0000025B 00 00 00 00 00 00 00 00 00 00 
       00000265 00 00 00 00 00 00 00 00 00 00 
       0000026F 00 00 00 00 00 00 00 00 00 00 
       00000279 00 00 00 00 00 00 00 00 00 00 
       00000283 00 00 00 00 00 00 00 00 00 00 
       0000028D 00 00 00 00 00 00 00 00 00 00 
       00000297 00 00 00 00 00 00 00 00 00 00 
       000002A1 00 00 00 00 00 00 00 00 00 00 
       000002AB 00 00 00 00 00 00 00 00 00 00 
       000002B5 00 00 00 00 00 00 00 00 00 00 
       000002BF 00 00 00 00 00 00 00 00 00 00 
       000002C9 00 00 00 00 00 00 00 00 00 00 
       000002D3 00 00 00 00 00 00 00 00 00 00 
       000002DD 00 00 00 00 00 00 00 00 00 00 
       000002E7 00 00 00 00 00 00 00 00 00 00 
       000002F1 00 00 00 00 00 00 00 00 00 00 
       000002FB 00 00 00 00 00 00 00 00 00 00 
       00000305 00 00 00 00 00 00 00 00 00 00 
       0000030F 00 00 00 00 00 00 00 00 00 00 
       00000319 00 00 00 00 00 00 00 00 00 00 
       00000323 00 00 00 00 00 00 00 00 00 00 
       0000032D 00 00 00 00 00 00 00 00 00 00 
       00000337 00 00 00 00 00 00 00 00 00 00 
       00000341 00 00 00 00 00 00 00 00 00 00 
       0000034B 00 00 00 00 00 00 00 00 00 00 
       00000355 00 00 00 00 00 00 00 00 00 00 
       0000035F 00 00 00 00 00 00 00 00 00 00 
       00000369 00 00 00 00 00 00 00 00 00 00 
       00000373 00 00 00 00 00 00 00 00 00 00 
       0000037D 00 00 00 00 00 00 00 00 00 00 
       00000387 00 00 00 00 00 00 00 00 00 00 
       00000391 00 00 00 00 00 00 00 00 00 00 
       0000039B 00 00 00 00 00 00 00 00 00 00 
       000003A5 00 00 00 00 00 00 00 00 00 00 
       000003AF 00 00 00 00 00 00 00 00 00 00 
       000003B9 00 00 00 00 00 00 00 00 00 00 
       000003C3 00 00 00 00 00 00 00 00 00 00 
       000003CD 00 00 00 00 00 00 00 00 00 00 
       000003D7 00 00 00 00 00 00 00 00 00 00 
       000003E1 00 00 00 00 00 00 00 00 00 00 
       000003EB 00 00 00 00 00 00 00 00 00 00 
       000003F5 00 00 00 00 00 00 00 00 00 00 
       000003FF 00 00 00 00 00 00 00 00 00 00 
       00000409 00 00 00 00 00 00 00 00 00 00 
       00000413 00 00 00 00 00 00 00 00 00 00 
       0000041D 00 00 00 00 00 00 00 00 00 00 
       00000427 00 00 00 00 00 00 00 00 00 00 
       00000431 00 00 00 00 00 00 00 00 00 00 
       0000043B 00 00 00 00 00 00 00 00 00 00 
       00000445 00 00 00 00 00 00 00 00 00 00 
       0000044F 00 00 00 00 00 00 00 00 00 00 
       00000459 00 00 00 00 00 00 00 00 00 00 
       00000463 00 00 00 00 00 00 00 00 00 
   373 0000046C                                 LC9:
   374 0000046C 43 20 70 72 6F 67 72 61 6D 6D   	DB	"C programming",0x00
       00000476 69 6E 67 00 
   375 0000047A 00 00 00 00 00 00               	RESB	6
   376 00000480                                 LC10:
   377 00000480 41 42 43 44 2E 54 58 54 00      	DB	"ABCD.TXT",0x00
   378                                          [SECTION .text]
   379 00000341                                 	GLOBAL	_execute_bf
   380 00000341                                 _execute_bf:
   381 00000341 55                              	PUSH	EBP
   382 00000342 B9 0000000E                     	MOV	ECX,14
   383 00000347 89 E5                           	MOV	EBP,ESP
   384 00000349 57                              	PUSH	EDI
   385 0000034A 56                              	PUSH	ESI
   386 0000034B BE [0000046C]                   	MOV	ESI,LC9
   387 00000350 53                              	PUSH	EBX
   388 00000351 8D 7D D4                        	LEA	EDI,DWORD [-44+EBP]
   389 00000354 83 EC 5C                        	SUB	ESP,92
   390 00000357 FC                              	CLD
   391 00000358 8B 45 08                        	MOV	EAX,DWORD [8+EBP]
   392 0000035B C7 45 A0 [00000084]             	MOV	DWORD [-96+EBP],_memory
   393 00000362 89 45 9C                        	MOV	DWORD [-100+EBP],EAX
   394 00000365 C7 45 98 0000006E               	MOV	DWORD [-104+EBP],110
   395 0000036C F3                              	REP
   396 0000036D A4                              	MOVSB
   397 0000036E C7 45 E2 00000000               	MOV	DWORD [-30+EBP],0
   398 00000375 66 C7 45 E6 0000                	MOV	WORD [-26+EBP],0
   399 0000037B 31 F6                           	XOR	ESI,ESI
   400 0000037D 31 FF                           	XOR	EDI,EDI
   401 0000037F 80 38 00                        	CMP	BYTE [EAX],0
   402 00000382 74 2F                           	JE	L107
   403 00000384                                 L105:
   404 00000384 8B 55 9C                        	MOV	EDX,DWORD [-100+EBP]
   405 00000387 0F BE 02                        	MOVSX	EAX,BYTE [EDX]
   406 0000038A 83 E8 21                        	SUB	EAX,33
   407 0000038D 83 F8 3E                        	CMP	EAX,62
   408 00000390 77 16                           	JA	L65
   409 00000392 FF 24 85 [0000048C]             	JMP	DWORD [L104+EAX*4]
   410                                          [SECTION .data]
   411 00000489 00 00 00                        	ALIGNB	4
   412 0000048C                                 L104:
   413 0000048C [000003BB]                      	DD	L73
   414 00000490 [000003A8]                      	DD	L65
   415 00000494 [000003C3]                      	DD	L74
   416 00000498 [000003A8]                      	DD	L65
   417 0000049C [000003A8]                      	DD	L65
   418 000004A0 [000003A8]                      	DD	L65
   419 000004A4 [000003A8]                      	DD	L65
   420 000004A8 [000003A8]                      	DD	L65
   421 000004AC [000003A8]                      	DD	L65
   422 000004B0 [000003A8]                      	DD	L65
   423 000004B4 [000003CC]                      	DD	L69
   424 000004B8 [000003D3]                      	DD	L97
   425 000004BC [00000417]                      	DD	L71
   426 000004C0 [0000041E]                      	DD	L76
   427 000004C4 [00000399]                      	DD	L66
   428 000004C8 [000003A8]                      	DD	L65
   429 000004CC [000003A8]                      	DD	L65
   430 000004D0 [000003A8]                      	DD	L65
   431 000004D4 [000003A8]                      	DD	L65
   432 000004D8 [000003A8]                      	DD	L65
   433 000004DC [000003A8]                      	DD	L65
   434 000004E0 [000003A8]                      	DD	L65
   435 000004E4 [000003A8]                      	DD	L65
   436 000004E8 [000003A8]                      	DD	L65
   437 000004EC [000003A8]                      	DD	L65
   438 000004F0 [000003A8]                      	DD	L65
   439 000004F4 [000003A8]                      	DD	L65
   440 000004F8 [00000437]                      	DD	L68
   441 000004FC [00000440]                      	DD	L70
   442 00000500 [0000044B]                      	DD	L67
   443 00000504 [000003A8]                      	DD	L65
   444 00000508 [00000454]                      	DD	L75
   445 0000050C [000003A8]                      	DD	L65
   446 00000510 [000003A8]                      	DD	L65
   447 00000514 [000003A8]                      	DD	L65
   448 00000518 [000003A8]                      	DD	L65
   449 0000051C [000003A8]                      	DD	L65
   450 00000520 [000003A8]                      	DD	L65
   451 00000524 [000003A8]                      	DD	L65
   452 00000528 [000003A8]                      	DD	L65
   453 0000052C [000003A8]                      	DD	L65
   454 00000530 [000003A8]                      	DD	L65
   455 00000534 [000003A8]                      	DD	L65
   456 00000538 [000003A8]                      	DD	L65
   457 0000053C [000003A8]                      	DD	L65
   458 00000540 [000003A8]                      	DD	L65
   459 00000544 [000003A8]                      	DD	L65
   460 00000548 [000003A8]                      	DD	L65
   461 0000054C [000003A8]                      	DD	L65
   462 00000550 [000003A8]                      	DD	L65
   463 00000554 [000003A8]                      	DD	L65
   464 00000558 [000003A8]                      	DD	L65
   465 0000055C [000003A8]                      	DD	L65
   466 00000560 [000003A8]                      	DD	L65
   467 00000564 [000003A8]                      	DD	L65
   468 00000568 [000003A8]                      	DD	L65
   469 0000056C [000003A8]                      	DD	L65
   470 00000570 [000003A8]                      	DD	L65
   471 00000574 [0000047B]                      	DD	L77
   472 00000578 [000003A8]                      	DD	L65
   473 0000057C [000004A9]                      	DD	L86
   474 00000580 [000003A8]                      	DD	L65
   475 00000584 [000004DB]                      	DD	L72
   476                                          [SECTION .text]
   477 00000399                                 L66:
   478 00000399 FF 75 A0                        	PUSH	DWORD [-96+EBP]
   479 0000039C 68 [00000480]                   	PUSH	LC10
   480 000003A1 E8 [00000000]                   	CALL	_createfile
   481 000003A6 59                              	POP	ECX
   482 000003A7 5B                              	POP	EBX
   483 000003A8                                 L65:
   484 000003A8 FF 45 9C                        	INC	DWORD [-100+EBP]
   485 000003AB 8B 45 9C                        	MOV	EAX,DWORD [-100+EBP]
   486 000003AE 80 38 00                        	CMP	BYTE [EAX],0
   487 000003B1 75 D1                           	JNE	L105
   488 000003B3                                 L107:
   489 000003B3 8D 65 F4                        	LEA	ESP,DWORD [-12+EBP]
   490 000003B6 5B                              	POP	EBX
   491 000003B7 5E                              	POP	ESI
   492 000003B8 5F                              	POP	EDI
   493 000003B9 5D                              	POP	EBP
   494 000003BA C3                              	RET
   495 000003BB                                 L73:
   496 000003BB 8B 45 A0                        	MOV	EAX,DWORD [-96+EBP]
   497 000003BE 0F B6 30                        	MOVZX	ESI,BYTE [EAX]
   498 000003C1 EB E5                           	JMP	L65
   499 000003C3                                 L74:
   500 000003C3 C7 45 A0 [00000084]             	MOV	DWORD [-96+EBP],_memory
   501 000003CA EB DC                           	JMP	L65
   502 000003CC                                 L69:
   503 000003CC 8B 4D A0                        	MOV	ECX,DWORD [-96+EBP]
   504 000003CF FE 01                           	INC	BYTE [ECX]
   505 000003D1 EB D5                           	JMP	L65
   506 000003D3                                 L97:
   507 000003D3 8B 5D 0C                        	MOV	EBX,DWORD [12+EBP]
   508 000003D6 83 C3 10                        	ADD	EBX,16
   509 000003D9 53                              	PUSH	EBX
   510 000003DA E8 [00000000]                   	CALL	_fifo32_status
   511 000003DF 5A                              	POP	EDX
   512 000003E0 85 C0                           	TEST	EAX,EAX
   513 000003E2 74 23                           	JE	L110
   514 000003E4 53                              	PUSH	EBX
   515 000003E5 E8 [00000000]                   	CALL	_fifo32_get
   516 000003EA 89 C3                           	MOV	EBX,EAX
   517 000003EC E8 [00000000]                   	CALL	_io_sti
   518 000003F1 8B 55 10                        	MOV	EDX,DWORD [16+EBP]
   519 000003F4 8A 84 13 FFFFFF00               	MOV	AL,BYTE [-256+EBX+EDX*1]
   520 000003FB 5A                              	POP	EDX
   521 000003FC 84 C0                           	TEST	AL,AL
   522 000003FE 74 D3                           	JE	L97
   523 00000400 8B 4D A0                        	MOV	ECX,DWORD [-96+EBP]
   524 00000403 88 01                           	MOV	BYTE [ECX],AL
   525 00000405 EB A1                           	JMP	L65
   526 00000407                                 L110:
   527 00000407 FF 75 0C                        	PUSH	DWORD [12+EBP]
   528 0000040A E8 [00000000]                   	CALL	_task_sleep
   529 0000040F E8 [00000000]                   	CALL	_io_sti
   530 00000414 59                              	POP	ECX
   531 00000415 EB BC                           	JMP	L97
   532 00000417                                 L71:
   533 00000417 8B 55 A0                        	MOV	EDX,DWORD [-96+EBP]
   534 0000041A FE 0A                           	DEC	BYTE [EDX]
   535 0000041C EB 8A                           	JMP	L65
   536 0000041E                                 L76:
   537 0000041E FF 75 A0                        	PUSH	DWORD [-96+EBP]
   538 00000421 6A 3C                           	PUSH	60
   539 00000423 FF 75 98                        	PUSH	DWORD [-104+EBP]
   540 00000426 E8 [00000000]                   	CALL	_putfonts8_ascAll
   541 0000042B 83 C4 0C                        	ADD	ESP,12
   542 0000042E 83 45 98 08                     	ADD	DWORD [-104+EBP],8
   543 00000432 E9 FFFFFF71                     	JMP	L65
   544 00000437                                 L68:
   545 00000437 FF 4D A0                        	DEC	DWORD [-96+EBP]
   546 0000043A 4F                              	DEC	EDI
   547 0000043B E9 FFFFFF68                     	JMP	L65
   548 00000440                                 L70:
   549 00000440 8B 45 A0                        	MOV	EAX,DWORD [-96+EBP]
   550 00000443 80 00 0A                        	ADD	BYTE [EAX],10
   551 00000446 E9 FFFFFF5D                     	JMP	L65
   552 0000044B                                 L67:
   553 0000044B FF 45 A0                        	INC	DWORD [-96+EBP]
   554 0000044E 47                              	INC	EDI
   555 0000044F E9 FFFFFF54                     	JMP	L65
   556 00000454                                 L75:
   557 00000454 89 FA                           	MOV	EDX,EDI
   558 00000456 8D 5D A4                        	LEA	EBX,DWORD [-92+EBP]
   559 00000459 0F BE C2                        	MOVSX	EAX,DL
   560 0000045C 50                              	PUSH	EAX
   561 0000045D 68 [00000062]                   	PUSH	LC8
   562 00000462 53                              	PUSH	EBX
   563 00000463 E8 [00000000]                   	CALL	_sprintf
   564 00000468 53                              	PUSH	EBX
   565 00000469 6A 4C                           	PUSH	76
   566 0000046B FF 75 98                        	PUSH	DWORD [-104+EBP]
   567 0000046E E8 [00000000]                   	CALL	_putfonts8_ascAll
   568 00000473 83 C4 18                        	ADD	ESP,24
   569 00000476 E9 FFFFFF2D                     	JMP	L65
   570 0000047B                                 L77:
   571 0000047B 89 F1                           	MOV	ECX,ESI
   572 0000047D 84 C9                           	TEST	CL,CL
   573 0000047F 0F 8F FFFFFF23                  	JG	L65
   574 00000485 BA 00000001                     	MOV	EDX,1
   575 0000048A                                 L85:
   576 0000048A FF 45 9C                        	INC	DWORD [-100+EBP]
   577 0000048D 8B 4D 9C                        	MOV	ECX,DWORD [-100+EBP]
   578 00000490 8A 01                           	MOV	AL,BYTE [ECX]
   579 00000492 3C 5B                           	CMP	AL,91
   580 00000494 74 10                           	JE	L111
   581 00000496 3C 5D                           	CMP	AL,93
   582 00000498 74 09                           	JE	L112
   583 0000049A                                 L79:
   584 0000049A 85 D2                           	TEST	EDX,EDX
   585 0000049C 7F EC                           	JG	L85
   586 0000049E E9 FFFFFF05                     	JMP	L65
   587 000004A3                                 L112:
   588 000004A3 4A                              	DEC	EDX
   589 000004A4 EB F4                           	JMP	L79
   590 000004A6                                 L111:
   591 000004A6 42                              	INC	EDX
   592 000004A7 EB F1                           	JMP	L79
   593 000004A9                                 L86:
   594 000004A9 89 F0                           	MOV	EAX,ESI
   595 000004AB FE C8                           	DEC	AL
   596 000004AD 7E 25                           	JLE	L87
   597 000004AF 4E                              	DEC	ESI
   598 000004B0 BA 00000001                     	MOV	EDX,1
   599 000004B5                                 L94:
   600 000004B5 FF 4D 9C                        	DEC	DWORD [-100+EBP]
   601 000004B8 8B 4D 9C                        	MOV	ECX,DWORD [-100+EBP]
   602 000004BB 8A 01                           	MOV	AL,BYTE [ECX]
   603 000004BD 3C 5D                           	CMP	AL,93
   604 000004BF 74 10                           	JE	L113
   605 000004C1 3C 5B                           	CMP	AL,91
   606 000004C3 74 09                           	JE	L114
   607 000004C5                                 L88:
   608 000004C5 85 D2                           	TEST	EDX,EDX
   609 000004C7 7F EC                           	JG	L94
   610 000004C9 E9 FFFFFEDA                     	JMP	L65
   611 000004CE                                 L114:
   612 000004CE 4A                              	DEC	EDX
   613 000004CF EB F4                           	JMP	L88
   614 000004D1                                 L113:
   615 000004D1 42                              	INC	EDX
   616 000004D2 EB F1                           	JMP	L88
   617 000004D4                                 L87:
   618 000004D4 31 F6                           	XOR	ESI,ESI
   619 000004D6 E9 FFFFFECD                     	JMP	L65
   620 000004DB                                 L72:
   621 000004DB 8B 4D A0                        	MOV	ECX,DWORD [-96+EBP]
   622 000004DE 80 29 0A                        	SUB	BYTE [ECX],10
   623 000004E1 E9 FFFFFEC2                     	JMP	L65
   624                                          [SECTION .data]
   625 00000588                                 _keytable0.0:
   626 00000588 00                              	DB	0
   627 00000589 00                              	DB	0
   628 0000058A 31                              	DB	49
   629 0000058B 32                              	DB	50
   630 0000058C 33                              	DB	51
   631 0000058D 34                              	DB	52
   632 0000058E 35                              	DB	53
   633 0000058F 36                              	DB	54
   634 00000590 37                              	DB	55
   635 00000591 38                              	DB	56
   636 00000592 39                              	DB	57
   637 00000593 30                              	DB	48
   638 00000594 2D                              	DB	45
   639 00000595 5E                              	DB	94
   640 00000596 00                              	DB	0
   641 00000597 00                              	DB	0
   642 00000598 51                              	DB	81
   643 00000599 57                              	DB	87
   644 0000059A 45                              	DB	69
   645 0000059B 52                              	DB	82
   646 0000059C 54                              	DB	84
   647 0000059D 59                              	DB	89
   648 0000059E 55                              	DB	85
   649 0000059F 49                              	DB	73
   650 000005A0 4F                              	DB	79
   651 000005A1 50                              	DB	80
   652 000005A2 40                              	DB	64
   653 000005A3 5B                              	DB	91
   654 000005A4 00                              	DB	0
   655 000005A5 00                              	DB	0
   656 000005A6 41                              	DB	65
   657 000005A7 53                              	DB	83
   658 000005A8 44                              	DB	68
   659 000005A9 46                              	DB	70
   660 000005AA 47                              	DB	71
   661 000005AB 48                              	DB	72
   662 000005AC 4A                              	DB	74
   663 000005AD 4B                              	DB	75
   664 000005AE 4C                              	DB	76
   665 000005AF 3B                              	DB	59
   666 000005B0 3A                              	DB	58
   667 000005B1 00                              	DB	0
   668 000005B2 00                              	DB	0
   669 000005B3 5D                              	DB	93
   670 000005B4 5A                              	DB	90
   671 000005B5 58                              	DB	88
   672 000005B6 43                              	DB	67
   673 000005B7 56                              	DB	86
   674 000005B8 42                              	DB	66
   675 000005B9 4E                              	DB	78
   676 000005BA 4D                              	DB	77
   677 000005BB 2C                              	DB	44
   678 000005BC 2E                              	DB	46
   679 000005BD 2F                              	DB	47
   680 000005BE 00                              	DB	0
   681 000005BF 2A                              	DB	42
   682 000005C0 00                              	DB	0
   683 000005C1 20                              	DB	32
   684 000005C2 00                              	DB	0
   685 000005C3 00                              	DB	0
   686 000005C4 00                              	DB	0
   687 000005C5 00                              	DB	0
   688 000005C6 00                              	DB	0
   689 000005C7 00                              	DB	0
   690 000005C8 00                              	DB	0
   691 000005C9 00                              	DB	0
   692 000005CA 00                              	DB	0
   693 000005CB 00                              	DB	0
   694 000005CC 00                              	DB	0
   695 000005CD 00                              	DB	0
   696 000005CE 00                              	DB	0
   697 000005CF 37                              	DB	55
   698 000005D0 38                              	DB	56
   699 000005D1 39                              	DB	57
   700 000005D2 2D                              	DB	45
   701 000005D3 34                              	DB	52
   702 000005D4 35                              	DB	53
   703 000005D5 36                              	DB	54
   704 000005D6 2B                              	DB	43
   705 000005D7 31                              	DB	49
   706 000005D8 32                              	DB	50
   707 000005D9 33                              	DB	51
   708 000005DA 30                              	DB	48
   709 000005DB 2E                              	DB	46
   710 000005DC 00                              	DB	0
   711 000005DD 00                              	DB	0
   712 000005DE 00                              	DB	0
   713 000005DF 00                              	DB	0
   714 000005E0 00                              	DB	0
   715 000005E1 00                              	DB	0
   716 000005E2 00                              	DB	0
   717 000005E3 00                              	DB	0
   718 000005E4 00                              	DB	0
   719 000005E5 00                              	DB	0
   720 000005E6 00                              	DB	0
   721 000005E7 00                              	DB	0
   722 000005E8 00                              	DB	0
   723 000005E9 00                              	DB	0
   724 000005EA 00                              	DB	0
   725 000005EB 00                              	DB	0
   726 000005EC 00                              	DB	0
   727 000005ED 00                              	DB	0
   728 000005EE 00                              	DB	0
   729 000005EF 00                              	DB	0
   730 000005F0 00                              	DB	0
   731 000005F1 00                              	DB	0
   732 000005F2 00                              	DB	0
   733 000005F3 00                              	DB	0
   734 000005F4 00                              	DB	0
   735 000005F5 00                              	DB	0
   736 000005F6 00                              	DB	0
   737 000005F7 00                              	DB	0
   738 000005F8 00                              	DB	0
   739 000005F9 00                              	DB	0
   740 000005FA 00                              	DB	0
   741 000005FB 5C                              	DB	92
   742 000005FC 00                              	DB	0
   743 000005FD 00                              	DB	0
   744 000005FE 00                              	DB	0
   745 000005FF 00                              	DB	0
   746 00000600 00                              	DB	0
   747 00000601 00                              	DB	0
   748 00000602 00                              	DB	0
   749 00000603 00                              	DB	0
   750 00000604 00                              	DB	0
   751 00000605 5C                              	DB	92
   752 00000606 00                              	DB	0
   753 00000607 00                              	DB	0
   754 00000608                                 LC11:
   755 00000608 63 6F 6E 73 6F 6C 65 00         	DB	"console",0x00
   756 00000610                                 LC12:
   757 00000610 44 49 52 00                     	DB	"DIR",0x00
   758 00000614                                 LC13:
   759 00000614 52 00                           	DB	"R",0x00
   760 00000616                                 LC14:
   761 00000616 25 64 00                        	DB	"%d",0x00
   762 00000619                                 LC15:
   763 00000619 46 00                           	DB	"F",0x00
   764 0000061B                                 LC16:
   765 0000061B 46 41 00                        	DB	"FA",0x00
   766 0000061E                                 LC17:
   767 0000061E 25 73 00                        	DB	"%s",0x00
   768 00000621                                 LC18:
   769 00000621 20 54 4F 20 00                  	DB	" TO ",0x00
   770 00000626                                 LC19:
   771 00000626 52 45 41 44 20 00               	DB	"READ ",0x00
   772                                          [SECTION .text]
   773 000004E6                                 	GLOBAL	_myconsole
   774 000004E6                                 _myconsole:
   775 000004E6 55                              	PUSH	EBP
   776 000004E7 89 E5                           	MOV	EBP,ESP
   777 000004E9 57                              	PUSH	EDI
   778 000004EA 56                              	PUSH	ESI
   779 000004EB 31 FF                           	XOR	EDI,EDI
   780 000004ED 53                              	PUSH	EBX
   781 000004EE 31 F6                           	XOR	ESI,ESI
   782 000004F0 81 EC 00000508                  	SUB	ESP,1288
   783 000004F6 68 [00000608]                   	PUSH	LC11
   784 000004FB 6A 00                           	PUSH	0
   785 000004FD 6A 00                           	PUSH	0
   786 000004FF E8 [00000000]                   	CALL	_putfonts8_ascAll
   787 00000504 C7 85 FFFFFAF0 00000010         	MOV	DWORD [-1296+EBP],16
   788 0000050E E8 [00000000]                   	CALL	_task_now
   789 00000513 50                              	PUSH	EAX
   790 00000514 89 85 FFFFFAEC                  	MOV	DWORD [-1300+EBP],EAX
   791 0000051A 8D 85 FFFFFD64                  	LEA	EAX,DWORD [-668+EBP]
   792 00000520 50                              	PUSH	EAX
   793 00000521 8B 85 FFFFFAEC                  	MOV	EAX,DWORD [-1300+EBP]
   794 00000527 68 00000080                     	PUSH	128
   795 0000052C 83 C0 10                        	ADD	EAX,16
   796 0000052F 50                              	PUSH	EAX
   797 00000530 E8 [00000000]                   	CALL	_fifo32_init
   798 00000535 83 C4 1C                        	ADD	ESP,28
   799 00000538                                 L116:
   800 00000538 8B 9D FFFFFAEC                  	MOV	EBX,DWORD [-1300+EBP]
   801 0000053E 83 C3 10                        	ADD	EBX,16
   802 00000541 53                              	PUSH	EBX
   803 00000542 E8 [00000000]                   	CALL	_fifo32_status
   804 00000547 5A                              	POP	EDX
   805 00000548 85 C0                           	TEST	EAX,EAX
   806 0000054A 74 EC                           	JE	L116
   807 0000054C 53                              	PUSH	EBX
   808 0000054D E8 [00000000]                   	CALL	_fifo32_get
   809 00000552 5B                              	POP	EBX
   810 00000553 3D 0000011C                     	CMP	EAX,284
   811 00000558 89 C1                           	MOV	ECX,EAX
   812 0000055A 0F 94 C2                        	SETE	DL
   813 0000055D 83 F8 1C                        	CMP	EAX,28
   814 00000560 0F 94 C0                        	SETE	AL
   815 00000563 09 D0                           	OR	EAX,EDX
   816 00000565 83 E0 01                        	AND	EAX,1
   817 00000568 75 77                           	JNE	L146
   818 0000056A 81 F9 0000010E                  	CMP	ECX,270
   819 00000570 74 47                           	JE	L147
   820 00000572 8A 81 [00000488]                	MOV	AL,BYTE [_keytable0.0-256+ECX]
   821 00000578 8D 56 08                        	LEA	EDX,DWORD [8+ESI]
   822 0000057B 88 45 D4                        	MOV	BYTE [-44+EBP],AL
   823 0000057E 88 84 3D FFFFFF64               	MOV	BYTE [-156+EBP+EDI*1],AL
   824 00000585 C6 45 D5 00                     	MOV	BYTE [-43+EBP],0
   825 00000589 0F BF 05 00000FF4               	MOVSX	EAX,WORD [4084]
   826 00000590 39 C2                           	CMP	EDX,EAX
   827 00000592 7E 09                           	JLE	L140
   828 00000594 83 85 FFFFFAF0 10               	ADD	DWORD [-1296+EBP],16
   829 0000059B 31 F6                           	XOR	ESI,ESI
   830 0000059D                                 L140:
   831 0000059D 8D 45 D4                        	LEA	EAX,DWORD [-44+EBP]
   832 000005A0 47                              	INC	EDI
   833 000005A1 50                              	PUSH	EAX
   834 000005A2 FF B5 FFFFFAF0                  	PUSH	DWORD [-1296+EBP]
   835 000005A8 56                              	PUSH	ESI
   836 000005A9 83 C6 08                        	ADD	ESI,8
   837 000005AC E8 [00000000]                   	CALL	_putfonts8_ascAll
   838 000005B1 83 C4 0C                        	ADD	ESP,12
   839 000005B4 E9 FFFFFF7F                     	JMP	L116
   840 000005B9                                 L147:
   841 000005B9 83 EE 08                        	SUB	ESI,8
   842 000005BC 8B 85 FFFFFAF0                  	MOV	EAX,DWORD [-1296+EBP]
   843 000005C2 83 C0 10                        	ADD	EAX,16
   844 000005C5 4F                              	DEC	EDI
   845 000005C6 50                              	PUSH	EAX
   846 000005C7 8D 46 08                        	LEA	EAX,DWORD [8+ESI]
   847 000005CA 50                              	PUSH	EAX
   848 000005CB FF B5 FFFFFAF0                  	PUSH	DWORD [-1296+EBP]
   849 000005D1 56                              	PUSH	ESI
   850 000005D2 6A 00                           	PUSH	0
   851 000005D4 E8 [00000000]                   	CALL	_boxfill
   852 000005D9 83 C4 14                        	ADD	ESP,20
   853 000005DC E9 FFFFFF57                     	JMP	L116
   854 000005E1                                 L146:
   855 000005E1 FC                              	CLD
   856 000005E2 8D B5 FFFFFF64                  	LEA	ESI,DWORD [-156+EBP]
   857 000005E8 BF [00000610]                   	MOV	EDI,LC12
   858 000005ED B9 00000004                     	MOV	ECX,4
   859 000005F2 F3                              	REPE
   860 000005F3 A6                              	CMPSB
   861 000005F4 75 4D                           	JNE	L121
   862 000005F6 E8 FFFFFBA3                     	CALL	_dir
   863 000005FB C6 85 FFFFFB14 02               	MOV	BYTE [-1260+EBP],2
   864 00000602 C6 85 FFFFFB15 45               	MOV	BYTE [-1259+EBP],69
   865 00000609 C6 85 FFFFFB16 04               	MOV	BYTE [-1258+EBP],4
   866 00000610 C6 85 FFFFFB17 05               	MOV	BYTE [-1257+EBP],5
   867 00000617                                 L122:
   868 00000617 83 85 FFFFFAF0 10               	ADD	DWORD [-1296+EBP],16
   869 0000061E 31 FF                           	XOR	EDI,EDI
   870 00000620 31 F6                           	XOR	ESI,ESI
   871 00000622 C6 85 FFFFFF64 00               	MOV	BYTE [-156+EBP],0
   872 00000629 C6 85 FFFFFF65 00               	MOV	BYTE [-155+EBP],0
   873 00000630 C6 85 FFFFFF66 00               	MOV	BYTE [-154+EBP],0
   874 00000637 C6 85 FFFFFF67 00               	MOV	BYTE [-153+EBP],0
   875 0000063E E9 FFFFFEF5                     	JMP	L116
   876 00000643                                 L121:
   877 00000643 FC                              	CLD
   878 00000644 8D B5 FFFFFF64                  	LEA	ESI,DWORD [-156+EBP]
   879 0000064A BF [00000614]                   	MOV	EDI,LC13
   880 0000064F B9 00000002                     	MOV	ECX,2
   881 00000654 F3                              	REPE
   882 00000655 A6                              	CMPSB
   883 00000656 75 27                           	JNE	L123
   884 00000658 A1 [00000000]                   	MOV	EAX,DWORD [_binfo]
   885 0000065D 8D 5D D4                        	LEA	EBX,DWORD [-44+EBP]
   886 00000660 0F BF 40 04                     	MOVSX	EAX,WORD [4+EAX]
   887 00000664 50                              	PUSH	EAX
   888 00000665 68 [00000616]                   	PUSH	LC14
   889 0000066A 53                              	PUSH	EBX
   890 0000066B E8 [00000000]                   	CALL	_sprintf
   891 00000670 53                              	PUSH	EBX
   892 00000671 6A 5A                           	PUSH	90
   893 00000673 6A 5A                           	PUSH	90
   894 00000675 E8 [00000000]                   	CALL	_putfonts8_ascAll
   895 0000067A 83 C4 18                        	ADD	ESP,24
   896 0000067D EB 98                           	JMP	L122
   897 0000067F                                 L123:
   898 0000067F FC                              	CLD
   899 00000680 8D B5 FFFFFF64                  	LEA	ESI,DWORD [-156+EBP]
   900 00000686 BF [00000619]                   	MOV	EDI,LC15
   901 0000068B B9 00000002                     	MOV	ECX,2
   902 00000690 F3                              	REPE
   903 00000691 A6                              	CMPSB
   904 00000692 75 22                           	JNE	L124
   905 00000694 68 00000384                     	PUSH	900
   906 00000699 68 00000384                     	PUSH	900
   907 0000069E 6A 00                           	PUSH	0
   908 000006A0 6A 00                           	PUSH	0
   909 000006A2 6A 00                           	PUSH	0
   910 000006A4 E8 [00000000]                   	CALL	_boxfill
   911 000006A9 E8 [00000000]                   	CALL	_printhd
   912 000006AE 83 C4 14                        	ADD	ESP,20
   913 000006B1 E9 FFFFFF61                     	JMP	L122
   914 000006B6                                 L124:
   915 000006B6 FC                              	CLD
   916 000006B7 8D B5 FFFFFF64                  	LEA	ESI,DWORD [-156+EBP]
   917 000006BD BF [0000061B]                   	MOV	EDI,LC16
   918 000006C2 B9 00000003                     	MOV	ECX,3
   919 000006C7 F3                              	REPE
   920 000006C8 A6                              	CMPSB
   921 000006C9 75 35                           	JNE	L125
   922 000006CB 8D 9D FFFFFD24                  	LEA	EBX,DWORD [-732+EBP]
   923 000006D1 53                              	PUSH	EBX
   924 000006D2 68 [00000480]                   	PUSH	LC10
   925 000006D7 E8 [00000000]                   	CALL	_readfile
   926 000006DC 53                              	PUSH	EBX
   927 000006DD 68 [0000061E]                   	PUSH	LC17
   928 000006E2 8D 9D FFFFFB14                  	LEA	EBX,DWORD [-1260+EBP]
   929 000006E8 53                              	PUSH	EBX
   930 000006E9 E8 [00000000]                   	CALL	_sprintf
   931 000006EE 53                              	PUSH	EBX
   932 000006EF 6A 64                           	PUSH	100
   933 000006F1 6A 3C                           	PUSH	60
   934 000006F3                                 L145:
   935 000006F3 E8 [00000000]                   	CALL	_putfonts8_ascAll
   936 000006F8 83 C4 20                        	ADD	ESP,32
   937 000006FB E9 FFFFFF17                     	JMP	L122
   938 00000700                                 L125:
   939 00000700 68 [00000621]                   	PUSH	LC18
   940 00000705 8D B5 FFFFFF64                  	LEA	ESI,DWORD [-156+EBP]
   941 0000070B 56                              	PUSH	ESI
   942 0000070C E8 [00000000]                   	CALL	_strstr
   943 00000711 5F                              	POP	EDI
   944 00000712 5A                              	POP	EDX
   945 00000713 85 C0                           	TEST	EAX,EAX
   946 00000715 74 2F                           	JE	L126
   947 00000717 68 [00000621]                   	PUSH	LC18
   948 0000071C 56                              	PUSH	ESI
   949 0000071D E8 [00000000]                   	CALL	_strstr
   950 00000722 C6 00 00                        	MOV	BYTE [EAX],0
   951 00000725 8D 50 04                        	LEA	EDX,DWORD [4+EAX]
   952 00000728 59                              	POP	ECX
   953 00000729 5B                              	POP	EBX
   954 0000072A 80 78 04 20                     	CMP	BYTE [4+EAX],32
   955 0000072E 74 0E                           	JE	L130
   956 00000730                                 L142:
   957 00000730 56                              	PUSH	ESI
   958 00000731 52                              	PUSH	EDX
   959 00000732 E8 [00000000]                   	CALL	_createfile
   960 00000737 5E                              	POP	ESI
   961 00000738 5F                              	POP	EDI
   962 00000739 E9 FFFFFED9                     	JMP	L122
   963 0000073E                                 L130:
   964 0000073E 42                              	INC	EDX
   965 0000073F 80 3A 20                        	CMP	BYTE [EDX],32
   966 00000742 74 FA                           	JE	L130
   967 00000744 EB EA                           	JMP	L142
   968 00000746                                 L126:
   969 00000746 FC                              	CLD
   970 00000747 BF [00000626]                   	MOV	EDI,LC19
   971 0000074C B9 00000005                     	MOV	ECX,5
   972 00000751 F3                              	REPE
   973 00000752 A6                              	CMPSB
   974 00000753 0F 85 FFFFFEBE                  	JNE	L122
   975 00000759 31 C9                           	XOR	ECX,ECX
   976 0000075B BA 00000003                     	MOV	EDX,3
   977 00000760 80 BD FFFFFF67 00               	CMP	BYTE [-153+EBP],0
   978 00000767 74 1A                           	JE	L144
   979 00000769                                 L136:
   980 00000769 8A 84 15 FFFFFF64               	MOV	AL,BYTE [-156+EBP+EDX*1]
   981 00000770 42                              	INC	EDX
   982 00000771 88 84 0D FFFFFB04               	MOV	BYTE [-1276+EBP+ECX*1],AL
   983 00000778 41                              	INC	ECX
   984 00000779 80 BC 15 FFFFFF64 00            	CMP	BYTE [-156+EBP+EDX*1],0
   985 00000781 75 E6                           	JNE	L136
   986 00000783                                 L144:
   987 00000783 8D 9D FFFFFD44                  	LEA	EBX,DWORD [-700+EBP]
   988 00000789 8D 85 FFFFFB04                  	LEA	EAX,DWORD [-1276+EBP]
   989 0000078F 53                              	PUSH	EBX
   990 00000790 50                              	PUSH	EAX
   991 00000791 E8 [00000000]                   	CALL	_readfile
   992 00000796 53                              	PUSH	EBX
   993 00000797 68 [0000061E]                   	PUSH	LC17
   994 0000079C 8D 5D D4                        	LEA	EBX,DWORD [-44+EBP]
   995 0000079F 53                              	PUSH	EBX
   996 000007A0 E8 [00000000]                   	CALL	_sprintf
   997 000007A5 53                              	PUSH	EBX
   998 000007A6 6A 10                           	PUSH	16
   999 000007A8 6A 5A                           	PUSH	90
  1000 000007AA E9 FFFFFF44                     	JMP	L145
  1001 000007AF                                 	GLOBAL	_cons_newline
  1002 000007AF                                 _cons_newline:
  1003 000007AF 55                              	PUSH	EBP
  1004 000007B0 89 E5                           	MOV	EBP,ESP
  1005 000007B2 57                              	PUSH	EDI
  1006 000007B3 56                              	PUSH	ESI
  1007 000007B4 BE 0000001C                     	MOV	ESI,28
  1008 000007B9 53                              	PUSH	EBX
  1009 000007BA 81 7D 08 000000EC               	CMP	DWORD [8+EBP],236
  1010 000007C1 7D 0F                           	JGE	L160
  1011 000007C3 83 45 08 10                     	ADD	DWORD [8+EBP],16
  1012 000007C7                                 L150:
  1013 000007C7 8B 45 08                        	MOV	EAX,DWORD [8+EBP]
  1014 000007CA 8D 65 F4                        	LEA	ESP,DWORD [-12+EBP]
  1015 000007CD 5B                              	POP	EBX
  1016 000007CE 5E                              	POP	ESI
  1017 000007CF 5F                              	POP	EDI
  1018 000007D0 5D                              	POP	EBP
  1019 000007D1 C3                              	RET
  1020 000007D2                                 L160:
  1021 000007D2 BB 00000008                     	MOV	EBX,8
  1022 000007D7 81 FB 000001C0                  	CMP	EBX,448
  1023 000007DD 7D 2B                           	JGE	L174
  1024 000007DF 8B 45 0C                        	MOV	EAX,DWORD [12+EBP]
  1025 000007E2 8B 38                           	MOV	EDI,DWORD [EAX]
  1026 000007E4                                 L159:
  1027 000007E4 8B 45 0C                        	MOV	EAX,DWORD [12+EBP]
  1028 000007E7 89 F2                           	MOV	EDX,ESI
  1029 000007E9 8B 48 04                        	MOV	ECX,DWORD [4+EAX]
  1030 000007EC 8D 46 10                        	LEA	EAX,DWORD [16+ESI]
  1031 000007EF 0F AF C1                        	IMUL	EAX,ECX
  1032 000007F2 0F AF D1                        	IMUL	EDX,ECX
  1033 000007F5 8D 04 18                        	LEA	EAX,DWORD [EAX+EBX*1]
  1034 000007F8 8D 14 1A                        	LEA	EDX,DWORD [EDX+EBX*1]
  1035 000007FB 43                              	INC	EBX
  1036 000007FC 8B 04 87                        	MOV	EAX,DWORD [EDI+EAX*4]
  1037 000007FF 81 FB 000001C0                  	CMP	EBX,448
  1038 00000805 89 04 97                        	MOV	DWORD [EDI+EDX*4],EAX
  1039 00000808 7C DA                           	JL	L159
  1040 0000080A                                 L174:
  1041 0000080A 46                              	INC	ESI
  1042 0000080B 81 FE 000000EC                  	CMP	ESI,236
  1043 00000811 7C BF                           	JL	L160
  1044 00000813 BE 000000EC                     	MOV	ESI,236
  1045 00000818                                 L170:
  1046 00000818 BB 00000008                     	MOV	EBX,8
  1047 0000081D 81 FB 000001C0                  	CMP	EBX,448
  1048 00000823 7D 21                           	JGE	L178
  1049 00000825 8B 4D 0C                        	MOV	ECX,DWORD [12+EBP]
  1050 00000828 8B 11                           	MOV	EDX,DWORD [ECX]
  1051 0000082A                                 L169:
  1052 0000082A 8B 4D 0C                        	MOV	ECX,DWORD [12+EBP]
  1053 0000082D 89 F0                           	MOV	EAX,ESI
  1054 0000082F 0F AF 41 04                     	IMUL	EAX,DWORD [4+ECX]
  1055 00000833 8D 04 18                        	LEA	EAX,DWORD [EAX+EBX*1]
  1056 00000836 43                              	INC	EBX
  1057 00000837 81 FB 000001C0                  	CMP	EBX,448
  1058 0000083D C7 04 82 00000000               	MOV	DWORD [EDX+EAX*4],0
  1059 00000844 7C E4                           	JL	L169
  1060 00000846                                 L178:
  1061 00000846 46                              	INC	ESI
  1062 00000847 81 FE 000000FC                  	CMP	ESI,252
  1063 0000084D 7C C9                           	JL	L170
  1064 0000084F 68 000000FC                     	PUSH	252
  1065 00000854 68 000001C0                     	PUSH	448
  1066 00000859 6A 1C                           	PUSH	28
  1067 0000085B 6A 08                           	PUSH	8
  1068 0000085D FF 75 0C                        	PUSH	DWORD [12+EBP]
  1069 00000860 E8 [00000000]                   	CALL	_sheet_refresh
  1070 00000865 83 C4 14                        	ADD	ESP,20
  1071 00000868 E9 FFFFFF5A                     	JMP	L150
