     1 00000000                                 [FORMAT "WCOFF"]
     2 00000000                                 [INSTRSET "i486p"]
     3 00000000                                 [OPTIMIZE 1]
     4 00000000                                 [OPTION 1]
     5 00000000                                 [BITS 32]
     6 00000000                                 	EXTERN	_fdc_read_lba
     7 00000000                                 	EXTERN	_memman_alloc_4k
     8 00000000                                 	EXTERN	_fdc_write
     9 00000000                                 	EXTERN	_floppy_write_lba
    10 00000000                                 	EXTERN	_readfile
    11 00000000                                 	EXTERN	_LZ4_decompress_safe
    12 00000000                                 	EXTERN	_memman_free_4k
    13 00000000                                 [FILE "file.c"]
    14                                          [SECTION .text]
    15 00000000                                 	GLOBAL	_file_readfat
    16 00000000                                 _file_readfat:
    17 00000000 55                              	PUSH	EBP
    18 00000001 31 C9                           	XOR	ECX,ECX
    19 00000003 89 E5                           	MOV	EBP,ESP
    20 00000005 57                              	PUSH	EDI
    21 00000006 56                              	PUSH	ESI
    22 00000007 53                              	PUSH	EBX
    23 00000008 8B 7D 08                        	MOV	EDI,DWORD [8+EBP]
    24 0000000B 8B 75 0C                        	MOV	ESI,DWORD [12+EBP]
    25 0000000E 31 DB                           	XOR	EBX,EBX
    26 00000010                                 L6:
    27 00000010 0F B6 44 31 01                  	MOVZX	EAX,BYTE [1+ECX+ESI*1]
    28 00000015 0F B6 14 31                     	MOVZX	EDX,BYTE [ECX+ESI*1]
    29 00000019 C1 E0 08                        	SAL	EAX,8
    30 0000001C 09 C2                           	OR	EDX,EAX
    31 0000001E 81 E2 00000FFF                  	AND	EDX,4095
    32 00000024 89 14 9F                        	MOV	DWORD [EDI+EBX*4],EDX
    33 00000027 8A 44 31 01                     	MOV	AL,BYTE [1+ECX+ESI*1]
    34 0000002B 0F B6 54 31 02                  	MOVZX	EDX,BYTE [2+ECX+ESI*1]
    35 00000030 C0 E8 04                        	SHR	AL,4
    36 00000033 83 C1 03                        	ADD	ECX,3
    37 00000036 C1 E2 04                        	SAL	EDX,4
    38 00000039 0F B6 C0                        	MOVZX	EAX,AL
    39 0000003C 09 D0                           	OR	EAX,EDX
    40 0000003E 89 44 9F 04                     	MOV	DWORD [4+EDI+EBX*4],EAX
    41 00000042 83 C3 02                        	ADD	EBX,2
    42 00000045 81 FB 00000B3F                  	CMP	EBX,2879
    43 0000004B 7E C3                           	JLE	L6
    44 0000004D 5B                              	POP	EBX
    45 0000004E 5E                              	POP	ESI
    46 0000004F 5F                              	POP	EDI
    47 00000050 5D                              	POP	EBP
    48 00000051 C3                              	RET
    49 00000052                                 	GLOBAL	_file_savefat
    50 00000052                                 _file_savefat:
    51 00000052 55                              	PUSH	EBP
    52 00000053 31 C9                           	XOR	ECX,ECX
    53 00000055 89 E5                           	MOV	EBP,ESP
    54 00000057 57                              	PUSH	EDI
    55 00000058 56                              	PUSH	ESI
    56 00000059 53                              	PUSH	EBX
    57 0000005A 8B 7D 08                        	MOV	EDI,DWORD [8+EBP]
    58 0000005D 8B 75 0C                        	MOV	ESI,DWORD [12+EBP]
    59 00000060 31 DB                           	XOR	EBX,EBX
    60 00000062                                 L14:
    61 00000062 8A 04 8F                        	MOV	AL,BYTE [EDI+ECX*4]
    62 00000065 88 04 33                        	MOV	BYTE [EBX+ESI*1],AL
    63 00000068 8B 04 8F                        	MOV	EAX,DWORD [EDI+ECX*4]
    64 0000006B C1 F8 08                        	SAR	EAX,8
    65 0000006E 88 C2                           	MOV	DL,AL
    66 00000070 83 E2 0F                        	AND	EDX,15
    67 00000073 88 54 33 01                     	MOV	BYTE [1+EBX+ESI*1],DL
    68 00000077 8B 44 8F 04                     	MOV	EAX,DWORD [4+EDI+ECX*4]
    69 0000007B C1 E0 04                        	SAL	EAX,4
    70 0000007E 09 C2                           	OR	EDX,EAX
    71 00000080 88 54 33 01                     	MOV	BYTE [1+EBX+ESI*1],DL
    72 00000084 8B 44 8F 04                     	MOV	EAX,DWORD [4+EDI+ECX*4]
    73 00000088 83 C1 02                        	ADD	ECX,2
    74 0000008B C1 F8 04                        	SAR	EAX,4
    75 0000008E 88 44 33 02                     	MOV	BYTE [2+EBX+ESI*1],AL
    76 00000092 83 C3 03                        	ADD	EBX,3
    77 00000095 81 F9 00000B3F                  	CMP	ECX,2879
    78 0000009B 7E C5                           	JLE	L14
    79 0000009D 5B                              	POP	EBX
    80 0000009E 5E                              	POP	ESI
    81 0000009F 5F                              	POP	EDI
    82 000000A0 5D                              	POP	EBP
    83 000000A1 C3                              	RET
    84 000000A2                                 	GLOBAL	_file_loadfile
    85 000000A2                                 _file_loadfile:
    86 000000A2 55                              	PUSH	EBP
    87 000000A3 89 E5                           	MOV	EBP,ESP
    88 000000A5 57                              	PUSH	EDI
    89 000000A6 56                              	PUSH	ESI
    90 000000A7 53                              	PUSH	EBX
    91 000000A8 8B 4D 0C                        	MOV	ECX,DWORD [12+EBP]
    92 000000AB 8B 75 08                        	MOV	ESI,DWORD [8+EBP]
    93 000000AE 8B 5D 10                        	MOV	EBX,DWORD [16+EBP]
    94 000000B1                                 L18:
    95 000000B1 81 F9 00000200                  	CMP	ECX,512
    96 000000B7 7E 2F                           	JLE	L35
    97 000000B9 31 D2                           	XOR	EDX,EDX
    98 000000BB                                 L31:
    99 000000BB 89 F0                           	MOV	EAX,ESI
   100 000000BD 8B 7D 18                        	MOV	EDI,DWORD [24+EBP]
   101 000000C0 C1 E0 09                        	SAL	EAX,9
   102 000000C3 01 D0                           	ADD	EAX,EDX
   103 000000C5 8A 04 38                        	MOV	AL,BYTE [EAX+EDI*1]
   104 000000C8 88 04 1A                        	MOV	BYTE [EDX+EBX*1],AL
   105 000000CB 42                              	INC	EDX
   106 000000CC 81 FA 000001FF                  	CMP	EDX,511
   107 000000D2 7E E7                           	JLE	L31
   108 000000D4 8B 45 14                        	MOV	EAX,DWORD [20+EBP]
   109 000000D7 81 E9 00000200                  	SUB	ECX,512
   110 000000DD 81 C3 00000200                  	ADD	EBX,512
   111 000000E3 8B 34 B0                        	MOV	ESI,DWORD [EAX+ESI*4]
   112 000000E6 EB C9                           	JMP	L18
   113 000000E8                                 L35:
   114 000000E8 31 D2                           	XOR	EDX,EDX
   115 000000EA 39 CA                           	CMP	EDX,ECX
   116 000000EC 7D 15                           	JGE	L17
   117 000000EE                                 L26:
   118 000000EE 89 F0                           	MOV	EAX,ESI
   119 000000F0 8B 7D 18                        	MOV	EDI,DWORD [24+EBP]
   120 000000F3 C1 E0 09                        	SAL	EAX,9
   121 000000F6 01 D0                           	ADD	EAX,EDX
   122 000000F8 8A 04 38                        	MOV	AL,BYTE [EAX+EDI*1]
   123 000000FB 88 04 1A                        	MOV	BYTE [EDX+EBX*1],AL
   124 000000FE 42                              	INC	EDX
   125 000000FF 39 CA                           	CMP	EDX,ECX
   126 00000101 7C EB                           	JL	L26
   127 00000103                                 L17:
   128 00000103 5B                              	POP	EBX
   129 00000104 5E                              	POP	ESI
   130 00000105 5F                              	POP	EDI
   131 00000106 5D                              	POP	EBP
   132 00000107 C3                              	RET
   133 00000108                                 	GLOBAL	_make_date
   134 00000108                                 _make_date:
   135 00000108 55                              	PUSH	EBP
   136 00000109 89 E5                           	MOV	EBP,ESP
   137 0000010B 8B 45 08                        	MOV	EAX,DWORD [8+EBP]
   138 0000010E 8B 55 0C                        	MOV	EDX,DWORD [12+EBP]
   139 00000111 C1 E2 05                        	SAL	EDX,5
   140 00000114 2D 000007BC                     	SUB	EAX,1980
   141 00000119 C1 E0 09                        	SAL	EAX,9
   142 0000011C 09 D0                           	OR	EAX,EDX
   143 0000011E 0B 45 10                        	OR	EAX,DWORD [16+EBP]
   144 00000121 5D                              	POP	EBP
   145 00000122 0F B7 C0                        	MOVZX	EAX,AX
   146 00000125 C3                              	RET
   147 00000126                                 	GLOBAL	_make_time
   148 00000126                                 _make_time:
   149 00000126 55                              	PUSH	EBP
   150 00000127 89 E5                           	MOV	EBP,ESP
   151 00000129 56                              	PUSH	ESI
   152 0000012A 53                              	PUSH	EBX
   153 0000012B 8B 45 08                        	MOV	EAX,DWORD [8+EBP]
   154 0000012E 8B 55 0C                        	MOV	EDX,DWORD [12+EBP]
   155 00000131 C1 E0 0B                        	SAL	EAX,11
   156 00000134 C1 E2 05                        	SAL	EDX,5
   157 00000137 89 C6                           	MOV	ESI,EAX
   158 00000139 09 D6                           	OR	ESI,EDX
   159 0000013B 8B 45 10                        	MOV	EAX,DWORD [16+EBP]
   160 0000013E BA 00000002                     	MOV	EDX,2
   161 00000143 89 D3                           	MOV	EBX,EDX
   162 00000145 99                              	CDQ
   163 00000146 F7 FB                           	IDIV	EBX
   164 00000148 5B                              	POP	EBX
   165 00000149 09 C6                           	OR	ESI,EAX
   166 0000014B 0F B7 C6                        	MOVZX	EAX,SI
   167 0000014E 5E                              	POP	ESI
   168 0000014F 5D                              	POP	EBP
   169 00000150 C3                              	RET
   170 00000151                                 	GLOBAL	_createfile
   171 00000151                                 _createfile:
   172 00000151 55                              	PUSH	EBP
   173 00000152 89 E5                           	MOV	EBP,ESP
   174 00000154 57                              	PUSH	EDI
   175 00000155 56                              	PUSH	ESI
   176 00000156 53                              	PUSH	EBX
   177 00000157 83 EC 10                        	SUB	ESP,16
   178 0000015A 8B 45 0C                        	MOV	EAX,DWORD [12+EBP]
   179 0000015D 8B 5D 08                        	MOV	EBX,DWORD [8+EBP]
   180 00000160 89 45 F0                        	MOV	DWORD [-16+EBP],EAX
   181 00000163 C7 45 EC FFFFFFFF               	MOV	DWORD [-20+EBP],-1
   182 0000016A 6A 13                           	PUSH	19
   183 0000016C 68 00102600                     	PUSH	1058304
   184 00000171 E8 [00000000]                   	CALL	_fdc_read_lba
   185 00000176 6A 01                           	PUSH	1
   186 00000178 68 00100200                     	PUSH	1049088
   187 0000017D E8 [00000000]                   	CALL	_fdc_read_lba
   188 00000182 68 00002D00                     	PUSH	11520
   189 00000187 68 003C0000                     	PUSH	3932160
   190 0000018C E8 [00000000]                   	CALL	_memman_alloc_4k
   191 00000191 89 45 E8                        	MOV	DWORD [-24+EBP],EAX
   192 00000194 68 00002D00                     	PUSH	11520
   193 00000199 68 003C0000                     	PUSH	3932160
   194 0000019E E8 [00000000]                   	CALL	_memman_alloc_4k
   195 000001A3 83 C4 20                        	ADD	ESP,32
   196 000001A6 89 45 E4                        	MOV	DWORD [-28+EBP],EAX
   197 000001A9 68 00100200                     	PUSH	1049088
   198 000001AE FF 75 E8                        	PUSH	DWORD [-24+EBP]
   199 000001B1 E8 FFFFFE4A                     	CALL	_file_readfat
   200 000001B6 58                              	POP	EAX
   201 000001B7 B9 00000002                     	MOV	ECX,2
   202 000001BC 5A                              	POP	EDX
   203 000001BD                                 L44:
   204 000001BD 8B 55 E8                        	MOV	EDX,DWORD [-24+EBP]
   205 000001C0 83 3C 8A 00                     	CMP	DWORD [EDX+ECX*4],0
   206 000001C4 0F 84 00000175                  	JE	L97
   207 000001CA 41                              	INC	ECX
   208 000001CB 81 F9 00000B3F                  	CMP	ECX,2879
   209 000001D1 7E EA                           	JLE	L44
   210 000001D3                                 L40:
   211 000001D3 83 7D EC FF                     	CMP	DWORD [-20+EBP],-1
   212 000001D7 0F 84 0000015A                  	JE	L38
   213 000001DD 8B 75 EC                        	MOV	ESI,DWORD [-20+EBP]
   214 000001E0 8B 45 E8                        	MOV	EAX,DWORD [-24+EBP]
   215 000001E3 8B 55 F0                        	MOV	EDX,DWORD [-16+EBP]
   216 000001E6 31 FF                           	XOR	EDI,EDI
   217 000001E8 C7 04 B0 00000FFF               	MOV	DWORD [EAX+ESI*4],4095
   218 000001EF 80 3A 00                        	CMP	BYTE [EDX],0
   219 000001F2 74 0A                           	JE	L87
   220 000001F4                                 L49:
   221 000001F4 47                              	INC	EDI
   222 000001F5 8B 75 F0                        	MOV	ESI,DWORD [-16+EBP]
   223 000001F8 80 3C 37 00                     	CMP	BYTE [EDI+ESI*1],0
   224 000001FC 75 F6                           	JNE	L49
   225 000001FE                                 L87:
   226 000001FE 31 C9                           	XOR	ECX,ECX
   227 00000200 39 F9                           	CMP	ECX,EDI
   228 00000202 7D 18                           	JGE	L89
   229 00000204                                 L54:
   230 00000204 8B 55 EC                        	MOV	EDX,DWORD [-20+EBP]
   231 00000207 8B 75 F0                        	MOV	ESI,DWORD [-16+EBP]
   232 0000020A C1 E2 09                        	SAL	EDX,9
   233 0000020D 8A 04 31                        	MOV	AL,BYTE [ECX+ESI*1]
   234 00000210 88 84 11 00100000               	MOV	BYTE [1048576+ECX+EDX*1],AL
   235 00000217 41                              	INC	ECX
   236 00000218 39 F9                           	CMP	ECX,EDI
   237 0000021A 7C E8                           	JL	L54
   238 0000021C                                 L89:
   239 0000021C 31 C9                           	XOR	ECX,ECX
   240 0000021E 31 F6                           	XOR	ESI,ESI
   241 00000220                                 L84:
   242 00000220 8A 86 00102600                  	MOV	AL,BYTE [1058304+ESI]
   243 00000226 84 C0                           	TEST	AL,AL
   244 00000228 74 57                           	JE	L60
   245 0000022A 3C E5                           	CMP	AL,-27
   246 0000022C 74 53                           	JE	L60
   247 0000022E 41                              	INC	ECX
   248 0000022F 83 C6 20                        	ADD	ESI,32
   249 00000232 81 F9 000000DF                  	CMP	ECX,223
   250 00000238 7E E6                           	JLE	L84
   251 0000023A                                 L56:
   252 0000023A FF 75 EC                        	PUSH	DWORD [-20+EBP]
   253 0000023D FF 75 F0                        	PUSH	DWORD [-16+EBP]
   254 00000240 E8 [00000000]                   	CALL	_fdc_write
   255 00000245 FF 75 E4                        	PUSH	DWORD [-28+EBP]
   256 00000248 FF 75 E8                        	PUSH	DWORD [-24+EBP]
   257 0000024B E8 FFFFFE02                     	CALL	_file_savefat
   258 00000250 FF 75 E4                        	PUSH	DWORD [-28+EBP]
   259 00000253 6A 01                           	PUSH	1
   260 00000255 E8 [00000000]                   	CALL	_floppy_write_lba
   261 0000025A FF 75 E4                        	PUSH	DWORD [-28+EBP]
   262 0000025D 6A 0A                           	PUSH	10
   263 0000025F E8 [00000000]                   	CALL	_floppy_write_lba
   264 00000264 83 C4 20                        	ADD	ESP,32
   265 00000267 C7 45 0C 00102600               	MOV	DWORD [12+EBP],1058304
   266 0000026E C7 45 08 00000013               	MOV	DWORD [8+EBP],19
   267 00000275 8D 65 F4                        	LEA	ESP,DWORD [-12+EBP]
   268 00000278 5B                              	POP	EBX
   269 00000279 5E                              	POP	ESI
   270 0000027A 5F                              	POP	EDI
   271 0000027B 5D                              	POP	EBP
   272 0000027C E9 [00000000]                   	JMP	_floppy_write_lba
   273 00000281                                 L60:
   274 00000281 31 C9                           	XOR	ECX,ECX
   275 00000283 8D 86 00102600                  	LEA	EAX,DWORD [1058304+ESI]
   276 00000289                                 L65:
   277 00000289 41                              	INC	ECX
   278 0000028A C6 00 20                        	MOV	BYTE [EAX],32
   279 0000028D 40                              	INC	EAX
   280 0000028E 83 F9 07                        	CMP	ECX,7
   281 00000291 7E F6                           	JLE	L65
   282 00000293 31 C9                           	XOR	ECX,ECX
   283 00000295                                 L70:
   284 00000295 C6 84 0E 00102608 20            	MOV	BYTE [1058312+ESI+ECX*1],32
   285 0000029D 41                              	INC	ECX
   286 0000029E 83 F9 02                        	CMP	ECX,2
   287 000002A1 7E F2                           	JLE	L70
   288 000002A3 8A 03                           	MOV	AL,BYTE [EBX]
   289 000002A5 31 C9                           	XOR	ECX,ECX
   290 000002A7 89 DA                           	MOV	EDX,EBX
   291 000002A9 84 C0                           	TEST	AL,AL
   292 000002AB 74 20                           	JE	L72
   293 000002AD 3C 2E                           	CMP	AL,46
   294 000002AF 74 1C                           	JE	L72
   295 000002B1 8D 9E 00102600                  	LEA	EBX,DWORD [1058304+ESI]
   296 000002B7                                 L76:
   297 000002B7 8A 02                           	MOV	AL,BYTE [EDX]
   298 000002B9 41                              	INC	ECX
   299 000002BA 88 03                           	MOV	BYTE [EBX],AL
   300 000002BC 42                              	INC	EDX
   301 000002BD 43                              	INC	EBX
   302 000002BE 83 F9 07                        	CMP	ECX,7
   303 000002C1 7F 0A                           	JG	L72
   304 000002C3 8A 02                           	MOV	AL,BYTE [EDX]
   305 000002C5 84 C0                           	TEST	AL,AL
   306 000002C7 74 04                           	JE	L72
   307 000002C9 3C 2E                           	CMP	AL,46
   308 000002CB 75 EA                           	JNE	L76
   309 000002CD                                 L72:
   310 000002CD 80 3A 2E                        	CMP	BYTE [EDX],46
   311 000002D0 74 62                           	JE	L98
   312 000002D2                                 L77:
   313 000002D2 31 C9                           	XOR	ECX,ECX
   314 000002D4 80 3A 00                        	CMP	BYTE [EDX],0
   315 000002D7 74 15                           	JE	L79
   316 000002D9                                 L83:
   317 000002D9 8A 02                           	MOV	AL,BYTE [EDX]
   318 000002DB 42                              	INC	EDX
   319 000002DC 88 84 0E 00102608               	MOV	BYTE [1058312+ESI+ECX*1],AL
   320 000002E3 41                              	INC	ECX
   321 000002E4 83 F9 02                        	CMP	ECX,2
   322 000002E7 7F 05                           	JG	L79
   323 000002E9 80 3A 00                        	CMP	BYTE [EDX],0
   324 000002EC 75 EB                           	JNE	L83
   325 000002EE                                 L79:
   326 000002EE C6 86 0010260B 20               	MOV	BYTE [1058315+ESI],32
   327 000002F5 8B 45 EC                        	MOV	EAX,DWORD [-20+EBP]
   328 000002F8 89 BE 0010261C                  	MOV	DWORD [1058332+ESI],EDI
   329 000002FE 66 89 86 0010261A               	MOV	WORD [1058330+ESI],AX
   330 00000305 6A 07                           	PUSH	7
   331 00000307 6A 04                           	PUSH	4
   332 00000309 68 000007EA                     	PUSH	2026
   333 0000030E E8 FFFFFDF5                     	CALL	_make_date
   334 00000313 66 89 86 00102618               	MOV	WORD [1058328+ESI],AX
   335 0000031A 6A 00                           	PUSH	0
   336 0000031C 6A 1E                           	PUSH	30
   337 0000031E 6A 0C                           	PUSH	12
   338 00000320 E8 FFFFFE01                     	CALL	_make_time
   339 00000325 83 C4 18                        	ADD	ESP,24
   340 00000328 66 89 86 00102616               	MOV	WORD [1058326+ESI],AX
   341 0000032F E9 FFFFFF06                     	JMP	L56
   342 00000334                                 L98:
   343 00000334 42                              	INC	EDX
   344 00000335 EB 9B                           	JMP	L77
   345 00000337                                 L38:
   346 00000337 8D 65 F4                        	LEA	ESP,DWORD [-12+EBP]
   347 0000033A 5B                              	POP	EBX
   348 0000033B 5E                              	POP	ESI
   349 0000033C 5F                              	POP	EDI
   350 0000033D 5D                              	POP	EBP
   351 0000033E C3                              	RET
   352 0000033F                                 L97:
   353 0000033F 89 4D EC                        	MOV	DWORD [-20+EBP],ECX
   354 00000342 E9 FFFFFE8C                     	JMP	L40
   355 00000347                                 	GLOBAL	_format_to_fat_name
   356 00000347                                 _format_to_fat_name:
   357 00000347 55                              	PUSH	EBP
   358 00000348 31 D2                           	XOR	EDX,EDX
   359 0000034A 89 E5                           	MOV	EBP,ESP
   360 0000034C 56                              	PUSH	ESI
   361 0000034D 53                              	PUSH	EBX
   362 0000034E 8B 75 0C                        	MOV	ESI,DWORD [12+EBP]
   363 00000351 8B 5D 08                        	MOV	EBX,DWORD [8+EBP]
   364 00000354                                 L104:
   365 00000354 C6 04 32 20                     	MOV	BYTE [EDX+ESI*1],32
   366 00000358 42                              	INC	EDX
   367 00000359 83 FA 0A                        	CMP	EDX,10
   368 0000035C 7E F6                           	JLE	L104
   369 0000035E 8A 03                           	MOV	AL,BYTE [EBX]
   370 00000360 31 D2                           	XOR	EDX,EDX
   371 00000362 3C 2E                           	CMP	AL,46
   372 00000364 74 1B                           	JE	L106
   373 00000366 84 C0                           	TEST	AL,AL
   374 00000368 74 17                           	JE	L106
   375 0000036A                                 L110:
   376 0000036A 8A 04 1A                        	MOV	AL,BYTE [EDX+EBX*1]
   377 0000036D 88 04 32                        	MOV	BYTE [EDX+ESI*1],AL
   378 00000370 42                              	INC	EDX
   379 00000371 83 FA 07                        	CMP	EDX,7
   380 00000374 7F 0B                           	JG	L106
   381 00000376 8A 04 1A                        	MOV	AL,BYTE [EDX+EBX*1]
   382 00000379 3C 2E                           	CMP	AL,46
   383 0000037B 74 04                           	JE	L106
   384 0000037D 84 C0                           	TEST	AL,AL
   385 0000037F 75 E9                           	JNE	L110
   386 00000381                                 L106:
   387 00000381 80 3C 1A 2E                     	CMP	BYTE [EDX+EBX*1],46
   388 00000385 74 04                           	JE	L122
   389 00000387                                 L99:
   390 00000387 5B                              	POP	EBX
   391 00000388 5E                              	POP	ESI
   392 00000389 5D                              	POP	EBP
   393 0000038A C3                              	RET
   394 0000038B                                 L122:
   395 0000038B 42                              	INC	EDX
   396 0000038C 31 C9                           	XOR	ECX,ECX
   397 0000038E 80 3C 1A 00                     	CMP	BYTE [EDX+EBX*1],0
   398 00000392 74 F3                           	JE	L99
   399 00000394                                 L117:
   400 00000394 8A 04 1A                        	MOV	AL,BYTE [EDX+EBX*1]
   401 00000397 42                              	INC	EDX
   402 00000398 88 44 31 08                     	MOV	BYTE [8+ECX+ESI*1],AL
   403 0000039C 41                              	INC	ECX
   404 0000039D 83 F9 02                        	CMP	ECX,2
   405 000003A0 7F E5                           	JG	L99
   406 000003A2 80 3C 1A 00                     	CMP	BYTE [EDX+EBX*1],0
   407 000003A6 75 EC                           	JNE	L117
   408 000003A8 EB DD                           	JMP	L99
   409 000003AA                                 	GLOBAL	_findfile
   410 000003AA                                 _findfile:
   411 000003AA 55                              	PUSH	EBP
   412 000003AB 89 E5                           	MOV	EBP,ESP
   413 000003AD 57                              	PUSH	EDI
   414 000003AE 56                              	PUSH	ESI
   415 000003AF 53                              	PUSH	EBX
   416 000003B0 83 EC 14                        	SUB	ESP,20
   417 000003B3 8B 5D 08                        	MOV	EBX,DWORD [8+EBP]
   418 000003B6 6A 13                           	PUSH	19
   419 000003B8 68 00102600                     	PUSH	1058304
   420 000003BD E8 [00000000]                   	CALL	_fdc_read_lba
   421 000003C2 5E                              	POP	ESI
   422 000003C3 31 C9                           	XOR	ECX,ECX
   423 000003C5 5F                              	POP	EDI
   424 000003C6                                 L128:
   425 000003C6 C6 44 0D E4 20                  	MOV	BYTE [-28+EBP+ECX*1],32
   426 000003CB 41                              	INC	ECX
   427 000003CC 83 F9 0A                        	CMP	ECX,10
   428 000003CF 7E F5                           	JLE	L128
   429 000003D1 31 C9                           	XOR	ECX,ECX
   430 000003D3 31 F6                           	XOR	ESI,ESI
   431 000003D5 80 3B 00                        	CMP	BYTE [EBX],0
   432 000003D8 74 28                           	JE	L130
   433 000003DA                                 L137:
   434 000003DA 8A 04 1E                        	MOV	AL,BYTE [ESI+EBX*1]
   435 000003DD 3C 2E                           	CMP	AL,46
   436 000003DF 0F 84 00000081                  	JE	L159
   437 000003E5                                 L134:
   438 000003E5 88 C2                           	MOV	DL,AL
   439 000003E7 8D 42 9F                        	LEA	EAX,DWORD [-97+EDX]
   440 000003EA 3C 19                           	CMP	AL,25
   441 000003EC 77 03                           	JA	L136
   442 000003EE 83 EA 20                        	SUB	EDX,32
   443 000003F1                                 L136:
   444 000003F1 88 54 0D E4                     	MOV	BYTE [-28+EBP+ECX*1],DL
   445 000003F5 41                              	INC	ECX
   446 000003F6                                 L131:
   447 000003F6 46                              	INC	ESI
   448 000003F7 83 F9 0A                        	CMP	ECX,10
   449 000003FA 7F 06                           	JG	L130
   450 000003FC 80 3C 1E 00                     	CMP	BYTE [ESI+EBX*1],0
   451 00000400 75 D8                           	JNE	L137
   452 00000402                                 L130:
   453 00000402 31 F6                           	XOR	ESI,ESI
   454 00000404 31 FF                           	XOR	EDI,EDI
   455 00000406                                 L152:
   456 00000406 8A 87 00102600                  	MOV	AL,BYTE [1058304+EDI]
   457 0000040C 84 C0                           	TEST	AL,AL
   458 0000040E 74 43                           	JE	L139
   459 00000410 3C E5                           	CMP	AL,-27
   460 00000412 74 33                           	JE	L140
   461 00000414 F6 87 0010260B 18               	TEST	BYTE [1058315+EDI],24
   462 0000041B 75 2A                           	JNE	L140
   463 0000041D C7 45 E0 00000001               	MOV	DWORD [-32+EBP],1
   464 00000424 31 C9                           	XOR	ECX,ECX
   465 00000426 8D 9F 00102600                  	LEA	EBX,DWORD [1058304+EDI]
   466 0000042C                                 L150:
   467 0000042C 0F B6 13                        	MOVZX	EDX,BYTE [EBX]
   468 0000042F 0F BE 44 0D E4                  	MOVSX	EAX,BYTE [-28+EBP+ECX*1]
   469 00000434 39 C2                           	CMP	EDX,EAX
   470 00000436 75 25                           	JNE	L158
   471 00000438 41                              	INC	ECX
   472 00000439 43                              	INC	EBX
   473 0000043A 83 F9 0A                        	CMP	ECX,10
   474 0000043D 7E ED                           	JLE	L150
   475 0000043F                                 L146:
   476 0000043F 89 F0                           	MOV	EAX,ESI
   477 00000441 83 7D E0 00                     	CMP	DWORD [-32+EBP],0
   478 00000445 75 0E                           	JNE	L123
   479 00000447                                 L140:
   480 00000447 46                              	INC	ESI
   481 00000448 83 C7 20                        	ADD	EDI,32
   482 0000044B 81 FE 000000DF                  	CMP	ESI,223
   483 00000451 7E B3                           	JLE	L152
   484 00000453                                 L139:
   485 00000453 31 C0                           	XOR	EAX,EAX
   486 00000455                                 L123:
   487 00000455 8D 65 F4                        	LEA	ESP,DWORD [-12+EBP]
   488 00000458 5B                              	POP	EBX
   489 00000459 5E                              	POP	ESI
   490 0000045A 5F                              	POP	EDI
   491 0000045B 5D                              	POP	EBP
   492 0000045C C3                              	RET
   493 0000045D                                 L158:
   494 0000045D C7 45 E0 00000000               	MOV	DWORD [-32+EBP],0
   495 00000464 EB D9                           	JMP	L146
   496 00000466                                 L159:
   497 00000466 83 F9 08                        	CMP	ECX,8
   498 00000469 0F 8F FFFFFF76                  	JG	L134
   499 0000046F B9 00000008                     	MOV	ECX,8
   500 00000474 E9 FFFFFF7D                     	JMP	L131
   501 00000479                                 	GLOBAL	_lz4read512k
   502 00000479                                 _lz4read512k:
   503 00000479 55                              	PUSH	EBP
   504 0000047A 89 E5                           	MOV	EBP,ESP
   505 0000047C 57                              	PUSH	EDI
   506 0000047D 56                              	PUSH	ESI
   507 0000047E 53                              	PUSH	EBX
   508 0000047F 50                              	PUSH	EAX
   509 00000480 68 00080000                     	PUSH	524288
   510 00000485 68 003C0000                     	PUSH	3932160
   511 0000048A E8 [00000000]                   	CALL	_memman_alloc_4k
   512 0000048F 89 C7                           	MOV	EDI,EAX
   513 00000491 50                              	PUSH	EAX
   514 00000492 FF 75 08                        	PUSH	DWORD [8+EBP]
   515 00000495 E8 [00000000]                   	CALL	_readfile
   516 0000049A 83 C4 10                        	ADD	ESP,16
   517 0000049D 89 C6                           	MOV	ESI,EAX
   518 0000049F 85 C0                           	TEST	EAX,EAX
   519 000004A1 7E 3C                           	JLE	L162
   520 000004A3 8B 1F                           	MOV	EBX,DWORD [EDI]
   521 000004A5 53                              	PUSH	EBX
   522 000004A6 68 003C0000                     	PUSH	3932160
   523 000004AB E8 [00000000]                   	CALL	_memman_alloc_4k
   524 000004B0 53                              	PUSH	EBX
   525 000004B1 89 45 F0                        	MOV	DWORD [-16+EBP],EAX
   526 000004B4 8D 46 FC                        	LEA	EAX,DWORD [-4+ESI]
   527 000004B7 50                              	PUSH	EAX
   528 000004B8 8D 47 04                        	LEA	EAX,DWORD [4+EDI]
   529 000004BB FF 75 F0                        	PUSH	DWORD [-16+EBP]
   530 000004BE 50                              	PUSH	EAX
   531 000004BF E8 [00000000]                   	CALL	_LZ4_decompress_safe
   532 000004C4 68 00080000                     	PUSH	524288
   533 000004C9 57                              	PUSH	EDI
   534 000004CA 68 003C0000                     	PUSH	3932160
   535 000004CF E8 [00000000]                   	CALL	_memman_free_4k
   536 000004D4 8B 45 F0                        	MOV	EAX,DWORD [-16+EBP]
   537 000004D7                                 L160:
   538 000004D7 8D 65 F4                        	LEA	ESP,DWORD [-12+EBP]
   539 000004DA 5B                              	POP	EBX
   540 000004DB 5E                              	POP	ESI
   541 000004DC 5F                              	POP	EDI
   542 000004DD 5D                              	POP	EBP
   543 000004DE C3                              	RET
   544 000004DF                                 L162:
   545 000004DF 68 00080000                     	PUSH	524288
   546 000004E4 57                              	PUSH	EDI
   547 000004E5 68 003C0000                     	PUSH	3932160
   548 000004EA E8 [00000000]                   	CALL	_memman_free_4k
   549 000004EF 31 C0                           	XOR	EAX,EAX
   550 000004F1 EB E4                           	JMP	L160
