     1 00000000                                 [FORMAT "WCOFF"]
     2 00000000                                 [INSTRSET "i486p"]
     3 00000000                                 [OPTIMIZE 1]
     4 00000000                                 [OPTION 1]
     5 00000000                                 [BITS 32]
     6 00000000                                 	EXTERN	_table_rgb.0
     7 00000000                                 	EXTERN	_io_load_eflags
     8 00000000                                 	EXTERN	_io_cli
     9 00000000                                 	EXTERN	_io_out8
    10 00000000                                 	EXTERN	_io_store_eflags
    11 00000000                                 	EXTERN	_binfo
    12 00000000                                 	EXTERN	_hankaku
    13 00000000                                 	EXTERN	_memget
    14 00000000                                 	EXTERN	_LZ4_decompress_safe
    15 00000000                                 	EXTERN	_sheet_setbuf
    16 00000000                                 	EXTERN	_hzk_buf
    17 00000000                                 [FILE "graphic.c"]
    18                                          [SECTION .data]
    19 00000000                                 _table_rgb.0:
    20 00000000 00                              	DB	0
    21 00000001 00                              	DB	0
    22 00000002 00                              	DB	0
    23 00000003 FF                              	DB	-1
    24 00000004 00                              	DB	0
    25 00000005 00                              	DB	0
    26 00000006 00                              	DB	0
    27 00000007 FF                              	DB	-1
    28 00000008 00                              	DB	0
    29 00000009 FF                              	DB	-1
    30 0000000A FF                              	DB	-1
    31 0000000B 00                              	DB	0
    32 0000000C 00                              	DB	0
    33 0000000D 00                              	DB	0
    34 0000000E FF                              	DB	-1
    35 0000000F FF                              	DB	-1
    36 00000010 00                              	DB	0
    37 00000011 FF                              	DB	-1
    38 00000012 00                              	DB	0
    39 00000013 FF                              	DB	-1
    40 00000014 FF                              	DB	-1
    41 00000015 FF                              	DB	-1
    42 00000016 FF                              	DB	-1
    43 00000017 FF                              	DB	-1
    44 00000018 C6                              	DB	-58
    45 00000019 C6                              	DB	-58
    46 0000001A C6                              	DB	-58
    47 0000001B 84                              	DB	-124
    48 0000001C 00                              	DB	0
    49 0000001D 00                              	DB	0
    50 0000001E 00                              	DB	0
    51 0000001F 84                              	DB	-124
    52 00000020 00                              	DB	0
    53 00000021 84                              	DB	-124
    54 00000022 84                              	DB	-124
    55 00000023 00                              	DB	0
    56 00000024 00                              	DB	0
    57 00000025 00                              	DB	0
    58 00000026 84                              	DB	-124
    59 00000027 84                              	DB	-124
    60 00000028 00                              	DB	0
    61 00000029 84                              	DB	-124
    62 0000002A 00                              	DB	0
    63 0000002B 84                              	DB	-124
    64 0000002C 84                              	DB	-124
    65 0000002D 84                              	DB	-124
    66 0000002E 84                              	DB	-124
    67 0000002F 84                              	DB	-124
    68                                          [SECTION .text]
    69 00000000                                 	GLOBAL	_init_palette
    70 00000000                                 _init_palette:
    71 00000000 55                              	PUSH	EBP
    72 00000001 89 E5                           	MOV	EBP,ESP
    73 00000003 68 [00000000]                   	PUSH	_table_rgb.0
    74 00000008 6A 0F                           	PUSH	15
    75 0000000A 6A 00                           	PUSH	0
    76 0000000C E8 00000002                     	CALL	_set_palette
    77 00000011 C9                              	LEAVE
    78 00000012 C3                              	RET
    79 00000013                                 	GLOBAL	_set_palette
    80 00000013                                 _set_palette:
    81 00000013 55                              	PUSH	EBP
    82 00000014 89 E5                           	MOV	EBP,ESP
    83 00000016 57                              	PUSH	EDI
    84 00000017 56                              	PUSH	ESI
    85 00000018 53                              	PUSH	EBX
    86 00000019 51                              	PUSH	ECX
    87 0000001A 8B 5D 08                        	MOV	EBX,DWORD [8+EBP]
    88 0000001D 8B 7D 0C                        	MOV	EDI,DWORD [12+EBP]
    89 00000020 8B 75 10                        	MOV	ESI,DWORD [16+EBP]
    90 00000023 E8 [00000000]                   	CALL	_io_load_eflags
    91 00000028 89 45 F0                        	MOV	DWORD [-16+EBP],EAX
    92 0000002B E8 [00000000]                   	CALL	_io_cli
    93 00000030 53                              	PUSH	EBX
    94 00000031 68 000003C8                     	PUSH	968
    95 00000036 E8 [00000000]                   	CALL	_io_out8
    96 0000003B 39 FB                           	CMP	EBX,EDI
    97 0000003D 58                              	POP	EAX
    98 0000003E 5A                              	POP	EDX
    99 0000003F 7E 12                           	JLE	L7
   100 00000041                                 L9:
   101 00000041 8B 45 F0                        	MOV	EAX,DWORD [-16+EBP]
   102 00000044 89 45 08                        	MOV	DWORD [8+EBP],EAX
   103 00000047 8D 65 F4                        	LEA	ESP,DWORD [-12+EBP]
   104 0000004A 5B                              	POP	EBX
   105 0000004B 5E                              	POP	ESI
   106 0000004C 5F                              	POP	EDI
   107 0000004D 5D                              	POP	EBP
   108 0000004E E9 [00000000]                   	JMP	_io_store_eflags
   109 00000053                                 L7:
   110 00000053 8A 06                           	MOV	AL,BYTE [ESI]
   111 00000055 43                              	INC	EBX
   112 00000056 C0 E8 02                        	SHR	AL,2
   113 00000059 0F B6 C0                        	MOVZX	EAX,AL
   114 0000005C 50                              	PUSH	EAX
   115 0000005D 68 000003C9                     	PUSH	969
   116 00000062 E8 [00000000]                   	CALL	_io_out8
   117 00000067 8A 46 01                        	MOV	AL,BYTE [1+ESI]
   118 0000006A C0 E8 02                        	SHR	AL,2
   119 0000006D 0F B6 C0                        	MOVZX	EAX,AL
   120 00000070 50                              	PUSH	EAX
   121 00000071 68 000003C9                     	PUSH	969
   122 00000076 E8 [00000000]                   	CALL	_io_out8
   123 0000007B 8A 46 02                        	MOV	AL,BYTE [2+ESI]
   124 0000007E C0 E8 02                        	SHR	AL,2
   125 00000081 83 C6 03                        	ADD	ESI,3
   126 00000084 0F B6 C0                        	MOVZX	EAX,AL
   127 00000087 50                              	PUSH	EAX
   128 00000088 68 000003C9                     	PUSH	969
   129 0000008D E8 [00000000]                   	CALL	_io_out8
   130 00000092 83 C4 18                        	ADD	ESP,24
   131 00000095 39 FB                           	CMP	EBX,EDI
   132 00000097 7E BA                           	JLE	L7
   133 00000099 EB A6                           	JMP	L9
   134 0000009B                                 	GLOBAL	_boxfill8
   135 0000009B                                 _boxfill8:
   136 0000009B 55                              	PUSH	EBP
   137 0000009C 89 E5                           	MOV	EBP,ESP
   138 0000009E 57                              	PUSH	EDI
   139 0000009F 56                              	PUSH	ESI
   140 000000A0 8B 4D 18                        	MOV	ECX,DWORD [24+EBP]
   141 000000A3 53                              	PUSH	EBX
   142 000000A4 8B 7D 1C                        	MOV	EDI,DWORD [28+EBP]
   143 000000A7 3B 4D 20                        	CMP	ECX,DWORD [32+EBP]
   144 000000AA 7F 29                           	JG	L22
   145 000000AC 8B 5D 0C                        	MOV	EBX,DWORD [12+EBP]
   146 000000AF 0F AF D9                        	IMUL	EBX,ECX
   147 000000B2                                 L20:
   148 000000B2 8B 55 14                        	MOV	EDX,DWORD [20+EBP]
   149 000000B5 8D 04 93                        	LEA	EAX,DWORD [EBX+EDX*4]
   150 000000B8 03 45 08                        	ADD	EAX,DWORD [8+EBP]
   151 000000BB 39 FA                           	CMP	EDX,EDI
   152 000000BD 7F 0D                           	JG	L24
   153 000000BF                                 L19:
   154 000000BF 8B 75 10                        	MOV	ESI,DWORD [16+EBP]
   155 000000C2 42                              	INC	EDX
   156 000000C3 89 30                           	MOV	DWORD [EAX],ESI
   157 000000C5 83 C0 04                        	ADD	EAX,4
   158 000000C8 39 FA                           	CMP	EDX,EDI
   159 000000CA 7E F3                           	JLE	L19
   160 000000CC                                 L24:
   161 000000CC 41                              	INC	ECX
   162 000000CD 03 5D 0C                        	ADD	EBX,DWORD [12+EBP]
   163 000000D0 3B 4D 20                        	CMP	ECX,DWORD [32+EBP]
   164 000000D3 7E DD                           	JLE	L20
   165 000000D5                                 L22:
   166 000000D5 5B                              	POP	EBX
   167 000000D6 5E                              	POP	ESI
   168 000000D7 5F                              	POP	EDI
   169 000000D8 5D                              	POP	EBP
   170 000000D9 C3                              	RET
   171                                          [SECTION .data]
   172 00000030                                 	ALIGNB	4
   173 00000030                                 LC0:
   174 00000030 00000000                        	DD	0
   175 00000034 00FF0000                        	DD	16711680
   176 00000038 0000FF00                        	DD	65280
   177 0000003C 00FFFF00                        	DD	16776960
   178 00000040 000000FF                        	DD	255
   179 00000044 00FF00FF                        	DD	16711935
   180 00000048 0000FFFF                        	DD	65535
   181 0000004C 00FFFFFF                        	DD	16777215
   182 00000050 00C6C6C6                        	DD	13027014
   183 00000054 00840000                        	DD	8650752
   184 00000058 00008400                        	DD	33792
   185 0000005C 00848400                        	DD	8684544
   186 00000060 00000084                        	DD	132
   187 00000064 00840084                        	DD	8650884
   188 00000068 00008484                        	DD	33924
   189 0000006C 00848484                        	DD	8684676
   190                                          [SECTION .text]
   191 000000DA                                 	GLOBAL	_conver
   192 000000DA                                 _conver:
   193 000000DA 55                              	PUSH	EBP
   194 000000DB B9 00000010                     	MOV	ECX,16
   195 000000E0 89 E5                           	MOV	EBP,ESP
   196 000000E2 57                              	PUSH	EDI
   197 000000E3 56                              	PUSH	ESI
   198 000000E4 BE [00000030]                   	MOV	ESI,LC0
   199 000000E9 83 EC 40                        	SUB	ESP,64
   200 000000EC 8D 7D B8                        	LEA	EDI,DWORD [-72+EBP]
   201 000000EF FC                              	CLD
   202 000000F0 8B 55 08                        	MOV	EDX,DWORD [8+EBP]
   203 000000F3 F3                              	REP
   204 000000F4 A5                              	MOVSD
   205 000000F5 89 D0                           	MOV	EAX,EDX
   206 000000F7 83 FA 0F                        	CMP	EDX,15
   207 000000FA 77 04                           	JA	L25
   208 000000FC 8B 44 95 B8                     	MOV	EAX,DWORD [-72+EBP+EDX*4]
   209 00000100                                 L25:
   210 00000100 83 C4 40                        	ADD	ESP,64
   211 00000103 5E                              	POP	ESI
   212 00000104 5F                              	POP	EDI
   213 00000105 5D                              	POP	EBP
   214 00000106 C3                              	RET
   215 00000107                                 	GLOBAL	_boxfill
   216 00000107                                 _boxfill:
   217 00000107 55                              	PUSH	EBP
   218 00000108 89 E5                           	MOV	EBP,ESP
   219 0000010A FF 75 18                        	PUSH	DWORD [24+EBP]
   220 0000010D FF 75 14                        	PUSH	DWORD [20+EBP]
   221 00000110 FF 75 10                        	PUSH	DWORD [16+EBP]
   222 00000113 FF 75 0C                        	PUSH	DWORD [12+EBP]
   223 00000116 FF 75 08                        	PUSH	DWORD [8+EBP]
   224 00000119 E8 FFFFFFBC                     	CALL	_conver
   225 0000011E 8B 15 [00000000]                	MOV	EDX,DWORD [_binfo]
   226 00000124 89 04 24                        	MOV	DWORD [ESP],EAX
   227 00000127 0F BF 42 0C                     	MOVSX	EAX,WORD [12+EDX]
   228 0000012B 50                              	PUSH	EAX
   229 0000012C FF 72 08                        	PUSH	DWORD [8+EDX]
   230 0000012F E8 FFFFFF67                     	CALL	_boxfill8
   231 00000134 C9                              	LEAVE
   232 00000135 C3                              	RET
   233 00000136                                 	GLOBAL	_init_screen8
   234 00000136                                 _init_screen8:
   235 00000136 55                              	PUSH	EBP
   236 00000137 89 E5                           	MOV	EBP,ESP
   237 00000139 57                              	PUSH	EDI
   238 0000013A 56                              	PUSH	ESI
   239 0000013B 53                              	PUSH	EBX
   240 0000013C 83 EC 0C                        	SUB	ESP,12
   241 0000013F 8B 45 10                        	MOV	EAX,DWORD [16+EBP]
   242 00000142 8B 7D 0C                        	MOV	EDI,DWORD [12+EBP]
   243 00000145 83 E8 1D                        	SUB	EAX,29
   244 00000148 4F                              	DEC	EDI
   245 00000149 50                              	PUSH	EAX
   246 0000014A 57                              	PUSH	EDI
   247 0000014B 6A 00                           	PUSH	0
   248 0000014D 6A 00                           	PUSH	0
   249 0000014F 68 00008484                     	PUSH	33924
   250 00000154 FF 75 0C                        	PUSH	DWORD [12+EBP]
   251 00000157 FF 75 08                        	PUSH	DWORD [8+EBP]
   252 0000015A E8 FFFFFF3C                     	CALL	_boxfill8
   253 0000015F 8B 45 10                        	MOV	EAX,DWORD [16+EBP]
   254 00000162 83 E8 1C                        	SUB	EAX,28
   255 00000165 50                              	PUSH	EAX
   256 00000166 57                              	PUSH	EDI
   257 00000167 50                              	PUSH	EAX
   258 00000168 6A 00                           	PUSH	0
   259 0000016A 68 00C6C6C6                     	PUSH	13027014
   260 0000016F FF 75 0C                        	PUSH	DWORD [12+EBP]
   261 00000172 FF 75 08                        	PUSH	DWORD [8+EBP]
   262 00000175 E8 FFFFFF21                     	CALL	_boxfill8
   263 0000017A 8B 45 10                        	MOV	EAX,DWORD [16+EBP]
   264 0000017D 83 C4 38                        	ADD	ESP,56
   265 00000180 83 E8 1B                        	SUB	EAX,27
   266 00000183 50                              	PUSH	EAX
   267 00000184 57                              	PUSH	EDI
   268 00000185 50                              	PUSH	EAX
   269 00000186 6A 00                           	PUSH	0
   270 00000188 68 00FFFFFF                     	PUSH	16777215
   271 0000018D FF 75 0C                        	PUSH	DWORD [12+EBP]
   272 00000190 FF 75 08                        	PUSH	DWORD [8+EBP]
   273 00000193 E8 FFFFFF03                     	CALL	_boxfill8
   274 00000198 8B 45 10                        	MOV	EAX,DWORD [16+EBP]
   275 0000019B 48                              	DEC	EAX
   276 0000019C 50                              	PUSH	EAX
   277 0000019D 8B 45 10                        	MOV	EAX,DWORD [16+EBP]
   278 000001A0 57                              	PUSH	EDI
   279 000001A1 83 E8 1A                        	SUB	EAX,26
   280 000001A4 50                              	PUSH	EAX
   281 000001A5 6A 00                           	PUSH	0
   282 000001A7 68 00C6C6C6                     	PUSH	13027014
   283 000001AC FF 75 0C                        	PUSH	DWORD [12+EBP]
   284 000001AF FF 75 08                        	PUSH	DWORD [8+EBP]
   285 000001B2 E8 FFFFFEE4                     	CALL	_boxfill8
   286 000001B7 8B 75 10                        	MOV	ESI,DWORD [16+EBP]
   287 000001BA 83 C4 38                        	ADD	ESP,56
   288 000001BD 83 EE 18                        	SUB	ESI,24
   289 000001C0 56                              	PUSH	ESI
   290 000001C1 6A 3B                           	PUSH	59
   291 000001C3 56                              	PUSH	ESI
   292 000001C4 6A 03                           	PUSH	3
   293 000001C6 68 00FFFFFF                     	PUSH	16777215
   294 000001CB FF 75 0C                        	PUSH	DWORD [12+EBP]
   295 000001CE FF 75 08                        	PUSH	DWORD [8+EBP]
   296 000001D1 E8 FFFFFEC5                     	CALL	_boxfill8
   297 000001D6 8B 45 10                        	MOV	EAX,DWORD [16+EBP]
   298 000001D9 83 E8 04                        	SUB	EAX,4
   299 000001DC 50                              	PUSH	EAX
   300 000001DD 89 45 F0                        	MOV	DWORD [-16+EBP],EAX
   301 000001E0 6A 02                           	PUSH	2
   302 000001E2 56                              	PUSH	ESI
   303 000001E3 6A 02                           	PUSH	2
   304 000001E5 68 00FFFFFF                     	PUSH	16777215
   305 000001EA FF 75 0C                        	PUSH	DWORD [12+EBP]
   306 000001ED FF 75 08                        	PUSH	DWORD [8+EBP]
   307 000001F0 E8 FFFFFEA6                     	CALL	_boxfill8
   308 000001F5 83 C4 38                        	ADD	ESP,56
   309 000001F8 FF 75 F0                        	PUSH	DWORD [-16+EBP]
   310 000001FB 6A 3B                           	PUSH	59
   311 000001FD FF 75 F0                        	PUSH	DWORD [-16+EBP]
   312 00000200 6A 03                           	PUSH	3
   313 00000202 68 00848484                     	PUSH	8684676
   314 00000207 FF 75 0C                        	PUSH	DWORD [12+EBP]
   315 0000020A FF 75 08                        	PUSH	DWORD [8+EBP]
   316 0000020D E8 FFFFFE89                     	CALL	_boxfill8
   317 00000212 8B 45 10                        	MOV	EAX,DWORD [16+EBP]
   318 00000215 83 E8 05                        	SUB	EAX,5
   319 00000218 50                              	PUSH	EAX
   320 00000219 8B 45 10                        	MOV	EAX,DWORD [16+EBP]
   321 0000021C 6A 3B                           	PUSH	59
   322 0000021E 83 E8 17                        	SUB	EAX,23
   323 00000221 50                              	PUSH	EAX
   324 00000222 89 45 EC                        	MOV	DWORD [-20+EBP],EAX
   325 00000225 6A 3B                           	PUSH	59
   326 00000227 68 00848484                     	PUSH	8684676
   327 0000022C FF 75 0C                        	PUSH	DWORD [12+EBP]
   328 0000022F FF 75 08                        	PUSH	DWORD [8+EBP]
   329 00000232 E8 FFFFFE64                     	CALL	_boxfill8
   330 00000237 8B 45 10                        	MOV	EAX,DWORD [16+EBP]
   331 0000023A 83 C4 38                        	ADD	ESP,56
   332 0000023D 83 E8 03                        	SUB	EAX,3
   333 00000240 89 45 E8                        	MOV	DWORD [-24+EBP],EAX
   334 00000243 50                              	PUSH	EAX
   335 00000244 6A 3B                           	PUSH	59
   336 00000246 50                              	PUSH	EAX
   337 00000247 6A 02                           	PUSH	2
   338 00000249 6A 00                           	PUSH	0
   339 0000024B FF 75 0C                        	PUSH	DWORD [12+EBP]
   340 0000024E FF 75 08                        	PUSH	DWORD [8+EBP]
   341 00000251 E8 FFFFFE45                     	CALL	_boxfill8
   342 00000256 FF 75 E8                        	PUSH	DWORD [-24+EBP]
   343 00000259 6A 3C                           	PUSH	60
   344 0000025B 56                              	PUSH	ESI
   345 0000025C 6A 3C                           	PUSH	60
   346 0000025E 6A 00                           	PUSH	0
   347 00000260 FF 75 0C                        	PUSH	DWORD [12+EBP]
   348 00000263 FF 75 08                        	PUSH	DWORD [8+EBP]
   349 00000266 E8 FFFFFE30                     	CALL	_boxfill8
   350 0000026B 8B 7D 0C                        	MOV	EDI,DWORD [12+EBP]
   351 0000026E 83 C4 38                        	ADD	ESP,56
   352 00000271 8B 5D 0C                        	MOV	EBX,DWORD [12+EBP]
   353 00000274 83 EB 04                        	SUB	EBX,4
   354 00000277 83 EF 2F                        	SUB	EDI,47
   355 0000027A 56                              	PUSH	ESI
   356 0000027B 53                              	PUSH	EBX
   357 0000027C 56                              	PUSH	ESI
   358 0000027D 57                              	PUSH	EDI
   359 0000027E 68 00848484                     	PUSH	8684676
   360 00000283 FF 75 0C                        	PUSH	DWORD [12+EBP]
   361 00000286 FF 75 08                        	PUSH	DWORD [8+EBP]
   362 00000289 E8 FFFFFE0D                     	CALL	_boxfill8
   363 0000028E FF 75 F0                        	PUSH	DWORD [-16+EBP]
   364 00000291 57                              	PUSH	EDI
   365 00000292 FF 75 EC                        	PUSH	DWORD [-20+EBP]
   366 00000295 57                              	PUSH	EDI
   367 00000296 68 00848484                     	PUSH	8684676
   368 0000029B FF 75 0C                        	PUSH	DWORD [12+EBP]
   369 0000029E FF 75 08                        	PUSH	DWORD [8+EBP]
   370 000002A1 E8 FFFFFDF5                     	CALL	_boxfill8
   371 000002A6 83 C4 38                        	ADD	ESP,56
   372 000002A9 FF 75 E8                        	PUSH	DWORD [-24+EBP]
   373 000002AC 53                              	PUSH	EBX
   374 000002AD FF 75 E8                        	PUSH	DWORD [-24+EBP]
   375 000002B0 57                              	PUSH	EDI
   376 000002B1 68 00FFFFFF                     	PUSH	16777215
   377 000002B6 FF 75 0C                        	PUSH	DWORD [12+EBP]
   378 000002B9 FF 75 08                        	PUSH	DWORD [8+EBP]
   379 000002BC E8 FFFFFDDA                     	CALL	_boxfill8
   380 000002C1 8B 45 0C                        	MOV	EAX,DWORD [12+EBP]
   381 000002C4 FF 75 E8                        	PUSH	DWORD [-24+EBP]
   382 000002C7 83 E8 03                        	SUB	EAX,3
   383 000002CA 50                              	PUSH	EAX
   384 000002CB 56                              	PUSH	ESI
   385 000002CC 50                              	PUSH	EAX
   386 000002CD 68 00FFFFFF                     	PUSH	16777215
   387 000002D2 FF 75 0C                        	PUSH	DWORD [12+EBP]
   388 000002D5 FF 75 08                        	PUSH	DWORD [8+EBP]
   389 000002D8 E8 FFFFFDBE                     	CALL	_boxfill8
   390 000002DD 8D 65 F4                        	LEA	ESP,DWORD [-12+EBP]
   391 000002E0 5B                              	POP	EBX
   392 000002E1 5E                              	POP	ESI
   393 000002E2 5F                              	POP	EDI
   394 000002E3 5D                              	POP	EBP
   395 000002E4 C3                              	RET
   396 000002E5                                 	GLOBAL	_putfont8
   397 000002E5                                 _putfont8:
   398 000002E5 55                              	PUSH	EBP
   399 000002E6 89 E5                           	MOV	EBP,ESP
   400 000002E8 57                              	PUSH	EDI
   401 000002E9 56                              	PUSH	ESI
   402 000002EA 31 F6                           	XOR	ESI,ESI
   403 000002EC 53                              	PUSH	EBX
   404 000002ED 8B 7D 14                        	MOV	EDI,DWORD [20+EBP]
   405 000002F0 FF 75 18                        	PUSH	DWORD [24+EBP]
   406 000002F3 E8 FFFFFDE2                     	CALL	_conver
   407 000002F8 89 C3                           	MOV	EBX,EAX
   408 000002FA 58                              	POP	EAX
   409 000002FB                                 L45:
   410 000002FB 83 7D 20 01                     	CMP	DWORD [32+EBP],1
   411 000002FF 0F 84 00000083                  	JE	L48
   412 00000305 8D 04 3E                        	LEA	EAX,DWORD [ESI+EDI*1]
   413 00000308 8B 55 10                        	MOV	EDX,DWORD [16+EBP]
   414 0000030B 0F AF 45 0C                     	IMUL	EAX,DWORD [12+EBP]
   415 0000030F 8D 04 90                        	LEA	EAX,DWORD [EAX+EDX*4]
   416 00000312 8B 55 08                        	MOV	EDX,DWORD [8+EBP]
   417 00000315 8D 0C 02                        	LEA	ECX,DWORD [EDX+EAX*1]
   418 00000318                                 L36:
   419 00000318 8B 45 1C                        	MOV	EAX,DWORD [28+EBP]
   420 0000031B 8A 14 06                        	MOV	DL,BYTE [ESI+EAX*1]
   421 0000031E 84 D2                           	TEST	DL,DL
   422 00000320 79 02                           	JNS	L37
   423 00000322 89 19                           	MOV	DWORD [ECX],EBX
   424 00000324                                 L37:
   425 00000324 88 D0                           	MOV	AL,DL
   426 00000326 83 E0 40                        	AND	EAX,64
   427 00000329 84 C0                           	TEST	AL,AL
   428 0000032B 74 03                           	JE	L38
   429 0000032D 89 59 04                        	MOV	DWORD [4+ECX],EBX
   430 00000330                                 L38:
   431 00000330 88 D0                           	MOV	AL,DL
   432 00000332 83 E0 20                        	AND	EAX,32
   433 00000335 84 C0                           	TEST	AL,AL
   434 00000337 74 03                           	JE	L39
   435 00000339 89 59 08                        	MOV	DWORD [8+ECX],EBX
   436 0000033C                                 L39:
   437 0000033C 88 D0                           	MOV	AL,DL
   438 0000033E 83 E0 10                        	AND	EAX,16
   439 00000341 84 C0                           	TEST	AL,AL
   440 00000343 74 03                           	JE	L40
   441 00000345 89 59 0C                        	MOV	DWORD [12+ECX],EBX
   442 00000348                                 L40:
   443 00000348 88 D0                           	MOV	AL,DL
   444 0000034A 83 E0 08                        	AND	EAX,8
   445 0000034D 84 C0                           	TEST	AL,AL
   446 0000034F 74 03                           	JE	L41
   447 00000351 89 59 10                        	MOV	DWORD [16+ECX],EBX
   448 00000354                                 L41:
   449 00000354 88 D0                           	MOV	AL,DL
   450 00000356 83 E0 04                        	AND	EAX,4
   451 00000359 84 C0                           	TEST	AL,AL
   452 0000035B 74 03                           	JE	L42
   453 0000035D 89 59 14                        	MOV	DWORD [20+ECX],EBX
   454 00000360                                 L42:
   455 00000360 88 D0                           	MOV	AL,DL
   456 00000362 83 E0 02                        	AND	EAX,2
   457 00000365 84 C0                           	TEST	AL,AL
   458 00000367 74 03                           	JE	L43
   459 00000369 89 59 18                        	MOV	DWORD [24+ECX],EBX
   460 0000036C                                 L43:
   461 0000036C 83 E2 01                        	AND	EDX,1
   462 0000036F 84 D2                           	TEST	DL,DL
   463 00000371 74 03                           	JE	L33
   464 00000373 89 59 1C                        	MOV	DWORD [28+ECX],EBX
   465 00000376                                 L33:
   466 00000376 46                              	INC	ESI
   467 00000377 83 FE 0F                        	CMP	ESI,15
   468 0000037A 0F 8E FFFFFF7B                  	JLE	L45
   469 00000380 8D 65 F4                        	LEA	ESP,DWORD [-12+EBP]
   470 00000383 5B                              	POP	EBX
   471 00000384 5E                              	POP	ESI
   472 00000385 5F                              	POP	EDI
   473 00000386 5D                              	POP	EBP
   474 00000387 C3                              	RET
   475 00000388                                 L48:
   476 00000388 8D 04 3E                        	LEA	EAX,DWORD [ESI+EDI*1]
   477 0000038B 8B 55 08                        	MOV	EDX,DWORD [8+EBP]
   478 0000038E 0F AF 45 0C                     	IMUL	EAX,DWORD [12+EBP]
   479 00000392 03 45 10                        	ADD	EAX,DWORD [16+EBP]
   480 00000395 8D 0C 82                        	LEA	ECX,DWORD [EDX+EAX*4]
   481 00000398 E9 FFFFFF7B                     	JMP	L36
   482 0000039D                                 	GLOBAL	_putfonts8_asc
   483 0000039D                                 _putfonts8_asc:
   484 0000039D 55                              	PUSH	EBP
   485 0000039E 89 E5                           	MOV	EBP,ESP
   486 000003A0 57                              	PUSH	EDI
   487 000003A1 56                              	PUSH	ESI
   488 000003A2 53                              	PUSH	EBX
   489 000003A3 8B 7D 18                        	MOV	EDI,DWORD [24+EBP]
   490 000003A6 8B 5D 1C                        	MOV	EBX,DWORD [28+EBP]
   491 000003A9 8B 75 10                        	MOV	ESI,DWORD [16+EBP]
   492 000003AC 80 3B 00                        	CMP	BYTE [EBX],0
   493 000003AF 75 08                           	JNE	L54
   494 000003B1                                 L56:
   495 000003B1 8D 65 F4                        	LEA	ESP,DWORD [-12+EBP]
   496 000003B4 5B                              	POP	EBX
   497 000003B5 5E                              	POP	ESI
   498 000003B6 5F                              	POP	EDI
   499 000003B7 5D                              	POP	EBP
   500 000003B8 C3                              	RET
   501 000003B9                                 L54:
   502 000003B9 6A 00                           	PUSH	0
   503 000003BB 0F B6 03                        	MOVZX	EAX,BYTE [EBX]
   504 000003BE C1 E0 04                        	SAL	EAX,4
   505 000003C1 43                              	INC	EBX
   506 000003C2 05 [00000000]                   	ADD	EAX,_hankaku
   507 000003C7 50                              	PUSH	EAX
   508 000003C8 57                              	PUSH	EDI
   509 000003C9 FF 75 14                        	PUSH	DWORD [20+EBP]
   510 000003CC 56                              	PUSH	ESI
   511 000003CD 83 C6 08                        	ADD	ESI,8
   512 000003D0 FF 75 0C                        	PUSH	DWORD [12+EBP]
   513 000003D3 FF 75 08                        	PUSH	DWORD [8+EBP]
   514 000003D6 E8 FFFFFF0A                     	CALL	_putfont8
   515 000003DB 83 C4 1C                        	ADD	ESP,28
   516 000003DE 80 3B 00                        	CMP	BYTE [EBX],0
   517 000003E1 75 D6                           	JNE	L54
   518 000003E3 EB CC                           	JMP	L56
   519 000003E5                                 	GLOBAL	_putfonts8_ascAll
   520 000003E5                                 _putfonts8_ascAll:
   521 000003E5 55                              	PUSH	EBP
   522 000003E6 89 E5                           	MOV	EBP,ESP
   523 000003E8 57                              	PUSH	EDI
   524 000003E9 56                              	PUSH	ESI
   525 000003EA 53                              	PUSH	EBX
   526 000003EB 8B 7D 0C                        	MOV	EDI,DWORD [12+EBP]
   527 000003EE 8B 5D 10                        	MOV	EBX,DWORD [16+EBP]
   528 000003F1 8B 75 08                        	MOV	ESI,DWORD [8+EBP]
   529 000003F4 80 3B 00                        	CMP	BYTE [EBX],0
   530 000003F7 75 08                           	JNE	L62
   531 000003F9                                 L64:
   532 000003F9 8D 65 F4                        	LEA	ESP,DWORD [-12+EBP]
   533 000003FC 5B                              	POP	EBX
   534 000003FD 5E                              	POP	ESI
   535 000003FE 5F                              	POP	EDI
   536 000003FF 5D                              	POP	EBP
   537 00000400 C3                              	RET
   538 00000401                                 L62:
   539 00000401 6A 00                           	PUSH	0
   540 00000403 0F B6 03                        	MOVZX	EAX,BYTE [EBX]
   541 00000406 C1 E0 04                        	SAL	EAX,4
   542 00000409 43                              	INC	EBX
   543 0000040A 05 [00000000]                   	ADD	EAX,_hankaku
   544 0000040F 50                              	PUSH	EAX
   545 00000410 6A 0F                           	PUSH	15
   546 00000412 57                              	PUSH	EDI
   547 00000413 56                              	PUSH	ESI
   548 00000414 83 C6 08                        	ADD	ESI,8
   549 00000417 0F BF 05 00000FFC               	MOVSX	EAX,WORD [4092]
   550 0000041E 50                              	PUSH	EAX
   551 0000041F FF 35 00000FF8                  	PUSH	DWORD [4088]
   552 00000425 E8 FFFFFEBB                     	CALL	_putfont8
   553 0000042A 83 C4 1C                        	ADD	ESP,28
   554 0000042D 80 3B 00                        	CMP	BYTE [EBX],0
   555 00000430 75 CF                           	JNE	L62
   556 00000432 EB C5                           	JMP	L64
   557 00000434                                 	GLOBAL	_putfonts8_sht
   558 00000434                                 _putfonts8_sht:
   559 00000434 55                              	PUSH	EBP
   560 00000435 89 E5                           	MOV	EBP,ESP
   561 00000437 57                              	PUSH	EDI
   562 00000438 56                              	PUSH	ESI
   563 00000439 53                              	PUSH	EBX
   564 0000043A 8B 7D 08                        	MOV	EDI,DWORD [8+EBP]
   565 0000043D 8B 5D 14                        	MOV	EBX,DWORD [20+EBP]
   566 00000440 8B 75 0C                        	MOV	ESI,DWORD [12+EBP]
   567 00000443 80 3B 00                        	CMP	BYTE [EBX],0
   568 00000446 75 08                           	JNE	L70
   569 00000448                                 L72:
   570 00000448 8D 65 F4                        	LEA	ESP,DWORD [-12+EBP]
   571 0000044B 5B                              	POP	EBX
   572 0000044C 5E                              	POP	ESI
   573 0000044D 5F                              	POP	EDI
   574 0000044E 5D                              	POP	EBP
   575 0000044F C3                              	RET
   576 00000450                                 L70:
   577 00000450 FF 75 18                        	PUSH	DWORD [24+EBP]
   578 00000453 0F B6 03                        	MOVZX	EAX,BYTE [EBX]
   579 00000456 C1 E0 04                        	SAL	EAX,4
   580 00000459 43                              	INC	EBX
   581 0000045A 05 [00000000]                   	ADD	EAX,_hankaku
   582 0000045F 50                              	PUSH	EAX
   583 00000460 68 00FFFFFF                     	PUSH	16777215
   584 00000465 FF 75 10                        	PUSH	DWORD [16+EBP]
   585 00000468 56                              	PUSH	ESI
   586 00000469 83 C6 08                        	ADD	ESI,8
   587 0000046C FF 77 04                        	PUSH	DWORD [4+EDI]
   588 0000046F FF 37                           	PUSH	DWORD [EDI]
   589 00000471 E8 FFFFFE6F                     	CALL	_putfont8
   590 00000476 83 C4 1C                        	ADD	ESP,28
   591 00000479 80 3B 00                        	CMP	BYTE [EBX],0
   592 0000047C 75 D2                           	JNE	L70
   593 0000047E EB C8                           	JMP	L72
   594                                          [SECTION .data]
   595 00000070                                 _cursor.1:
   596 00000070 2A 2A 2A 2A 2A 2A 2A 2A 2A 2A   	DB	"**************.."
       0000007A 2A 2A 2A 2A 2E 2E 
   597 00000080 2A 4F 4F 4F 4F 4F 4F 4F 4F 4F   	DB	"*OOOOOOOOOOO*..."
       0000008A 4F 4F 2A 2E 2E 2E 
   598 00000090 2A 4F 4F 4F 4F 4F 4F 4F 4F 4F   	DB	"*OOOOOOOOOO*...."
       0000009A 4F 2A 2E 2E 2E 2E 
   599 000000A0 2A 4F 4F 4F 4F 4F 4F 4F 4F 4F   	DB	"*OOOOOOOOO*....."
       000000AA 2A 2E 2E 2E 2E 2E 
   600 000000B0 2A 4F 4F 4F 4F 4F 4F 4F 4F 2A   	DB	"*OOOOOOOO*......"
       000000BA 2E 2E 2E 2E 2E 2E 
   601 000000C0 2A 4F 4F 4F 4F 4F 4F 4F 2A 2E   	DB	"*OOOOOOO*......."
       000000CA 2E 2E 2E 2E 2E 2E 
   602 000000D0 2A 4F 4F 4F 4F 4F 4F 4F 2A 2E   	DB	"*OOOOOOO*......."
       000000DA 2E 2E 2E 2E 2E 2E 
   603 000000E0 2A 4F 4F 4F 4F 4F 4F 4F 4F 2A   	DB	"*OOOOOOOO*......"
       000000EA 2E 2E 2E 2E 2E 2E 
   604 000000F0 2A 4F 4F 4F 4F 2A 2A 4F 4F 4F   	DB	"*OOOO**OOO*....."
       000000FA 2A 2E 2E 2E 2E 2E 
   605 00000100 2A 4F 4F 4F 2A 2E 2E 2A 4F 4F   	DB	"*OOO*..*OOO*...."
       0000010A 4F 2A 2E 2E 2E 2E 
   606 00000110 2A 4F 4F 2A 2E 2E 2E 2E 2A 4F   	DB	"*OO*....*OOO*..."
       0000011A 4F 4F 2A 2E 2E 2E 
   607 00000120 2A 4F 2A 2E 2E 2E 2E 2E 2E 2A   	DB	"*O*......*OOO*.."
       0000012A 4F 4F 4F 2A 2E 2E 
   608 00000130 2A 2A 2E 2E 2E 2E 2E 2E 2E 2E   	DB	"**........*OOO*."
       0000013A 2A 4F 4F 4F 2A 2E 
   609 00000140 2A 2E 2E 2E 2E 2E 2E 2E 2E 2E   	DB	"*..........*OOO*"
       0000014A 2E 2A 4F 4F 4F 2A 
   610 00000150 2E 2E 2E 2E 2E 2E 2E 2E 2E 2E   	DB	"............*OO*"
       0000015A 2E 2E 2A 4F 4F 2A 
   611 00000160 2E 2E 2E 2E 2E 2E 2E 2E 2E 2E   	DB	".............***"
       0000016A 2E 2E 2E 2A 2A 2A 
   612                                          [SECTION .text]
   613 00000480                                 	GLOBAL	_init_mouse_cursor8
   614 00000480                                 _init_mouse_cursor8:
   615 00000480 55                              	PUSH	EBP
   616 00000481 89 E5                           	MOV	EBP,ESP
   617 00000483 57                              	PUSH	EDI
   618 00000484 56                              	PUSH	ESI
   619 00000485 31 FF                           	XOR	EDI,EDI
   620 00000487 53                              	PUSH	EBX
   621 00000488 8B 75 08                        	MOV	ESI,DWORD [8+EBP]
   622 0000048B 31 DB                           	XOR	EBX,EBX
   623 0000048D                                 L88:
   624 0000048D 31 C9                           	XOR	ECX,ECX
   625 0000048F                                 L87:
   626 0000048F 8D 14 19                        	LEA	EDX,DWORD [ECX+EBX*1]
   627 00000492 8A 82 [00000070]                	MOV	AL,BYTE [_cursor.1+EDX]
   628 00000498 3C 2A                           	CMP	AL,42
   629 0000049A 74 2E                           	JE	L93
   630 0000049C 3C 4F                           	CMP	AL,79
   631 0000049E 74 21                           	JE	L94
   632 000004A0 3C 2E                           	CMP	AL,46
   633 000004A2 74 14                           	JE	L95
   634 000004A4                                 L80:
   635 000004A4 41                              	INC	ECX
   636 000004A5 83 F9 0F                        	CMP	ECX,15
   637 000004A8 7E E5                           	JLE	L87
   638 000004AA 47                              	INC	EDI
   639 000004AB 83 C3 10                        	ADD	EBX,16
   640 000004AE 83 FF 0F                        	CMP	EDI,15
   641 000004B1 7E DA                           	JLE	L88
   642 000004B3 5B                              	POP	EBX
   643 000004B4 5E                              	POP	ESI
   644 000004B5 5F                              	POP	EDI
   645 000004B6 5D                              	POP	EBP
   646 000004B7 C3                              	RET
   647 000004B8                                 L95:
   648 000004B8 C7 04 96 00FF00FF               	MOV	DWORD [ESI+EDX*4],16711935
   649 000004BF EB E3                           	JMP	L80
   650 000004C1                                 L94:
   651 000004C1 C7 04 96 00FFFFFF               	MOV	DWORD [ESI+EDX*4],16777215
   652 000004C8 EB DA                           	JMP	L80
   653 000004CA                                 L93:
   654 000004CA C7 04 96 00000000               	MOV	DWORD [ESI+EDX*4],0
   655 000004D1 EB D1                           	JMP	L80
   656 000004D3                                 	GLOBAL	_putblock8_8
   657 000004D3                                 _putblock8_8:
   658 000004D3 55                              	PUSH	EBP
   659 000004D4 89 E5                           	MOV	EBP,ESP
   660 000004D6 57                              	PUSH	EDI
   661 000004D7 56                              	PUSH	ESI
   662 000004D8 31 F6                           	XOR	ESI,ESI
   663 000004DA 53                              	PUSH	EBX
   664 000004DB 83 EC 0C                        	SUB	ESP,12
   665 000004DE 3B 75 14                        	CMP	ESI,DWORD [20+EBP]
   666 000004E1 7D 3E                           	JGE	L108
   667 000004E3 31 FF                           	XOR	EDI,EDI
   668 000004E5                                 L106:
   669 000004E5 31 DB                           	XOR	EBX,EBX
   670 000004E7 3B 5D 10                        	CMP	EBX,DWORD [16+EBP]
   671 000004EA 7D 2C                           	JGE	L110
   672 000004EC 8B 45 20                        	MOV	EAX,DWORD [32+EBP]
   673 000004EF 01 F8                           	ADD	EAX,EDI
   674 000004F1 89 45 EC                        	MOV	DWORD [-20+EBP],EAX
   675 000004F4                                 L105:
   676 000004F4 8B 45 1C                        	MOV	EAX,DWORD [28+EBP]
   677 000004F7 8B 55 18                        	MOV	EDX,DWORD [24+EBP]
   678 000004FA 01 F0                           	ADD	EAX,ESI
   679 000004FC 01 DA                           	ADD	EDX,EBX
   680 000004FE 0F AF 45 0C                     	IMUL	EAX,DWORD [12+EBP]
   681 00000502 01 D0                           	ADD	EAX,EDX
   682 00000504 8B 4D 08                        	MOV	ECX,DWORD [8+EBP]
   683 00000507 8B 55 EC                        	MOV	EDX,DWORD [-20+EBP]
   684 0000050A 43                              	INC	EBX
   685 0000050B 8A 12                           	MOV	DL,BYTE [EDX]
   686 0000050D 88 14 08                        	MOV	BYTE [EAX+ECX*1],DL
   687 00000510 FF 45 EC                        	INC	DWORD [-20+EBP]
   688 00000513 3B 5D 10                        	CMP	EBX,DWORD [16+EBP]
   689 00000516 7C DC                           	JL	L105
   690 00000518                                 L110:
   691 00000518 46                              	INC	ESI
   692 00000519 03 7D 24                        	ADD	EDI,DWORD [36+EBP]
   693 0000051C 3B 75 14                        	CMP	ESI,DWORD [20+EBP]
   694 0000051F 7C C4                           	JL	L106
   695 00000521                                 L108:
   696 00000521 83 C4 0C                        	ADD	ESP,12
   697 00000524 5B                              	POP	EBX
   698 00000525 5E                              	POP	ESI
   699 00000526 5F                              	POP	EDI
   700 00000527 5D                              	POP	EBP
   701 00000528 C3                              	RET
   702 00000529                                 	GLOBAL	_displayimage_sheet
   703 00000529                                 _displayimage_sheet:
   704 00000529 55                              	PUSH	EBP
   705 0000052A 89 E5                           	MOV	EBP,ESP
   706 0000052C 57                              	PUSH	EDI
   707 0000052D 56                              	PUSH	ESI
   708 0000052E 53                              	PUSH	EBX
   709 0000052F 83 EC 20                        	SUB	ESP,32
   710 00000532 8B 75 08                        	MOV	ESI,DWORD [8+EBP]
   711 00000535 8B 46 08                        	MOV	EAX,DWORD [8+ESI]
   712 00000538 8B 7E 04                        	MOV	EDI,DWORD [4+ESI]
   713 0000053B 89 45 F0                        	MOV	DWORD [-16+EBP],EAX
   714 0000053E 80 3E 4C                        	CMP	BYTE [ESI],76
   715 00000541 74 08                           	JE	L128
   716 00000543                                 L111:
   717 00000543 8D 65 F4                        	LEA	ESP,DWORD [-12+EBP]
   718 00000546 5B                              	POP	EBX
   719 00000547 5E                              	POP	ESI
   720 00000548 5F                              	POP	EDI
   721 00000549 5D                              	POP	EBP
   722 0000054A C3                              	RET
   723 0000054B                                 L128:
   724 0000054B 80 7E 01 5A                     	CMP	BYTE [1+ESI],90
   725 0000054F 75 F2                           	JNE	L111
   726 00000551 57                              	PUSH	EDI
   727 00000552 E8 [00000000]                   	CALL	_memget
   728 00000557 57                              	PUSH	EDI
   729 00000558 FF 75 F0                        	PUSH	DWORD [-16+EBP]
   730 0000055B 50                              	PUSH	EAX
   731 0000055C 89 C3                           	MOV	EBX,EAX
   732 0000055E 8D 46 0C                        	LEA	EAX,DWORD [12+ESI]
   733 00000561 50                              	PUSH	EAX
   734 00000562 8D 7B 04                        	LEA	EDI,DWORD [4+EBX]
   735 00000565 E8 [00000000]                   	CALL	_LZ4_decompress_safe
   736 0000056A 66 8B 4B 02                     	MOV	CX,WORD [2+EBX]
   737 0000056E 66 8B 13                        	MOV	DX,WORD [EBX]
   738 00000571 0F B7 C2                        	MOVZX	EAX,DX
   739 00000574 66 89 55 EE                     	MOV	WORD [-18+EBP],DX
   740 00000578 89 45 E0                        	MOV	DWORD [-32+EBP],EAX
   741 0000057B 0F B7 D1                        	MOVZX	EDX,CX
   742 0000057E 0F AF C2                        	IMUL	EAX,EDX
   743 00000581 C1 E0 02                        	SAL	EAX,2
   744 00000584 89 55 DC                        	MOV	DWORD [-36+EBP],EDX
   745 00000587 66 89 4D EC                     	MOV	WORD [-20+EBP],CX
   746 0000058B 50                              	PUSH	EAX
   747 0000058C E8 [00000000]                   	CALL	_memget
   748 00000591 83 C4 18                        	ADD	ESP,24
   749 00000594 C7 45 E8 00000000               	MOV	DWORD [-24+EBP],0
   750 0000059B 89 45 E4                        	MOV	DWORD [-28+EBP],EAX
   751 0000059E 8B 45 10                        	MOV	EAX,DWORD [16+EBP]
   752 000005A1 8B 4D E4                        	MOV	ECX,DWORD [-28+EBP]
   753 000005A4 89 08                           	MOV	DWORD [EAX],ECX
   754 000005A6 8B 45 DC                        	MOV	EAX,DWORD [-36+EBP]
   755 000005A9 39 45 E8                        	CMP	DWORD [-24+EBP],EAX
   756 000005AC 7D 6A                           	JGE	L115
   757 000005AE                                 L125:
   758 000005AE 8B 15 [00000000]                	MOV	EDX,DWORD [_binfo]
   759 000005B4 89 55 D8                        	MOV	DWORD [-40+EBP],EDX
   760 000005B7 0F BF 42 06                     	MOVSX	EAX,WORD [6+EDX]
   761 000005BB 39 45 E8                        	CMP	DWORD [-24+EBP],EAX
   762 000005BE 7D 58                           	JGE	L115
   763 000005C0 31 F6                           	XOR	ESI,ESI
   764 000005C2 8B 5D E0                        	MOV	EBX,DWORD [-32+EBP]
   765 000005C5 39 DE                           	CMP	ESI,EBX
   766 000005C7 7D 44                           	JGE	L116
   767 000005C9                                 L124:
   768 000005C9 8B 45 E8                        	MOV	EAX,DWORD [-24+EBP]
   769 000005CC 8B 55 D8                        	MOV	EDX,DWORD [-40+EBP]
   770 000005CF 0F AF C3                        	IMUL	EAX,EBX
   771 000005D2 01 F0                           	ADD	EAX,ESI
   772 000005D4 6B C8 03                        	IMUL	ECX,EAX,3
   773 000005D7 89 45 D4                        	MOV	DWORD [-44+EBP],EAX
   774 000005DA 0F BF 42 04                     	MOVSX	EAX,WORD [4+EDX]
   775 000005DE 39 C6                           	CMP	ESI,EAX
   776 000005E0 7D 2B                           	JGE	L116
   777 000005E2 0F B6 04 39                     	MOVZX	EAX,BYTE [ECX+EDI*1]
   778 000005E6 0F B6 54 39 01                  	MOVZX	EDX,BYTE [1+ECX+EDI*1]
   779 000005EB C1 E0 10                        	SAL	EAX,16
   780 000005EE 46                              	INC	ESI
   781 000005EF C1 E2 08                        	SAL	EDX,8
   782 000005F2 0D FF000000                     	OR	EAX,-16777216
   783 000005F7 09 D0                           	OR	EAX,EDX
   784 000005F9 0F B6 54 39 02                  	MOVZX	EDX,BYTE [2+ECX+EDI*1]
   785 000005FE 09 D0                           	OR	EAX,EDX
   786 00000600 8B 4D D4                        	MOV	ECX,DWORD [-44+EBP]
   787 00000603 8B 55 E4                        	MOV	EDX,DWORD [-28+EBP]
   788 00000606 39 DE                           	CMP	ESI,EBX
   789 00000608 89 04 8A                        	MOV	DWORD [EDX+ECX*4],EAX
   790 0000060B 7C BC                           	JL	L124
   791 0000060D                                 L116:
   792 0000060D 8B 4D DC                        	MOV	ECX,DWORD [-36+EBP]
   793 00000610 FF 45 E8                        	INC	DWORD [-24+EBP]
   794 00000613 39 4D E8                        	CMP	DWORD [-24+EBP],ECX
   795 00000616 7C 96                           	JL	L125
   796 00000618                                 L115:
   797 00000618 68 00FFFFFF                     	PUSH	16777215
   798 0000061D 0F B7 45 EC                     	MOVZX	EAX,WORD [-20+EBP]
   799 00000621 50                              	PUSH	EAX
   800 00000622 0F B7 45 EE                     	MOVZX	EAX,WORD [-18+EBP]
   801 00000626 50                              	PUSH	EAX
   802 00000627 FF 75 E4                        	PUSH	DWORD [-28+EBP]
   803 0000062A FF 75 0C                        	PUSH	DWORD [12+EBP]
   804 0000062D E8 [00000000]                   	CALL	_sheet_setbuf
   805 00000632 E9 FFFFFF0C                     	JMP	L111
   806 00000637                                 	GLOBAL	_putfonts8_chinese
   807 00000637                                 _putfonts8_chinese:
   808 00000637 55                              	PUSH	EBP
   809 00000638 89 E5                           	MOV	EBP,ESP
   810 0000063A 57                              	PUSH	EDI
   811 0000063B 56                              	PUSH	ESI
   812 0000063C 31 FF                           	XOR	EDI,EDI
   813 0000063E 53                              	PUSH	EBX
   814 0000063F 83 EC 10                        	SUB	ESP,16
   815 00000642 8B 55 14                        	MOV	EDX,DWORD [20+EBP]
   816 00000645 0F B6 02                        	MOVZX	EAX,BYTE [EDX]
   817 00000648 6B C0 5E                        	IMUL	EAX,EAX,94
   818 0000064B 0F B6 52 01                     	MOVZX	EDX,BYTE [1+EDX]
   819 0000064F 8D 84 02 FFFFC4A0               	LEA	EAX,DWORD [-15200+EDX+EAX*1]
   820 00000656 8B 15 [00000000]                	MOV	EDX,DWORD [_hzk_buf]
   821 0000065C C1 E0 05                        	SAL	EAX,5
   822 0000065F 8D 84 02 FFFFF420               	LEA	EAX,DWORD [-3040+EDX+EAX*1]
   823 00000666 89 45 EC                        	MOV	DWORD [-20+EBP],EAX
   824 00000669                                 L146:
   825 00000669 C7 45 F0 00000000               	MOV	DWORD [-16+EBP],0
   826 00000670 8B 75 0C                        	MOV	ESI,DWORD [12+EBP]
   827 00000673                                 L145:
   828 00000673 8B 55 F0                        	MOV	EDX,DWORD [-16+EBP]
   829 00000676 8B 4D EC                        	MOV	ECX,DWORD [-20+EBP]
   830 00000679 31 DB                           	XOR	EBX,EBX
   831 0000067B 8D 04 7A                        	LEA	EAX,DWORD [EDX+EDI*2]
   832 0000067E 8A 04 08                        	MOV	AL,BYTE [EAX+ECX*1]
   833 00000681 88 45 EB                        	MOV	BYTE [-21+EBP],AL
   834 00000684                                 L144:
   835 00000684 B8 00000080                     	MOV	EAX,128
   836 00000689 88 D9                           	MOV	CL,BL
   837 0000068B 0F B6 55 EB                     	MOVZX	EDX,BYTE [-21+EBP]
   838 0000068F D3 F8                           	SAR	EAX,CL
   839 00000691 85 C2                           	TEST	EDX,EAX
   840 00000693 74 2F                           	JE	L140
   841 00000695 8B 55 08                        	MOV	EDX,DWORD [8+EBP]
   842 00000698 8D 04 33                        	LEA	EAX,DWORD [EBX+ESI*1]
   843 0000069B 89 45 E4                        	MOV	DWORD [-28+EBP],EAX
   844 0000069E 8B 4A 04                        	MOV	ECX,DWORD [4+EDX]
   845 000006A1 39 C8                           	CMP	EAX,ECX
   846 000006A3 7D 1F                           	JGE	L140
   847 000006A5 8B 45 10                        	MOV	EAX,DWORD [16+EBP]
   848 000006A8 01 F8                           	ADD	EAX,EDI
   849 000006AA 3B 42 08                        	CMP	EAX,DWORD [8+EDX]
   850 000006AD 7D 15                           	JGE	L140
   851 000006AF 0F AF C1                        	IMUL	EAX,ECX
   852 000006B2 8B 4D E4                        	MOV	ECX,DWORD [-28+EBP]
   853 000006B5 8D 14 01                        	LEA	EDX,DWORD [ECX+EAX*1]
   854 000006B8 8B 4D 08                        	MOV	ECX,DWORD [8+EBP]
   855 000006BB 8B 01                           	MOV	EAX,DWORD [ECX]
   856 000006BD C7 04 90 00FFFFFF               	MOV	DWORD [EAX+EDX*4],16777215
   857 000006C4                                 L140:
   858 000006C4 43                              	INC	EBX
   859 000006C5 83 FB 07                        	CMP	EBX,7
   860 000006C8 7E BA                           	JLE	L144
   861 000006CA FF 45 F0                        	INC	DWORD [-16+EBP]
   862 000006CD 83 C6 08                        	ADD	ESI,8
   863 000006D0 83 7D F0 01                     	CMP	DWORD [-16+EBP],1
   864 000006D4 7E 9D                           	JLE	L145
   865 000006D6 47                              	INC	EDI
   866 000006D7 83 FF 0F                        	CMP	EDI,15
   867 000006DA 7E 8D                           	JLE	L146
   868 000006DC 83 C4 10                        	ADD	ESP,16
   869 000006DF 5B                              	POP	EBX
   870 000006E0 5E                              	POP	ESI
   871 000006E1 5F                              	POP	EDI
   872 000006E2 5D                              	POP	EBP
   873 000006E3 C3                              	RET
   874 000006E4                                 	GLOBAL	_showmsg
   875 000006E4                                 _showmsg:
   876 000006E4 55                              	PUSH	EBP
   877 000006E5 89 E5                           	MOV	EBP,ESP
   878 000006E7 57                              	PUSH	EDI
   879 000006E8 56                              	PUSH	ESI
   880 000006E9 8B 4D 08                        	MOV	ECX,DWORD [8+EBP]
   881 000006EC 53                              	PUSH	EBX
   882 000006ED 8B 45 0C                        	MOV	EAX,DWORD [12+EBP]
   883 000006F0 8B 11                           	MOV	EDX,DWORD [ECX]
   884 000006F2 85 C0                           	TEST	EAX,EAX
   885 000006F4 7E 23                           	JLE	L153
   886 000006F6 39 D0                           	CMP	EAX,EDX
   887 000006F8 77 1F                           	JA	L153
   888 000006FA 89 CF                           	MOV	EDI,ECX
   889 000006FC 31 DB                           	XOR	EBX,EBX
   890 000006FE 03 3C 81                        	ADD	EDI,DWORD [ECX+EAX*4]
   891 00000701 8B 75 14                        	MOV	ESI,DWORD [20+EBP]
   892 00000704 80 3F 00                        	CMP	BYTE [EDI],0
   893 00000707 74 10                           	JE	L153
   894 00000709                                 L162:
   895 00000709 80 3C 3B 80                     	CMP	BYTE [EBX+EDI*1],-128
   896 0000070D 77 12                           	JA	L164
   897 0000070F 83 C6 08                        	ADD	ESI,8
   898 00000712 43                              	INC	EBX
   899 00000713                                 L156:
   900 00000713 80 3C 3B 00                     	CMP	BYTE [EBX+EDI*1],0
   901 00000717 75 F0                           	JNE	L162
   902 00000719                                 L153:
   903 00000719 8D 65 F4                        	LEA	ESP,DWORD [-12+EBP]
   904 0000071C 5B                              	POP	EBX
   905 0000071D 5E                              	POP	ESI
   906 0000071E 5F                              	POP	EDI
   907 0000071F 5D                              	POP	EBP
   908 00000720 C3                              	RET
   909 00000721                                 L164:
   910 00000721 8D 04 3B                        	LEA	EAX,DWORD [EBX+EDI*1]
   911 00000724 83 C3 02                        	ADD	EBX,2
   912 00000727 50                              	PUSH	EAX
   913 00000728 FF 75 18                        	PUSH	DWORD [24+EBP]
   914 0000072B 56                              	PUSH	ESI
   915 0000072C 83 C6 10                        	ADD	ESI,16
   916 0000072F FF 75 10                        	PUSH	DWORD [16+EBP]
   917 00000732 E8 FFFFFF00                     	CALL	_putfonts8_chinese
   918 00000737 83 C4 10                        	ADD	ESP,16
   919 0000073A EB D7                           	JMP	L156
