     1 00000000                                 [FORMAT "WCOFF"]
     2 00000000                                 [INSTRSET "i486p"]
     3 00000000                                 [OPTIMIZE 1]
     4 00000000                                 [OPTION 1]
     5 00000000                                 [BITS 32]
     6 00000000                                 	EXTERN	_io_out8
     7 00000000                                 	EXTERN	_putfonts8_ascAll
     8 00000000                                 	EXTERN	_sht_back
     9 00000000                                 	EXTERN	_putfonts8_sht
    10 00000000                                 	EXTERN	_io_in8
    11 00000000                                 	EXTERN	_io_out32
    12 00000000                                 	EXTERN	_io_in32
    13 00000000                                 	EXTERN	_memget
    14 00000000                                 	EXTERN	_asm_inthandler29
    15 00000000                                 	EXTERN	_set_gatedesc
    16 00000000                                 	EXTERN	_sprintf
    17 00000000                                 [FILE "int.c"]
    18 00000000                                 	GLOBAL	_fdc_ready_flag
    19                                          [SECTION .data]
    20 00000000                                 	ALIGNB	4
    21 00000000                                 _fdc_ready_flag:
    22 00000000 00000000                        	DD	0
    23                                          [SECTION .text]
    24 00000000                                 	GLOBAL	_init_pic
    25 00000000                                 _init_pic:
    26 00000000 55                              	PUSH	EBP
    27 00000001 89 E5                           	MOV	EBP,ESP
    28 00000003 68 000000FF                     	PUSH	255
    29 00000008 6A 21                           	PUSH	33
    30 0000000A E8 [00000000]                   	CALL	_io_out8
    31 0000000F 68 000000FF                     	PUSH	255
    32 00000014 68 000000A1                     	PUSH	161
    33 00000019 E8 [00000000]                   	CALL	_io_out8
    34 0000001E 6A 11                           	PUSH	17
    35 00000020 6A 20                           	PUSH	32
    36 00000022 E8 [00000000]                   	CALL	_io_out8
    37 00000027 6A 20                           	PUSH	32
    38 00000029 6A 21                           	PUSH	33
    39 0000002B E8 [00000000]                   	CALL	_io_out8
    40 00000030 83 C4 20                        	ADD	ESP,32
    41 00000033 6A 04                           	PUSH	4
    42 00000035 6A 21                           	PUSH	33
    43 00000037 E8 [00000000]                   	CALL	_io_out8
    44 0000003C 6A 01                           	PUSH	1
    45 0000003E 6A 21                           	PUSH	33
    46 00000040 E8 [00000000]                   	CALL	_io_out8
    47 00000045 6A 11                           	PUSH	17
    48 00000047 68 000000A0                     	PUSH	160
    49 0000004C E8 [00000000]                   	CALL	_io_out8
    50 00000051 6A 28                           	PUSH	40
    51 00000053 68 000000A1                     	PUSH	161
    52 00000058 E8 [00000000]                   	CALL	_io_out8
    53 0000005D 83 C4 20                        	ADD	ESP,32
    54 00000060 6A 02                           	PUSH	2
    55 00000062 68 000000A1                     	PUSH	161
    56 00000067 E8 [00000000]                   	CALL	_io_out8
    57 0000006C 6A 01                           	PUSH	1
    58 0000006E 68 000000A1                     	PUSH	161
    59 00000073 E8 [00000000]                   	CALL	_io_out8
    60 00000078 68 000000FB                     	PUSH	251
    61 0000007D 6A 21                           	PUSH	33
    62 0000007F E8 [00000000]                   	CALL	_io_out8
    63 00000084 68 000000FF                     	PUSH	255
    64 00000089 68 000000A1                     	PUSH	161
    65 0000008E E8 [00000000]                   	CALL	_io_out8
    66 00000093 C9                              	LEAVE
    67 00000094 C3                              	RET
    68 00000095                                 	GLOBAL	_inthandler27
    69 00000095                                 _inthandler27:
    70 00000095 55                              	PUSH	EBP
    71 00000096 89 E5                           	MOV	EBP,ESP
    72 00000098 6A 67                           	PUSH	103
    73 0000009A 6A 20                           	PUSH	32
    74 0000009C E8 [00000000]                   	CALL	_io_out8
    75 000000A1 C9                              	LEAVE
    76 000000A2 C3                              	RET
    77 000000A3                                 	GLOBAL	_dma_done_flag
    78                                          [SECTION .data]
    79 00000004                                 	ALIGNB	4
    80 00000004                                 _dma_done_flag:
    81 00000004 00000000                        	DD	0
    82 00000008                                 LC0:
    83 00000008 69 6E 74 20 32 65 00            	DB	"int 2e",0x00
    84                                          [SECTION .text]
    85 000000A3                                 	GLOBAL	_inthandler2e
    86 000000A3                                 _inthandler2e:
    87 000000A3 55                              	PUSH	EBP
    88 000000A4 89 E5                           	MOV	EBP,ESP
    89 000000A6 68 [00000008]                   	PUSH	LC0
    90 000000AB 6A 10                           	PUSH	16
    91 000000AD 68 000000C8                     	PUSH	200
    92 000000B2 E8 [00000000]                   	CALL	_putfonts8_ascAll
    93 000000B7 6A 00                           	PUSH	0
    94 000000B9 68 [00000008]                   	PUSH	LC0
    95 000000BE 6A 10                           	PUSH	16
    96 000000C0 6A 78                           	PUSH	120
    97 000000C2 FF 35 [00000000]                	PUSH	DWORD [_sht_back]
    98 000000C8 E8 [00000000]                   	CALL	_putfonts8_sht
    99 000000CD A1 [00000058]                   	MOV	EAX,DWORD [_pcbar]
   100 000000D2 83 C4 20                        	ADD	ESP,32
   101 000000D5 8B 00                           	MOV	EAX,DWORD [EAX]
   102 000000D7 83 C0 02                        	ADD	EAX,2
   103 000000DA 50                              	PUSH	EAX
   104 000000DB E8 [00000000]                   	CALL	_io_in8
   105 000000E0 83 C8 04                        	OR	EAX,4
   106 000000E3 0F B6 C0                        	MOVZX	EAX,AL
   107 000000E6 50                              	PUSH	EAX
   108 000000E7 A1 [00000058]                   	MOV	EAX,DWORD [_pcbar]
   109 000000EC 8B 00                           	MOV	EAX,DWORD [EAX]
   110 000000EE 83 C0 02                        	ADD	EAX,2
   111 000000F1 50                              	PUSH	EAX
   112 000000F2 E8 [00000000]                   	CALL	_io_out8
   113 000000F7 68 000001F7                     	PUSH	503
   114 000000FC E8 [00000000]                   	CALL	_io_in8
   115 00000101 6A 66                           	PUSH	102
   116 00000103 68 000000A0                     	PUSH	160
   117 00000108 E8 [00000000]                   	CALL	_io_out8
   118 0000010D 6A 62                           	PUSH	98
   119 0000010F 6A 20                           	PUSH	32
   120 00000111 E8 [00000000]                   	CALL	_io_out8
   121 00000116 C7 05 [00000004] 00000001       	MOV	DWORD [_dma_done_flag],1
   122 00000120 C9                              	LEAVE
   123 00000121 C3                              	RET
   124                                          [SECTION .data]
   125 0000000F                                 LC1:
   126 0000000F 69 6E 74 20 32 66 00            	DB	"int 2f",0x00
   127                                          [SECTION .text]
   128 00000122                                 	GLOBAL	_inthandler2f
   129 00000122                                 _inthandler2f:
   130 00000122 55                              	PUSH	EBP
   131 00000123 89 E5                           	MOV	EBP,ESP
   132 00000125 68 [0000000F]                   	PUSH	LC1
   133 0000012A 6A 10                           	PUSH	16
   134 0000012C 68 000000C8                     	PUSH	200
   135 00000131 E8 [00000000]                   	CALL	_putfonts8_ascAll
   136 00000136 6A 01                           	PUSH	1
   137 00000138 68 [0000000F]                   	PUSH	LC1
   138 0000013D 6A 10                           	PUSH	16
   139 0000013F 6A 78                           	PUSH	120
   140 00000141 FF 35 [00000000]                	PUSH	DWORD [_sht_back]
   141 00000147 E8 [00000000]                   	CALL	_putfonts8_sht
   142 0000014C 83 C4 20                        	ADD	ESP,32
   143 0000014F 6A 66                           	PUSH	102
   144 00000151 68 000000A0                     	PUSH	160
   145 00000156 E8 [00000000]                   	CALL	_io_out8
   146 0000015B 6A 62                           	PUSH	98
   147 0000015D 6A 20                           	PUSH	32
   148 0000015F E8 [00000000]                   	CALL	_io_out8
   149 00000164 68 000001F7                     	PUSH	503
   150 00000169 E8 [00000000]                   	CALL	_io_in8
   151 0000016E C9                              	LEAVE
   152 0000016F C3                              	RET
   153 00000170                                 	GLOBAL	_pci_read
   154 00000170                                 _pci_read:
   155 00000170 55                              	PUSH	EBP
   156 00000171 89 E5                           	MOV	EBP,ESP
   157 00000173 0F B6 55 08                     	MOVZX	EDX,BYTE [8+EBP]
   158 00000177 0F B6 45 0C                     	MOVZX	EAX,BYTE [12+EBP]
   159 0000017B C1 E0 0B                        	SAL	EAX,11
   160 0000017E C1 E2 10                        	SAL	EDX,16
   161 00000181 09 C2                           	OR	EDX,EAX
   162 00000183 0F B6 45 10                     	MOVZX	EAX,BYTE [16+EBP]
   163 00000187 C1 E0 08                        	SAL	EAX,8
   164 0000018A 09 C2                           	OR	EDX,EAX
   165 0000018C 8A 45 14                        	MOV	AL,BYTE [20+EBP]
   166 0000018F 83 E0 FC                        	AND	EAX,-4
   167 00000192 0F B6 C0                        	MOVZX	EAX,AL
   168 00000195 09 C2                           	OR	EDX,EAX
   169 00000197 81 CA 80000000                  	OR	EDX,-2147483648
   170 0000019D 52                              	PUSH	EDX
   171 0000019E 68 00000CF8                     	PUSH	3320
   172 000001A3 E8 [00000000]                   	CALL	_io_out32
   173 000001A8 58                              	POP	EAX
   174 000001A9 5A                              	POP	EDX
   175 000001AA C7 45 08 00000CFC               	MOV	DWORD [8+EBP],3324
   176 000001B1 C9                              	LEAVE
   177 000001B2 E9 [00000000]                   	JMP	_io_in32
   178 000001B7                                 	GLOBAL	_pci_write
   179 000001B7                                 _pci_write:
   180 000001B7 55                              	PUSH	EBP
   181 000001B8 89 E5                           	MOV	EBP,ESP
   182 000001BA 53                              	PUSH	EBX
   183 000001BB 0F B6 55 08                     	MOVZX	EDX,BYTE [8+EBP]
   184 000001BF 0F B6 45 0C                     	MOVZX	EAX,BYTE [12+EBP]
   185 000001C3 C1 E0 0B                        	SAL	EAX,11
   186 000001C6 8B 5D 18                        	MOV	EBX,DWORD [24+EBP]
   187 000001C9 C1 E2 10                        	SAL	EDX,16
   188 000001CC 09 C2                           	OR	EDX,EAX
   189 000001CE 0F B6 45 10                     	MOVZX	EAX,BYTE [16+EBP]
   190 000001D2 C1 E0 08                        	SAL	EAX,8
   191 000001D5 09 C2                           	OR	EDX,EAX
   192 000001D7 8A 45 14                        	MOV	AL,BYTE [20+EBP]
   193 000001DA 83 E0 FC                        	AND	EAX,-4
   194 000001DD 0F B6 C0                        	MOVZX	EAX,AL
   195 000001E0 09 C2                           	OR	EDX,EAX
   196 000001E2 81 CA 80000000                  	OR	EDX,-2147483648
   197 000001E8 52                              	PUSH	EDX
   198 000001E9 68 00000CF8                     	PUSH	3320
   199 000001EE E8 [00000000]                   	CALL	_io_out32
   200 000001F3 59                              	POP	ECX
   201 000001F4 58                              	POP	EAX
   202 000001F5 89 5D 0C                        	MOV	DWORD [12+EBP],EBX
   203 000001F8 C7 45 08 00000CFC               	MOV	DWORD [8+EBP],3324
   204 000001FF 8B 5D FC                        	MOV	EBX,DWORD [-4+EBP]
   205 00000202 C9                              	LEAVE
   206 00000203 E9 [00000000]                   	JMP	_io_out32
   207 00000208                                 	GLOBAL	_setup_prd
   208 00000208                                 _setup_prd:
   209 00000208 55                              	PUSH	EBP
   210 00000209 89 E5                           	MOV	EBP,ESP
   211 0000020B 66 C7 05 [00000066] 8000        	MOV	WORD [_my_prd+6],-32768
   212 00000214 8B 45 08                        	MOV	EAX,DWORD [8+EBP]
   213 00000217 A3 [00000060]                   	MOV	DWORD [_my_prd],EAX
   214 0000021C 8B 45 0C                        	MOV	EAX,DWORD [12+EBP]
   215 0000021F 66 A3 [00000064]                	MOV	WORD [_my_prd+4],AX
   216 00000225 5D                              	POP	EBP
   217 00000226 C3                              	RET
   218 00000227                                 	GLOBAL	_wait_ide_ready
   219 00000227                                 _wait_ide_ready:
   220 00000227 55                              	PUSH	EBP
   221 00000228 89 E5                           	MOV	EBP,ESP
   222 0000022A                                 L13:
   223 0000022A 68 000001F7                     	PUSH	503
   224 0000022F E8 [00000000]                   	CALL	_io_in8
   225 00000234 5A                              	POP	EDX
   226 00000235 83 E0 C0                        	AND	EAX,-64
   227 00000238 3C 40                           	CMP	AL,64
   228 0000023A 75 EE                           	JNE	L13
   229 0000023C C9                              	LEAVE
   230 0000023D C3                              	RET
   231 0000023E                                 	GLOBAL	_wait_ide_ready2
   232 0000023E                                 _wait_ide_ready2:
   233 0000023E 55                              	PUSH	EBP
   234 0000023F 89 E5                           	MOV	EBP,ESP
   235 00000241                                 L20:
   236 00000241 68 000001F7                     	PUSH	503
   237 00000246 E8 [00000000]                   	CALL	_io_in8
   238 0000024B 59                              	POP	ECX
   239 0000024C 88 C2                           	MOV	DL,AL
   240 0000024E 83 E0 88                        	AND	EAX,-120
   241 00000251 3C 08                           	CMP	AL,8
   242 00000253 74 07                           	JE	L14
   243 00000255 83 E2 01                        	AND	EDX,1
   244 00000258 84 D2                           	TEST	DL,DL
   245 0000025A 74 E5                           	JE	L20
   246 0000025C                                 L14:
   247 0000025C C9                              	LEAVE
   248 0000025D C3                              	RET
   249                                          [SECTION .data]
   250 00000016                                 LC3:
   251 00000016 4D 41 43 3A 20 25 30 32 78 3A   	DB	"MAC: %02x:%02x:%02x:%02x:%02x:%02x",0x00
       00000020 25 30 32 78 3A 25 30 32 78 3A 
       0000002A 25 30 32 78 3A 25 30 32 78 3A 
       00000034 25 30 32 78 00 
   252 00000039                                 LC2:
   253 00000039 50 43 49 20 49 4E 54 20 44 49   	DB	"PCI INT DISABLED! FIXING...",0x00
       00000043 53 41 42 4C 45 44 21 20 46 49 
       0000004D 58 49 4E 47 2E 2E 2E 00 
   254                                          [SECTION .text]
   255 0000025E                                 	GLOBAL	_init_ide_pci
   256 0000025E                                 _init_ide_pci:
   257 0000025E 55                              	PUSH	EBP
   258 0000025F B9 00000032                     	MOV	ECX,50
   259 00000264 89 E5                           	MOV	EBP,ESP
   260 00000266 57                              	PUSH	EDI
   261 00000267 56                              	PUSH	ESI
   262 00000268 53                              	PUSH	EBX
   263 00000269 8D BD FFFFFF74                  	LEA	EDI,DWORD [-140+EBP]
   264 0000026F 81 EC 000000B4                  	SUB	ESP,180
   265 00000275 A1 [00000058]                   	MOV	EAX,DWORD [_pcbar]
   266 0000027A FC                              	CLD
   267 0000027B C7 40 04 00000000               	MOV	DWORD [4+EAX],0
   268 00000282 C7 00 00000000                  	MOV	DWORD [EAX],0
   269 00000288 31 C0                           	XOR	EAX,EAX
   270 0000028A C7 85 FFFFFF64 00000000         	MOV	DWORD [-156+EBP],0
   271 00000294 F3                              	REP
   272 00000295 AA                              	STOSB
   273 00000296 C7 85 FFFFFF70 00000000         	MOV	DWORD [-144+EBP],0
   274 000002A0                                 L45:
   275 000002A0 C7 85 FFFFFF6C 00000000         	MOV	DWORD [-148+EBP],0
   276 000002AA                                 L44:
   277 000002AA C7 85 FFFFFF68 00000000         	MOV	DWORD [-152+EBP],0
   278 000002B4                                 L43:
   279 000002B4 6A 00                           	PUSH	0
   280 000002B6 0F B6 BD FFFFFF68               	MOVZX	EDI,BYTE [-152+EBP]
   281 000002BD 57                              	PUSH	EDI
   282 000002BE 0F B6 B5 FFFFFF6C               	MOVZX	ESI,BYTE [-148+EBP]
   283 000002C5 56                              	PUSH	ESI
   284 000002C6 0F B6 9D FFFFFF70               	MOVZX	EBX,BYTE [-144+EBP]
   285 000002CD 53                              	PUSH	EBX
   286 000002CE E8 FFFFFE9D                     	CALL	_pci_read
   287 000002D3 83 C4 10                        	ADD	ESP,16
   288 000002D6 66 40                           	INC	AX
   289 000002D8 74 33                           	JE	L32
   290 000002DA 6A 08                           	PUSH	8
   291 000002DC 57                              	PUSH	EDI
   292 000002DD 56                              	PUSH	ESI
   293 000002DE 53                              	PUSH	EBX
   294 000002DF E8 FFFFFE8C                     	CALL	_pci_read
   295 000002E4 83 C4 10                        	ADD	ESP,16
   296 000002E7 89 C2                           	MOV	EDX,EAX
   297 000002E9 C1 E8 10                        	SHR	EAX,16
   298 000002EC C1 EA 18                        	SHR	EDX,24
   299 000002EF 88 85 FFFFFF44                  	MOV	BYTE [-188+EBP],AL
   300 000002F5 88 95 FFFFFF54                  	MOV	BYTE [-172+EBP],DL
   301 000002FB 80 FA 02                        	CMP	DL,2
   302 000002FE 0F 84 000000E3                  	JE	L52
   303 00000304                                 L35:
   304 00000304 80 BD FFFFFF54 01               	CMP	BYTE [-172+EBP],1
   305 0000030B 74 40                           	JE	L53
   306 0000030D                                 L32:
   307 0000030D FF 85 FFFFFF68                  	INC	DWORD [-152+EBP]
   308 00000313 83 BD FFFFFF68 07               	CMP	DWORD [-152+EBP],7
   309 0000031A 76 98                           	JBE	L43
   310 0000031C FF 85 FFFFFF6C                  	INC	DWORD [-148+EBP]
   311 00000322 83 BD FFFFFF6C 1F               	CMP	DWORD [-148+EBP],31
   312 00000329 0F 86 FFFFFF7B                  	JBE	L44
   313 0000032F FF 85 FFFFFF70                  	INC	DWORD [-144+EBP]
   314 00000335 81 BD FFFFFF70 000000FF         	CMP	DWORD [-144+EBP],255
   315 0000033F 0F 86 FFFFFF5B                  	JBE	L45
   316 00000345                                 L21:
   317 00000345 8D 65 F4                        	LEA	ESP,DWORD [-12+EBP]
   318 00000348 5B                              	POP	EBX
   319 00000349 5E                              	POP	ESI
   320 0000034A 5F                              	POP	EDI
   321 0000034B 5D                              	POP	EBP
   322 0000034C C3                              	RET
   323 0000034D                                 L53:
   324 0000034D 80 BD FFFFFF44 01               	CMP	BYTE [-188+EBP],1
   325 00000354 75 B7                           	JNE	L32
   326 00000356 6A 20                           	PUSH	32
   327 00000358 0F B6 B5 FFFFFF68               	MOVZX	ESI,BYTE [-152+EBP]
   328 0000035F 56                              	PUSH	ESI
   329 00000360 0F B6 BD FFFFFF6C               	MOVZX	EDI,BYTE [-148+EBP]
   330 00000367 57                              	PUSH	EDI
   331 00000368 0F B6 9D FFFFFF70               	MOVZX	EBX,BYTE [-144+EBP]
   332 0000036F 53                              	PUSH	EBX
   333 00000370 E8 FFFFFDFB                     	CALL	_pci_read
   334 00000375 8B 15 [00000058]                	MOV	EDX,DWORD [_pcbar]
   335 0000037B 83 E0 FC                        	AND	EAX,-4
   336 0000037E 89 02                           	MOV	DWORD [EDX],EAX
   337 00000380 6A 04                           	PUSH	4
   338 00000382 56                              	PUSH	ESI
   339 00000383 57                              	PUSH	EDI
   340 00000384 53                              	PUSH	EBX
   341 00000385 E8 FFFFFDE6                     	CALL	_pci_read
   342 0000038A 83 C4 20                        	ADD	ESP,32
   343 0000038D A9 00000004                     	TEST	EAX,4
   344 00000392 0F 85 FFFFFF75                  	JNE	L32
   345 00000398 83 C8 04                        	OR	EAX,4
   346 0000039B 50                              	PUSH	EAX
   347 0000039C 6A 04                           	PUSH	4
   348 0000039E 56                              	PUSH	ESI
   349 0000039F 57                              	PUSH	EDI
   350 000003A0 53                              	PUSH	EBX
   351 000003A1 E8 FFFFFE11                     	CALL	_pci_write
   352 000003A6 6A 00                           	PUSH	0
   353 000003A8 68 000003F6                     	PUSH	1014
   354 000003AD E8 [00000000]                   	CALL	_io_out8
   355 000003B2 68 000000A0                     	PUSH	160
   356 000003B7 68 000001F6                     	PUSH	502
   357 000003BC E8 [00000000]                   	CALL	_io_out8
   358 000003C1 83 C4 24                        	ADD	ESP,36
   359 000003C4 68 00001400                     	PUSH	5120
   360 000003C9 E8 [00000000]                   	CALL	_memget
   361 000003CE 5B                              	POP	EBX
   362 000003CF FF 85 FFFFFF64                  	INC	DWORD [-156+EBP]
   363 000003D5 83 BD FFFFFF64 02               	CMP	DWORD [-156+EBP],2
   364 000003DC 0F 85 FFFFFF2B                  	JNE	L32
   365 000003E2 E9 FFFFFF5E                     	JMP	L21
   366 000003E7                                 L52:
   367 000003E7 84 C0                           	TEST	AL,AL
   368 000003E9 0F 85 FFFFFF15                  	JNE	L35
   369 000003EF 6A 10                           	PUSH	16
   370 000003F1 57                              	PUSH	EDI
   371 000003F2 56                              	PUSH	ESI
   372 000003F3 53                              	PUSH	EBX
   373 000003F4 E8 FFFFFD77                     	CALL	_pci_read
   374 000003F9 83 C4 10                        	ADD	ESP,16
   375 000003FC 89 C2                           	MOV	EDX,EAX
   376 000003FE A9 00000001                     	TEST	EAX,1
   377 00000403 0F 84 00000148                  	JE	L36
   378 00000409 83 E2 FC                        	AND	EDX,-4
   379 0000040C                                 L51:
   380 0000040C A1 [00000058]                   	MOV	EAX,DWORD [_pcbar]
   381 00000411 0F B6 BD FFFFFF6C               	MOVZX	EDI,BYTE [-148+EBP]
   382 00000418 89 50 04                        	MOV	DWORD [4+EAX],EDX
   383 0000041B 6A 04                           	PUSH	4
   384 0000041D 0F B6 85 FFFFFF68               	MOVZX	EAX,BYTE [-152+EBP]
   385 00000424 50                              	PUSH	EAX
   386 00000425 89 85 FFFFFF40                  	MOV	DWORD [-192+EBP],EAX
   387 0000042B 57                              	PUSH	EDI
   388 0000042C 0F B6 B5 FFFFFF70               	MOVZX	ESI,BYTE [-144+EBP]
   389 00000433 56                              	PUSH	ESI
   390 00000434 E8 FFFFFD37                     	CALL	_pci_read
   391 00000439 89 C3                           	MOV	EBX,EAX
   392 0000043B 83 CB 06                        	OR	EBX,6
   393 0000043E 81 E3 FFFFFBFF                  	AND	EBX,-1025
   394 00000444 53                              	PUSH	EBX
   395 00000445 6A 04                           	PUSH	4
   396 00000447 FF B5 FFFFFF40                  	PUSH	DWORD [-192+EBP]
   397 0000044D 57                              	PUSH	EDI
   398 0000044E 56                              	PUSH	ESI
   399 0000044F E8 FFFFFD63                     	CALL	_pci_write
   400 00000454 83 C4 24                        	ADD	ESP,36
   401 00000457 6A 04                           	PUSH	4
   402 00000459 FF B5 FFFFFF40                  	PUSH	DWORD [-192+EBP]
   403 0000045F 57                              	PUSH	EDI
   404 00000460 56                              	PUSH	ESI
   405 00000461 E8 FFFFFD0A                     	CALL	_pci_read
   406 00000466 83 C4 10                        	ADD	ESP,16
   407 00000469 89 C3                           	MOV	EBX,EAX
   408 0000046B A9 00000400                     	TEST	EAX,1024
   409 00000470 0F 85 000000A9                  	JNE	L54
   410 00000476                                 L38:
   411 00000476 6A 3C                           	PUSH	60
   412 00000478 8D 9D FFFFFF74                  	LEA	EBX,DWORD [-140+EBP]
   413 0000047E FF B5 FFFFFF40                  	PUSH	DWORD [-192+EBP]
   414 00000484 57                              	PUSH	EDI
   415 00000485 56                              	PUSH	ESI
   416 00000486 E8 FFFFFCE5                     	CALL	_pci_read
   417 0000048B 68 0000008E                     	PUSH	142
   418 00000490 25 000000FF                     	AND	EAX,255
   419 00000495 6A 10                           	PUSH	16
   420 00000497 68 [00000000]                   	PUSH	_asm_inthandler29
   421 0000049C 8D 04 C5 0026F900               	LEA	EAX,DWORD [2554112+EAX*8]
   422 000004A3 50                              	PUSH	EAX
   423 000004A4 E8 [00000000]                   	CALL	_set_gatedesc
   424 000004A9 83 C4 20                        	ADD	ESP,32
   425 000004AC A1 [00000058]                   	MOV	EAX,DWORD [_pcbar]
   426 000004B1 8B 40 04                        	MOV	EAX,DWORD [4+EAX]
   427 000004B4 8B 88 00005400                  	MOV	ECX,DWORD [21504+EAX]
   428 000004BA 8B 80 00005404                  	MOV	EAX,DWORD [21508+EAX]
   429 000004C0 0F B6 D4                        	MOVZX	EDX,AH
   430 000004C3 52                              	PUSH	EDX
   431 000004C4 25 000000FF                     	AND	EAX,255
   432 000004C9 50                              	PUSH	EAX
   433 000004CA 89 C8                           	MOV	EAX,ECX
   434 000004CC C1 E8 18                        	SHR	EAX,24
   435 000004CF 50                              	PUSH	EAX
   436 000004D0 89 C8                           	MOV	EAX,ECX
   437 000004D2 C1 E8 10                        	SHR	EAX,16
   438 000004D5 25 000000FF                     	AND	EAX,255
   439 000004DA 50                              	PUSH	EAX
   440 000004DB 0F B6 C5                        	MOVZX	EAX,CH
   441 000004DE 50                              	PUSH	EAX
   442 000004DF 81 E1 000000FF                  	AND	ECX,255
   443 000004E5 51                              	PUSH	ECX
   444 000004E6 68 [00000016]                   	PUSH	LC3
   445 000004EB 53                              	PUSH	EBX
   446 000004EC E8 [00000000]                   	CALL	_sprintf
   447 000004F1 83 C4 20                        	ADD	ESP,32
   448 000004F4 53                              	PUSH	EBX
   449 000004F5 68 000000DC                     	PUSH	220
   450 000004FA 68 000000C8                     	PUSH	200
   451 000004FF E8 [00000000]                   	CALL	_putfonts8_ascAll
   452 00000504 83 C4 0C                        	ADD	ESP,12
   453 00000507 FF 85 FFFFFF64                  	INC	DWORD [-156+EBP]
   454 0000050D 83 BD FFFFFF64 02               	CMP	DWORD [-156+EBP],2
   455 00000514 0F 85 FFFFFDEA                  	JNE	L35
   456 0000051A E9 FFFFFE26                     	JMP	L21
   457 0000051F                                 L54:
   458 0000051F 68 [00000039]                   	PUSH	LC2
   459 00000524 81 E3 FFFFFBFF                  	AND	EBX,-1025
   460 0000052A 68 00000168                     	PUSH	360
   461 0000052F 68 000000C8                     	PUSH	200
   462 00000534 E8 [00000000]                   	CALL	_putfonts8_ascAll
   463 00000539 53                              	PUSH	EBX
   464 0000053A 6A 04                           	PUSH	4
   465 0000053C FF B5 FFFFFF40                  	PUSH	DWORD [-192+EBP]
   466 00000542 57                              	PUSH	EDI
   467 00000543 56                              	PUSH	ESI
   468 00000544 E8 FFFFFC6E                     	CALL	_pci_write
   469 00000549 83 C4 20                        	ADD	ESP,32
   470 0000054C E9 FFFFFF25                     	JMP	L38
   471 00000551                                 L36:
   472 00000551 83 E2 F0                        	AND	EDX,-16
   473 00000554 E9 FFFFFEB3                     	JMP	L51
   474 00000559                                 	GLOBAL	_ide_dma_read
   475 00000559                                 _ide_dma_read:
   476 00000559 55                              	PUSH	EBP
   477 0000055A A1 [00000058]                   	MOV	EAX,DWORD [_pcbar]
   478 0000055F 89 E5                           	MOV	EBP,ESP
   479 00000561 56                              	PUSH	ESI
   480 00000562 53                              	PUSH	EBX
   481 00000563 8A 55 0C                        	MOV	DL,BYTE [12+EBP]
   482 00000566 83 38 00                        	CMP	DWORD [EAX],0
   483 00000569 8B 5D 08                        	MOV	EBX,DWORD [8+EBP]
   484 0000056C 75 07                           	JNE	L63
   485 0000056E                                 L55:
   486 0000056E 8D 65 F8                        	LEA	ESP,DWORD [-8+EBP]
   487 00000571 5B                              	POP	EBX
   488 00000572 5E                              	POP	ESI
   489 00000573 5D                              	POP	EBP
   490 00000574 C3                              	RET
   491 00000575                                 L63:
   492 00000575 0F B6 F2                        	MOVZX	ESI,DL
   493 00000578 89 F0                           	MOV	EAX,ESI
   494 0000057A C1 E0 09                        	SAL	EAX,9
   495 0000057D 0F B7 C0                        	MOVZX	EAX,AX
   496 00000580 50                              	PUSH	EAX
   497 00000581 FF 75 10                        	PUSH	DWORD [16+EBP]
   498 00000584 C7 05 [00000004] 00000000       	MOV	DWORD [_dma_done_flag],0
   499 0000058E E8 FFFFFC75                     	CALL	_setup_prd
   500 00000593 A1 [00000058]                   	MOV	EAX,DWORD [_pcbar]
   501 00000598 68 [00000060]                   	PUSH	_my_prd
   502 0000059D 8B 00                           	MOV	EAX,DWORD [EAX]
   503 0000059F 83 C0 04                        	ADD	EAX,4
   504 000005A2 50                              	PUSH	EAX
   505 000005A3 E8 [00000000]                   	CALL	_io_out32
   506 000005A8 A1 [00000058]                   	MOV	EAX,DWORD [_pcbar]
   507 000005AD 6A 08                           	PUSH	8
   508 000005AF FF 30                           	PUSH	DWORD [EAX]
   509 000005B1 E8 [00000000]                   	CALL	_io_out8
   510 000005B6 A1 [00000058]                   	MOV	EAX,DWORD [_pcbar]
   511 000005BB 6A 06                           	PUSH	6
   512 000005BD 8B 00                           	MOV	EAX,DWORD [EAX]
   513 000005BF 83 C0 02                        	ADD	EAX,2
   514 000005C2 50                              	PUSH	EAX
   515 000005C3 E8 [00000000]                   	CALL	_io_out8
   516 000005C8 83 C4 20                        	ADD	ESP,32
   517 000005CB E8 FFFFFC57                     	CALL	_wait_ide_ready
   518 000005D0 89 D8                           	MOV	EAX,EBX
   519 000005D2 C1 E8 18                        	SHR	EAX,24
   520 000005D5 83 E0 0F                        	AND	EAX,15
   521 000005D8 0D 000000E0                     	OR	EAX,224
   522 000005DD 50                              	PUSH	EAX
   523 000005DE 68 000001F6                     	PUSH	502
   524 000005E3 E8 [00000000]                   	CALL	_io_out8
   525 000005E8 56                              	PUSH	ESI
   526 000005E9 68 000001F2                     	PUSH	498
   527 000005EE E8 [00000000]                   	CALL	_io_out8
   528 000005F3 0F B6 C3                        	MOVZX	EAX,BL
   529 000005F6 50                              	PUSH	EAX
   530 000005F7 68 000001F3                     	PUSH	499
   531 000005FC E8 [00000000]                   	CALL	_io_out8
   532 00000601 0F B6 C7                        	MOVZX	EAX,BH
   533 00000604 C1 EB 10                        	SHR	EBX,16
   534 00000607 50                              	PUSH	EAX
   535 00000608 68 000001F4                     	PUSH	500
   536 0000060D E8 [00000000]                   	CALL	_io_out8
   537 00000612 83 C4 20                        	ADD	ESP,32
   538 00000615 0F B6 C3                        	MOVZX	EAX,BL
   539 00000618 50                              	PUSH	EAX
   540 00000619 68 000001F5                     	PUSH	501
   541 0000061E E8 [00000000]                   	CALL	_io_out8
   542 00000623 68 000000C8                     	PUSH	200
   543 00000628 68 000001F7                     	PUSH	503
   544 0000062D E8 [00000000]                   	CALL	_io_out8
   545 00000632 A1 [00000058]                   	MOV	EAX,DWORD [_pcbar]
   546 00000637 6A 09                           	PUSH	9
   547 00000639 FF 30                           	PUSH	DWORD [EAX]
   548 0000063B E8 [00000000]                   	CALL	_io_out8
   549 00000640 A1 [00000004]                   	MOV	EAX,DWORD [_dma_done_flag]
   550 00000645 31 D2                           	XOR	EDX,EDX
   551 00000647 83 C4 18                        	ADD	ESP,24
   552 0000064A 85 C0                           	TEST	EAX,EAX
   553 0000064C 0F 85 FFFFFF1C                  	JNE	L55
   554 00000652                                 L61:
   555 00000652 81 FA 00002710                  	CMP	EDX,10000
   556 00000658 0F 8F FFFFFF10                  	JG	L55
   557 0000065E 42                              	INC	EDX
   558 0000065F 85 C0                           	TEST	EAX,EAX
   559 00000661 74 EF                           	JE	L61
   560 00000663 E9 FFFFFF06                     	JMP	L55
   561 00000668                                 	GLOBAL	_ide_dma_write
   562 00000668                                 _ide_dma_write:
   563 00000668 55                              	PUSH	EBP
   564 00000669 89 E5                           	MOV	EBP,ESP
   565 0000066B 56                              	PUSH	ESI
   566 0000066C 53                              	PUSH	EBX
   567 0000066D A1 [00000058]                   	MOV	EAX,DWORD [_pcbar]
   568 00000672 8B 5D 08                        	MOV	EBX,DWORD [8+EBP]
   569 00000675 8B 4D 10                        	MOV	ECX,DWORD [16+EBP]
   570 00000678 8A 55 0C                        	MOV	DL,BYTE [12+EBP]
   571 0000067B 83 38 00                        	CMP	DWORD [EAX],0
   572 0000067E 75 07                           	JNE	L72
   573 00000680 8D 65 F8                        	LEA	ESP,DWORD [-8+EBP]
   574 00000683 5B                              	POP	EBX
   575 00000684 5E                              	POP	ESI
   576 00000685 5D                              	POP	EBP
   577 00000686 C3                              	RET
   578 00000687                                 L72:
   579 00000687 0F B6 F2                        	MOVZX	ESI,DL
   580 0000068A 89 F0                           	MOV	EAX,ESI
   581 0000068C C1 E0 09                        	SAL	EAX,9
   582 0000068F 0F B7 C0                        	MOVZX	EAX,AX
   583 00000692 50                              	PUSH	EAX
   584 00000693 51                              	PUSH	ECX
   585 00000694 E8 FFFFFB6F                     	CALL	_setup_prd
   586 00000699 68 [00000060]                   	PUSH	_my_prd
   587 0000069E A1 [00000058]                   	MOV	EAX,DWORD [_pcbar]
   588 000006A3 8B 00                           	MOV	EAX,DWORD [EAX]
   589 000006A5 83 C0 04                        	ADD	EAX,4
   590 000006A8 50                              	PUSH	EAX
   591 000006A9 E8 [00000000]                   	CALL	_io_out32
   592 000006AE 6A 00                           	PUSH	0
   593 000006B0 A1 [00000058]                   	MOV	EAX,DWORD [_pcbar]
   594 000006B5 FF 30                           	PUSH	DWORD [EAX]
   595 000006B7 E8 [00000000]                   	CALL	_io_out8
   596 000006BC 6A 06                           	PUSH	6
   597 000006BE A1 [00000058]                   	MOV	EAX,DWORD [_pcbar]
   598 000006C3 8B 00                           	MOV	EAX,DWORD [EAX]
   599 000006C5 83 C0 02                        	ADD	EAX,2
   600 000006C8 50                              	PUSH	EAX
   601 000006C9 E8 [00000000]                   	CALL	_io_out8
   602 000006CE 83 C4 20                        	ADD	ESP,32
   603 000006D1 E8 FFFFFB51                     	CALL	_wait_ide_ready
   604 000006D6 89 D8                           	MOV	EAX,EBX
   605 000006D8 C1 E8 18                        	SHR	EAX,24
   606 000006DB 83 E0 0F                        	AND	EAX,15
   607 000006DE 0D 000000E0                     	OR	EAX,224
   608 000006E3 50                              	PUSH	EAX
   609 000006E4 68 000001F6                     	PUSH	502
   610 000006E9 E8 [00000000]                   	CALL	_io_out8
   611 000006EE 56                              	PUSH	ESI
   612 000006EF 68 000001F2                     	PUSH	498
   613 000006F4 E8 [00000000]                   	CALL	_io_out8
   614 000006F9 0F B6 C3                        	MOVZX	EAX,BL
   615 000006FC 50                              	PUSH	EAX
   616 000006FD 68 000001F3                     	PUSH	499
   617 00000702 E8 [00000000]                   	CALL	_io_out8
   618 00000707 0F B6 C7                        	MOVZX	EAX,BH
   619 0000070A C1 EB 10                        	SHR	EBX,16
   620 0000070D 50                              	PUSH	EAX
   621 0000070E 68 000001F4                     	PUSH	500
   622 00000713 E8 [00000000]                   	CALL	_io_out8
   623 00000718 83 C4 20                        	ADD	ESP,32
   624 0000071B 0F B6 C3                        	MOVZX	EAX,BL
   625 0000071E 50                              	PUSH	EAX
   626 0000071F 68 000001F5                     	PUSH	501
   627 00000724 E8 [00000000]                   	CALL	_io_out8
   628 00000729 68 000000CA                     	PUSH	202
   629 0000072E 68 000001F7                     	PUSH	503
   630 00000733 E8 [00000000]                   	CALL	_io_out8
   631 00000738 6A 01                           	PUSH	1
   632 0000073A A1 [00000058]                   	MOV	EAX,DWORD [_pcbar]
   633 0000073F FF 30                           	PUSH	DWORD [EAX]
   634 00000741 E8 [00000000]                   	CALL	_io_out8
   635 00000746 83 C4 18                        	ADD	ESP,24
   636 00000749                                 L71:
   637 00000749 A1 [00000058]                   	MOV	EAX,DWORD [_pcbar]
   638 0000074E 8B 00                           	MOV	EAX,DWORD [EAX]
   639 00000750 83 C0 02                        	ADD	EAX,2
   640 00000753 50                              	PUSH	EAX
   641 00000754 E8 [00000000]                   	CALL	_io_in8
   642 00000759 5E                              	POP	ESI
   643 0000075A 88 C2                           	MOV	DL,AL
   644 0000075C 83 E0 01                        	AND	EAX,1
   645 0000075F 84 C0                           	TEST	AL,AL
   646 00000761 74 07                           	JE	L67
   647 00000763 83 E2 02                        	AND	EDX,2
   648 00000766 84 D2                           	TEST	DL,DL
   649 00000768 74 DF                           	JE	L71
   650 0000076A                                 L67:
   651 0000076A C7 45 0C 000000E7               	MOV	DWORD [12+EBP],231
   652 00000771 C7 45 08 000001F7               	MOV	DWORD [8+EBP],503
   653 00000778 8D 65 F8                        	LEA	ESP,DWORD [-8+EBP]
   654 0000077B 5B                              	POP	EBX
   655 0000077C 5E                              	POP	ESI
   656 0000077D 5D                              	POP	EBP
   657 0000077E E9 [00000000]                   	JMP	_io_out8
   658 00000783                                 	GLOBAL	_pcbar
   659                                          [SECTION .data]
   660 00000055 00 00 00                        	ALIGNB	4
   661 00000058                                 _pcbar:
   662 00000058 00 00 00 00                     	RESB	4
   663 0000005C                                 	GLOBAL	_my_prd
   664                                          [SECTION .data]
   665 0000005C 00 00 00 00                     	ALIGNB	8
   666 00000060                                 _my_prd:
   667 00000060 00 00 00 00 00 00 00 00         	RESB	8
