     1 00000000                                 [FORMAT "WCOFF"]
     2 00000000                                 [INSTRSET "i486p"]
     3 00000000                                 [OPTIMIZE 1]
     4 00000000                                 [OPTION 1]
     5 00000000                                 [BITS 32]
     6 00000000                                 	EXTERN	_task_now
     7 00000000                                 	EXTERN	_fifo32_init
     8 00000000                                 	EXTERN	_fifo32_status
     9 00000000                                 	EXTERN	_fifo32_get
    10 00000000                                 	EXTERN	_mdec
    11 00000000                                 	EXTERN	_sht_mouse
    12 00000000                                 	EXTERN	_sheet_slide
    13 00000000                                 	EXTERN	_sht_win
    14 00000000                                 	EXTERN	_io_out8
    15 00000000                                 	EXTERN	_io_in8
    16 00000000                                 	EXTERN	_fifo32_put
    17 00000000                                 	EXTERN	_wait_KBC_sendready
    18 00000000                                 [FILE "mouse.c"]
    19                                          [SECTION .text]
    20 00000000                                 	GLOBAL	_mouse_move
    21 00000000                                 _mouse_move:
    22 00000000 55                              	PUSH	EBP
    23 00000001 89 E5                           	MOV	EBP,ESP
    24 00000003 57                              	PUSH	EDI
    25 00000004 56                              	PUSH	ESI
    26 00000005 53                              	PUSH	EBX
    27 00000006 81 EC 00000444                  	SUB	ESP,1092
    28 0000000C E8 [00000000]                   	CALL	_task_now
    29 00000011 50                              	PUSH	EAX
    30 00000012 89 85 FFFFFBB0                  	MOV	DWORD [-1104+EBP],EAX
    31 00000018 8D 85 FFFFFDF4                  	LEA	EAX,DWORD [-524+EBP]
    32 0000001E 50                              	PUSH	EAX
    33 0000001F 8B 85 FFFFFBB0                  	MOV	EAX,DWORD [-1104+EBP]
    34 00000025 68 00000080                     	PUSH	128
    35 0000002A 83 C0 10                        	ADD	EAX,16
    36 0000002D 50                              	PUSH	EAX
    37 0000002E E8 [00000000]                   	CALL	_fifo32_init
    38 00000033 83 C4 10                        	ADD	ESP,16
    39 00000036                                 L2:
    40 00000036 8B BD FFFFFBB0                  	MOV	EDI,DWORD [-1104+EBP]
    41 0000003C 83 C7 10                        	ADD	EDI,16
    42 0000003F 57                              	PUSH	EDI
    43 00000040 E8 [00000000]                   	CALL	_fifo32_status
    44 00000045 5A                              	POP	EDX
    45 00000046 85 C0                           	TEST	EAX,EAX
    46 00000048 74 EC                           	JE	L2
    47 0000004A 57                              	PUSH	EDI
    48 0000004B E8 [00000000]                   	CALL	_fifo32_get
    49 00000050 0F B6 C0                        	MOVZX	EAX,AL
    50 00000053 50                              	PUSH	EAX
    51 00000054 68 [00000000]                   	PUSH	_mdec
    52 00000059 E8 000000E2                     	CALL	_mouse_decode
    53 0000005E 83 C4 0C                        	ADD	ESP,12
    54 00000061 85 C0                           	TEST	EAX,EAX
    55 00000063 74 D1                           	JE	L2
    56 00000065 03 35 [00000008]                	ADD	ESI,DWORD [_mdec+8]
    57 0000006B 03 1D [00000004]                	ADD	EBX,DWORD [_mdec+4]
    58 00000071 78 58                           	JS	L12
    59 00000073                                 L7:
    60 00000073 85 F6                           	TEST	ESI,ESI
    61 00000075 78 50                           	JS	L13
    62 00000077                                 L8:
    63 00000077 0F BF 05 00000FF4               	MOVSX	EAX,WORD [4084]
    64 0000007E 48                              	DEC	EAX
    65 0000007F 39 C3                           	CMP	EBX,EAX
    66 00000081 7E 02                           	JLE	L9
    67 00000083 89 C3                           	MOV	EBX,EAX
    68 00000085                                 L9:
    69 00000085 0F BF 05 00000FF6               	MOVSX	EAX,WORD [4086]
    70 0000008C 48                              	DEC	EAX
    71 0000008D 39 C6                           	CMP	ESI,EAX
    72 0000008F 7E 02                           	JLE	L10
    73 00000091 89 C6                           	MOV	ESI,EAX
    74 00000093                                 L10:
    75 00000093 56                              	PUSH	ESI
    76 00000094 53                              	PUSH	EBX
    77 00000095 FF 35 [00000000]                	PUSH	DWORD [_sht_mouse]
    78 0000009B E8 [00000000]                   	CALL	_sheet_slide
    79 000000A0 83 C4 0C                        	ADD	ESP,12
    80 000000A3 F6 05 [0000000C] 01             	TEST	BYTE [_mdec+12],1
    81 000000AA 74 8A                           	JE	L2
    82 000000AC 8D 46 F8                        	LEA	EAX,DWORD [-8+ESI]
    83 000000AF 50                              	PUSH	EAX
    84 000000B0 8D 43 F8                        	LEA	EAX,DWORD [-8+EBX]
    85 000000B3 50                              	PUSH	EAX
    86 000000B4 FF 35 [00000000]                	PUSH	DWORD [_sht_win]
    87 000000BA E8 [00000000]                   	CALL	_sheet_slide
    88 000000BF 83 C4 0C                        	ADD	ESP,12
    89 000000C2 E9 FFFFFF6F                     	JMP	L2
    90 000000C7                                 L13:
    91 000000C7 31 F6                           	XOR	ESI,ESI
    92 000000C9 EB AC                           	JMP	L8
    93 000000CB                                 L12:
    94 000000CB 31 DB                           	XOR	EBX,EBX
    95 000000CD EB A4                           	JMP	L7
    96 000000CF                                 	GLOBAL	_inthandler2c
    97 000000CF                                 _inthandler2c:
    98 000000CF 55                              	PUSH	EBP
    99 000000D0 89 E5                           	MOV	EBP,ESP
   100 000000D2 6A 64                           	PUSH	100
   101 000000D4 68 000000A0                     	PUSH	160
   102 000000D9 E8 [00000000]                   	CALL	_io_out8
   103 000000DE 6A 62                           	PUSH	98
   104 000000E0 6A 20                           	PUSH	32
   105 000000E2 E8 [00000000]                   	CALL	_io_out8
   106 000000E7 6A 60                           	PUSH	96
   107 000000E9 E8 [00000000]                   	CALL	_io_in8
   108 000000EE 03 05 [00000004]                	ADD	EAX,DWORD [_mousedata0]
   109 000000F4 50                              	PUSH	EAX
   110 000000F5 FF 35 [00000000]                	PUSH	DWORD [_mousefifo]
   111 000000FB E8 [00000000]                   	CALL	_fifo32_put
   112 00000100 C9                              	LEAVE
   113 00000101 C3                              	RET
   114 00000102                                 	GLOBAL	_enable_mouse
   115 00000102                                 _enable_mouse:
   116 00000102 55                              	PUSH	EBP
   117 00000103 89 E5                           	MOV	EBP,ESP
   118 00000105 8B 45 08                        	MOV	EAX,DWORD [8+EBP]
   119 00000108 A3 [00000000]                   	MOV	DWORD [_mousefifo],EAX
   120 0000010D 8B 45 0C                        	MOV	EAX,DWORD [12+EBP]
   121 00000110 A3 [00000004]                   	MOV	DWORD [_mousedata0],EAX
   122 00000115 E8 [00000000]                   	CALL	_wait_KBC_sendready
   123 0000011A 68 000000D4                     	PUSH	212
   124 0000011F 6A 64                           	PUSH	100
   125 00000121 E8 [00000000]                   	CALL	_io_out8
   126 00000126 E8 [00000000]                   	CALL	_wait_KBC_sendready
   127 0000012B 68 000000F4                     	PUSH	244
   128 00000130 6A 60                           	PUSH	96
   129 00000132 E8 [00000000]                   	CALL	_io_out8
   130 00000137 8B 45 10                        	MOV	EAX,DWORD [16+EBP]
   131 0000013A C6 40 03 00                     	MOV	BYTE [3+EAX],0
   132 0000013E C9                              	LEAVE
   133 0000013F C3                              	RET
   134 00000140                                 	GLOBAL	_mouse_decode
   135 00000140                                 _mouse_decode:
   136 00000140 55                              	PUSH	EBP
   137 00000141 89 E5                           	MOV	EBP,ESP
   138 00000143 56                              	PUSH	ESI
   139 00000144 53                              	PUSH	EBX
   140 00000145 8B 55 08                        	MOV	EDX,DWORD [8+EBP]
   141 00000148 8B 4D 0C                        	MOV	ECX,DWORD [12+EBP]
   142 0000014B 89 CE                           	MOV	ESI,ECX
   143 0000014D 8A 42 03                        	MOV	AL,BYTE [3+EDX]
   144 00000150 84 C0                           	TEST	AL,AL
   145 00000152 75 11                           	JNE	L17
   146 00000154 80 F9 FA                        	CMP	CL,-6
   147 00000157 74 06                           	JE	L25
   148 00000159                                 L24:
   149 00000159 31 C0                           	XOR	EAX,EAX
   150 0000015B                                 L16:
   151 0000015B 5B                              	POP	EBX
   152 0000015C 5E                              	POP	ESI
   153 0000015D 5D                              	POP	EBP
   154 0000015E C3                              	RET
   155 0000015F                                 L25:
   156 0000015F C6 42 03 01                     	MOV	BYTE [3+EDX],1
   157 00000163 EB F4                           	JMP	L24
   158 00000165                                 L17:
   159 00000165 3C 01                           	CMP	AL,1
   160 00000167 74 61                           	JE	L26
   161 00000169 3C 02                           	CMP	AL,2
   162 0000016B 74 54                           	JE	L27
   163 0000016D 3C 03                           	CMP	AL,3
   164 0000016F 74 05                           	JE	L28
   165 00000171 83 C8 FF                        	OR	EAX,-1
   166 00000174 EB E5                           	JMP	L16
   167 00000176                                 L28:
   168 00000176 8A 1A                           	MOV	BL,BYTE [EDX]
   169 00000178 81 E6 000000FF                  	AND	ESI,255
   170 0000017E 89 D8                           	MOV	EAX,EBX
   171 00000180 88 4A 02                        	MOV	BYTE [2+EDX],CL
   172 00000183 83 E0 07                        	AND	EAX,7
   173 00000186 89 72 08                        	MOV	DWORD [8+EDX],ESI
   174 00000189 89 42 0C                        	MOV	DWORD [12+EDX],EAX
   175 0000018C 88 D8                           	MOV	AL,BL
   176 0000018E 0F B6 4A 01                     	MOVZX	ECX,BYTE [1+EDX]
   177 00000192 83 E0 10                        	AND	EAX,16
   178 00000195 89 4A 04                        	MOV	DWORD [4+EDX],ECX
   179 00000198 C6 42 03 01                     	MOV	BYTE [3+EDX],1
   180 0000019C 84 C0                           	TEST	AL,AL
   181 0000019E 74 09                           	JE	L22
   182 000001A0 81 C9 FFFFFF00                  	OR	ECX,-256
   183 000001A6 89 4A 04                        	MOV	DWORD [4+EDX],ECX
   184 000001A9                                 L22:
   185 000001A9 83 E3 20                        	AND	EBX,32
   186 000001AC 84 DB                           	TEST	BL,BL
   187 000001AE 74 07                           	JE	L23
   188 000001B0 81 4A 08 FFFFFF00               	OR	DWORD [8+EDX],-256
   189 000001B7                                 L23:
   190 000001B7 F7 5A 08                        	NEG	DWORD [8+EDX]
   191 000001BA B8 00000001                     	MOV	EAX,1
   192 000001BF EB 9A                           	JMP	L16
   193 000001C1                                 L27:
   194 000001C1 88 4A 01                        	MOV	BYTE [1+EDX],CL
   195 000001C4 C6 42 03 03                     	MOV	BYTE [3+EDX],3
   196 000001C8 EB 8F                           	JMP	L24
   197 000001CA                                 L26:
   198 000001CA 88 0A                           	MOV	BYTE [EDX],CL
   199 000001CC C6 42 03 02                     	MOV	BYTE [3+EDX],2
   200 000001D0 EB 87                           	JMP	L24
   201 000001D2                                 	GLOBAL	_mousefifo
   202                                          [SECTION .data]
   203 00000000                                 	ALIGNB	4
   204 00000000                                 _mousefifo:
   205 00000000 00 00 00 00                     	RESB	4
   206 00000004                                 	GLOBAL	_mousedata0
   207                                          [SECTION .data]
   208 00000004                                 	ALIGNB	4
   209 00000004                                 _mousedata0:
   210 00000004 00 00 00 00                     	RESB	4
