     1 00000000                                 [FORMAT "WCOFF"]
     2 00000000                                 [INSTRSET "i486p"]
     3 00000000                                 [OPTIMIZE 1]
     4 00000000                                 [OPTION 1]
     5 00000000                                 [BITS 32]
     6 00000000                                 	EXTERN	_pcbar
     7 00000000                                 	EXTERN	_io_out8
     8 00000000                                 	EXTERN	_io_cli
     9 00000000                                 	EXTERN	_memget
    10 00000000                                 	EXTERN	_putfonts8_ascAll
    11 00000000                                 	EXTERN	_sprintf
    12 00000000                                 [FILE "net.c"]
    13 00000000                                 	GLOBAL	_broadcast_mac
    14                                          [SECTION .data]
    15 00000000                                 _broadcast_mac:
    16 00000000 FF                              	DB	-1
    17 00000001 FF                              	DB	-1
    18 00000002 FF                              	DB	-1
    19 00000003 FF                              	DB	-1
    20 00000004 FF                              	DB	-1
    21 00000005 FF                              	DB	-1
    22                                          [SECTION .text]
    23 00000000                                 	GLOBAL	_get_e1000_mac
    24 00000000                                 _get_e1000_mac:
    25 00000000 55                              	PUSH	EBP
    26 00000001 A1 [00000000]                   	MOV	EAX,DWORD [_pcbar]
    27 00000006 89 E5                           	MOV	EBP,ESP
    28 00000008 8B 50 04                        	MOV	EDX,DWORD [4+EAX]
    29 0000000B 8B 4D 08                        	MOV	ECX,DWORD [8+EBP]
    30 0000000E 8B 82 00005400                  	MOV	EAX,DWORD [21504+EDX]
    31 00000014 8B 92 00005404                  	MOV	EDX,DWORD [21508+EDX]
    32 0000001A 88 01                           	MOV	BYTE [ECX],AL
    33 0000001C 88 51 04                        	MOV	BYTE [4+ECX],DL
    34 0000001F C1 E8 08                        	SHR	EAX,8
    35 00000022 C1 EA 08                        	SHR	EDX,8
    36 00000025 88 41 01                        	MOV	BYTE [1+ECX],AL
    37 00000028 C1 E8 08                        	SHR	EAX,8
    38 0000002B 88 51 05                        	MOV	BYTE [5+ECX],DL
    39 0000002E 88 41 02                        	MOV	BYTE [2+ECX],AL
    40 00000031 C1 E8 08                        	SHR	EAX,8
    41 00000034 88 41 03                        	MOV	BYTE [3+ECX],AL
    42 00000037 5D                              	POP	EBP
    43 00000038 C3                              	RET
    44 00000039                                 	GLOBAL	_calculate_ip_checksum
    45 00000039                                 _calculate_ip_checksum:
    46 00000039 55                              	PUSH	EBP
    47 0000003A 89 E5                           	MOV	EBP,ESP
    48 0000003C 53                              	PUSH	EBX
    49 0000003D 31 DB                           	XOR	EBX,EBX
    50 0000003F 8B 4D 0C                        	MOV	ECX,DWORD [12+EBP]
    51 00000042 8B 55 08                        	MOV	EDX,DWORD [8+EBP]
    52 00000045 83 F9 01                        	CMP	ECX,1
    53 00000048 76 10                           	JBE	L13
    54 0000004A                                 L6:
    55 0000004A 0F B7 02                        	MOVZX	EAX,WORD [EDX]
    56 0000004D 83 E9 02                        	SUB	ECX,2
    57 00000050 01 C3                           	ADD	EBX,EAX
    58 00000052 83 C2 02                        	ADD	EDX,2
    59 00000055 83 F9 01                        	CMP	ECX,1
    60 00000058 77 F0                           	JA	L6
    61 0000005A                                 L13:
    62 0000005A 85 C9                           	TEST	ECX,ECX
    63 0000005C 74 05                           	JE	L7
    64 0000005E 0F B6 02                        	MOVZX	EAX,BYTE [EDX]
    65 00000061 01 C3                           	ADD	EBX,EAX
    66 00000063                                 L7:
    67 00000063 89 D8                           	MOV	EAX,EBX
    68 00000065 C1 E8 10                        	SHR	EAX,16
    69 00000068 85 C0                           	TEST	EAX,EAX
    70 0000006A 74 14                           	JE	L15
    71 0000006C                                 L11:
    72 0000006C 89 DA                           	MOV	EDX,EBX
    73 0000006E 0F B7 C3                        	MOVZX	EAX,BX
    74 00000071 C1 EA 10                        	SHR	EDX,16
    75 00000074 8D 1C 02                        	LEA	EBX,DWORD [EDX+EAX*1]
    76 00000077 89 D8                           	MOV	EAX,EBX
    77 00000079 C1 E8 10                        	SHR	EAX,16
    78 0000007C 85 C0                           	TEST	EAX,EAX
    79 0000007E 75 EC                           	JNE	L11
    80 00000080                                 L15:
    81 00000080 89 D8                           	MOV	EAX,EBX
    82 00000082 5B                              	POP	EBX
    83 00000083 F7 D0                           	NOT	EAX
    84 00000085 0F B7 C0                        	MOVZX	EAX,AX
    85 00000088 5D                              	POP	EBP
    86 00000089 C3                              	RET
    87                                          [SECTION .data]
    88 00000006                                 LC0:
    89 00000006 32 35 35 2E 32 35 35 2E 32 35   	DB	"255.255.255.255",0x00
       00000010 35 2E 32 35 35 00 
    90                                          [SECTION .text]
    91 0000008A                                 	GLOBAL	_send_dhcp_discover
    92 0000008A                                 _send_dhcp_discover:
    93 0000008A 55                              	PUSH	EBP
    94 0000008B 31 C0                           	XOR	EAX,EAX
    95 0000008D 89 E5                           	MOV	EBP,ESP
    96 0000008F B9 0000008A                     	MOV	ECX,138
    97 00000094 57                              	PUSH	EDI
    98 00000095 53                              	PUSH	EBX
    99 00000096 8D BD FFFFFDC8                  	LEA	EDI,DWORD [-568+EBP]
   100 0000009C FC                              	CLD
   101 0000009D 81 EC 00000230                  	SUB	ESP,560
   102 000000A3 8D 9D FFFFFDC8                  	LEA	EBX,DWORD [-568+EBP]
   103 000000A9 F3                              	REP
   104 000000AA AB                              	STOSD
   105 000000AB 68 [00000130]                   	PUSH	_qemu_default_mac
   106 000000B0 E8 FFFFFF4B                     	CALL	_get_e1000_mac
   107 000000B5 68 00000228                     	PUSH	552
   108 000000BA 66 A1 [00000134]                	MOV	AX,WORD [_qemu_default_mac+4]
   109 000000C0 53                              	PUSH	EBX
   110 000000C1 66 89 85 FFFFFDE8               	MOV	WORD [-536+EBP],AX
   111 000000C8 6A 43                           	PUSH	67
   112 000000CA 66 89 85 FFFFFEC2               	MOV	WORD [-318+EBP],AX
   113 000000D1 6A 44                           	PUSH	68
   114 000000D3 68 [00000006]                   	PUSH	LC0
   115 000000D8 8B 15 [00000130]                	MOV	EDX,DWORD [_qemu_default_mac]
   116 000000DE 68 [00000000]                   	PUSH	_broadcast_mac
   117 000000E3 89 95 FFFFFDE4                  	MOV	DWORD [-540+EBP],EDX
   118 000000E9 C6 85 FFFFFDC8 01               	MOV	BYTE [-568+EBP],1
   119 000000F0 C6 85 FFFFFDC9 01               	MOV	BYTE [-567+EBP],1
   120 000000F7 C6 85 FFFFFDCA 06               	MOV	BYTE [-566+EBP],6
   121 000000FE C7 85 FFFFFDCC 33202605         	MOV	DWORD [-564+EBP],857744901
   122 00000108 66 C7 85 FFFFFDD2 0080          	MOV	WORD [-558+EBP],128
   123 00000111 C7 85 FFFFFEB4 63538263         	MOV	DWORD [-332+EBP],1666417251
   124 0000011B C6 85 FFFFFEB8 35               	MOV	BYTE [-328+EBP],53
   125 00000122 C6 85 FFFFFEB9 01               	MOV	BYTE [-327+EBP],1
   126 00000129 C6 85 FFFFFEBA 01               	MOV	BYTE [-326+EBP],1
   127 00000130 C6 85 FFFFFEBB 3D               	MOV	BYTE [-325+EBP],61
   128 00000137 C6 85 FFFFFEBC 07               	MOV	BYTE [-324+EBP],7
   129 0000013E C6 85 FFFFFEBD 01               	MOV	BYTE [-323+EBP],1
   130 00000145 89 95 FFFFFEBE                  	MOV	DWORD [-322+EBP],EDX
   131 0000014B C6 85 FFFFFEC4 37               	MOV	BYTE [-316+EBP],55
   132 00000152 C6 85 FFFFFEC5 03               	MOV	BYTE [-315+EBP],3
   133 00000159 C6 85 FFFFFEC6 01               	MOV	BYTE [-314+EBP],1
   134 00000160 C6 85 FFFFFEC7 03               	MOV	BYTE [-313+EBP],3
   135 00000167 C6 85 FFFFFEC8 06               	MOV	BYTE [-312+EBP],6
   136 0000016E C6 85 FFFFFEC9 FF               	MOV	BYTE [-311+EBP],-1
   137 00000175 E8 00000007                     	CALL	_ethernet_send_udp
   138 0000017A 8D 65 F8                        	LEA	ESP,DWORD [-8+EBP]
   139 0000017D 5B                              	POP	EBX
   140 0000017E 5F                              	POP	EDI
   141 0000017F 5D                              	POP	EBP
   142 00000180 C3                              	RET
   143 00000181                                 	GLOBAL	_ethernet_send_udp
   144 00000181                                 _ethernet_send_udp:
   145 00000181 55                              	PUSH	EBP
   146 00000182 89 E5                           	MOV	EBP,ESP
   147 00000184 57                              	PUSH	EDI
   148 00000185 56                              	PUSH	ESI
   149 00000186 53                              	PUSH	EBX
   150 00000187 8D 8D FFFFFA22                  	LEA	ECX,DWORD [-1502+EBP]
   151 0000018D 81 EC 000005E0                  	SUB	ESP,1504
   152 00000193 8B 55 08                        	MOV	EDX,DWORD [8+EBP]
   153 00000196 8B 5D 1C                        	MOV	EBX,DWORD [28+EBP]
   154 00000199 8B 7D 10                        	MOV	EDI,DWORD [16+EBP]
   155 0000019C 8B 75 14                        	MOV	ESI,DWORD [20+EBP]
   156 0000019F 8B 02                           	MOV	EAX,DWORD [EDX]
   157 000001A1 89 85 FFFFFA14                  	MOV	DWORD [-1516+EBP],EAX
   158 000001A7 66 8B 42 04                     	MOV	AX,WORD [4+EDX]
   159 000001AB 6A 14                           	PUSH	20
   160 000001AD 66 89 85 FFFFFA18               	MOV	WORD [-1512+EBP],AX
   161 000001B4 51                              	PUSH	ECX
   162 000001B5 A1 [00000130]                   	MOV	EAX,DWORD [_qemu_default_mac]
   163 000001BA 89 85 FFFFFA1A                  	MOV	DWORD [-1510+EBP],EAX
   164 000001C0 66 A1 [00000134]                	MOV	AX,WORD [_qemu_default_mac+4]
   165 000001C6 66 89 85 FFFFFA1E               	MOV	WORD [-1506+EBP],AX
   166 000001CD 8D 43 1C                        	LEA	EAX,DWORD [28+EBX]
   167 000001D0 0F B7 D0                        	MOVZX	EDX,AX
   168 000001D3 C1 E2 08                        	SAL	EDX,8
   169 000001D6 66 C1 E8 08                     	SHR	AX,8
   170 000001DA 09 D0                           	OR	EAX,EDX
   171 000001DC 66 C7 85 FFFFFA20 0008          	MOV	WORD [-1504+EBP],8
   172 000001E5 C6 85 FFFFFA22 45               	MOV	BYTE [-1502+EBP],69
   173 000001EC C6 85 FFFFFA23 00               	MOV	BYTE [-1501+EBP],0
   174 000001F3 66 89 85 FFFFFA24               	MOV	WORD [-1500+EBP],AX
   175 000001FA 66 C7 85 FFFFFA26 3412          	MOV	WORD [-1498+EBP],13330
   176 00000203 66 C7 85 FFFFFA28 0000          	MOV	WORD [-1496+EBP],0
   177 0000020C C6 85 FFFFFA2A 40               	MOV	BYTE [-1494+EBP],64
   178 00000213 C6 85 FFFFFA2B 11               	MOV	BYTE [-1493+EBP],17
   179 0000021A C7 85 FFFFFA2E 00000000         	MOV	DWORD [-1490+EBP],0
   180 00000224 C7 85 FFFFFA32 FFFFFFFF         	MOV	DWORD [-1486+EBP],-1
   181 0000022E 66 C7 85 FFFFFA2C 0000          	MOV	WORD [-1492+EBP],0
   182 00000237 E8 FFFFFDFD                     	CALL	_calculate_ip_checksum
   183 0000023C 89 D9                           	MOV	ECX,EBX
   184 0000023E FC                              	CLD
   185 0000023F 66 89 85 FFFFFA2C               	MOV	WORD [-1492+EBP],AX
   186 00000246 58                              	POP	EAX
   187 00000247 0F B7 C7                        	MOVZX	EAX,DI
   188 0000024A C1 E0 08                        	SAL	EAX,8
   189 0000024D 5A                              	POP	EDX
   190 0000024E 66 C1 EF 08                     	SHR	DI,8
   191 00000252 09 C7                           	OR	EDI,EAX
   192 00000254 0F B7 C6                        	MOVZX	EAX,SI
   193 00000257 C1 E0 08                        	SAL	EAX,8
   194 0000025A 66 C1 EE 08                     	SHR	SI,8
   195 0000025E 66 89 BD FFFFFA36               	MOV	WORD [-1482+EBP],DI
   196 00000265 09 C6                           	OR	ESI,EAX
   197 00000267 66 89 B5 FFFFFA38               	MOV	WORD [-1480+EBP],SI
   198 0000026E 8D 43 08                        	LEA	EAX,DWORD [8+EBX]
   199 00000271 0F B7 D0                        	MOVZX	EDX,AX
   200 00000274 C1 E2 08                        	SAL	EDX,8
   201 00000277 8B 75 18                        	MOV	ESI,DWORD [24+EBP]
   202 0000027A 66 C1 E8 08                     	SHR	AX,8
   203 0000027E 8D BD FFFFFA3E                  	LEA	EDI,DWORD [-1474+EBP]
   204 00000284 09 D0                           	OR	EAX,EDX
   205 00000286 66 89 85 FFFFFA3A               	MOV	WORD [-1478+EBP],AX
   206 0000028D 8D 43 2A                        	LEA	EAX,DWORD [42+EBX]
   207 00000290 F3                              	REP
   208 00000291 A4                              	MOVSB
   209 00000292 50                              	PUSH	EAX
   210 00000293 8D 85 FFFFFA14                  	LEA	EAX,DWORD [-1516+EBP]
   211 00000299 50                              	PUSH	EAX
   212 0000029A E8 0000038D                     	CALL	_e1000_send_packet
   213 0000029F 8D 65 F4                        	LEA	ESP,DWORD [-12+EBP]
   214 000002A2 5B                              	POP	EBX
   215 000002A3 5E                              	POP	ESI
   216 000002A4 5F                              	POP	EDI
   217 000002A5 5D                              	POP	EBP
   218 000002A6 C3                              	RET
   219 000002A7                                 	GLOBAL	_inthandler29
   220 000002A7                                 _inthandler29:
   221 000002A7 55                              	PUSH	EBP
   222 000002A8 A1 [00000000]                   	MOV	EAX,DWORD [_pcbar]
   223 000002AD 89 E5                           	MOV	EBP,ESP
   224 000002AF 8B 40 04                        	MOV	EAX,DWORD [4+EAX]
   225 000002B2 8B 80 000000C0                  	MOV	EAX,DWORD [192+EAX]
   226 000002B8 84 C0                           	TEST	AL,AL
   227 000002BA 78 1E                           	JS	L27
   228 000002BC                                 L26:
   229 000002BC 6A 63                           	PUSH	99
   230 000002BE 68 000000A0                     	PUSH	160
   231 000002C3 E8 [00000000]                   	CALL	_io_out8
   232 000002C8 6A 62                           	PUSH	98
   233 000002CA 6A 20                           	PUSH	32
   234 000002CC E8 [00000000]                   	CALL	_io_out8
   235 000002D1 83 C4 10                        	ADD	ESP,16
   236 000002D4 C9                              	LEAVE
   237 000002D5 E9 [00000000]                   	JMP	_io_cli
   238 000002DA                                 L27:
   239 000002DA E8 00000294                     	CALL	_check_packet
   240 000002DF EB DB                           	JMP	L26
   241 000002E1                                 	GLOBAL	_init_e1000_tx
   242 000002E1                                 _init_e1000_tx:
   243 000002E1 A1 [00000000]                   	MOV	EAX,DWORD [_pcbar]
   244 000002E6 55                              	PUSH	EBP
   245 000002E7 89 E5                           	MOV	EBP,ESP
   246 000002E9 83 78 04 00                     	CMP	DWORD [4+EAX],0
   247 000002ED 75 02                           	JNE	L30
   248 000002EF                                 L28:
   249 000002EF C9                              	LEAVE
   250 000002F0 C3                              	RET
   251 000002F1                                 L30:
   252 000002F1 68 00000100                     	PUSH	256
   253 000002F6 E8 [00000000]                   	CALL	_memget
   254 000002FB 8B 0D [00000000]                	MOV	ECX,DWORD [_pcbar]
   255 00000301 83 C0 7F                        	ADD	EAX,127
   256 00000304 8B 51 04                        	MOV	EDX,DWORD [4+ECX]
   257 00000307 83 E0 80                        	AND	EAX,-128
   258 0000030A A3 [00000074]                   	MOV	DWORD [_tx_ring],EAX
   259 0000030F 89 82 00003800                  	MOV	DWORD [14336+EDX],EAX
   260 00000315 8B 41 04                        	MOV	EAX,DWORD [4+ECX]
   261 00000318 C7 80 00003804 00000000         	MOV	DWORD [14340+EAX],0
   262 00000322 8B 41 04                        	MOV	EAX,DWORD [4+ECX]
   263 00000325 C7 80 00003808 00000080         	MOV	DWORD [14344+EAX],128
   264 0000032F 8B 41 04                        	MOV	EAX,DWORD [4+ECX]
   265 00000332 C7 80 00003810 00000000         	MOV	DWORD [14352+EAX],0
   266 0000033C 8B 41 04                        	MOV	EAX,DWORD [4+ECX]
   267 0000033F C7 80 00003818 00000000         	MOV	DWORD [14360+EAX],0
   268 00000349 8B 41 04                        	MOV	EAX,DWORD [4+ECX]
   269 0000034C C7 80 00000400 0000000A         	MOV	DWORD [1024+EAX],10
   270 00000356 EB 97                           	JMP	L28
   271                                          [SECTION .data]
   272 00000016                                 LC1:
   273 00000016 4C 49 4E 4B 20 49 53 20 55 50   	DB	"LINK IS UP!",0x00
       00000020 21 00 
   274 00000022                                 LC2:
   275 00000022 4C 49 4E 4B 20 49 53 20 44 4F   	DB	"LINK IS DOWN...",0x00
       0000002C 57 4E 2E 2E 2E 00 
   276                                          [SECTION .text]
   277 00000358                                 	GLOBAL	_init_e1000
   278 00000358                                 _init_e1000:
   279 00000358 55                              	PUSH	EBP
   280 00000359 89 E5                           	MOV	EBP,ESP
   281 0000035B 56                              	PUSH	ESI
   282 0000035C 53                              	PUSH	EBX
   283 0000035D 50                              	PUSH	EAX
   284 0000035E A1 [00000000]                   	MOV	EAX,DWORD [_pcbar]
   285 00000363 83 78 04 00                     	CMP	DWORD [4+EAX],0
   286 00000367 75 07                           	JNE	L43
   287 00000369                                 L31:
   288 00000369 8D 65 F8                        	LEA	ESP,DWORD [-8+EBP]
   289 0000036C 5B                              	POP	EBX
   290 0000036D 5E                              	POP	ESI
   291 0000036E 5D                              	POP	EBP
   292 0000036F C3                              	RET
   293 00000370                                 L43:
   294 00000370 68 00000280                     	PUSH	640
   295 00000375 31 F6                           	XOR	ESI,ESI
   296 00000377 31 DB                           	XOR	EBX,EBX
   297 00000379 E8 [00000000]                   	CALL	_memget
   298 0000037E 83 C0 7F                        	ADD	EAX,127
   299 00000381 83 E0 80                        	AND	EAX,-128
   300 00000384 A3 [000000A0]                   	MOV	DWORD [_rx_ring],EAX
   301 00000389 58                              	POP	EAX
   302 0000038A                                 L37:
   303 0000038A 68 00000800                     	PUSH	2048
   304 0000038F E8 [00000000]                   	CALL	_memget
   305 00000394 8B 15 [000000A0]                	MOV	EDX,DWORD [_rx_ring]
   306 0000039A 89 04 B5 [000000B0]             	MOV	DWORD [_rx_buffers+ESI*4],EAX
   307 000003A1 89 04 1A                        	MOV	DWORD [EDX+EBX*1],EAX
   308 000003A4 C6 44 1A 0C 00                  	MOV	BYTE [12+EDX+EBX*1],0
   309 000003A9 A1 [000000A0]                   	MOV	EAX,DWORD [_rx_ring]
   310 000003AE 46                              	INC	ESI
   311 000003AF C7 44 1A 04 00000000            	MOV	DWORD [4+EDX+EBX*1],0
   312 000003B7 C6 44 18 0D 00                  	MOV	BYTE [13+EAX+EBX*1],0
   313 000003BC 8B 0D [000000A0]                	MOV	ECX,DWORD [_rx_ring]
   314 000003C2 66 C7 44 19 08 0000             	MOV	WORD [8+ECX+EBX*1],0
   315 000003C9 58                              	POP	EAX
   316 000003CA 83 C3 10                        	ADD	EBX,16
   317 000003CD 83 FE 1F                        	CMP	ESI,31
   318 000003D0 7E B8                           	JLE	L37
   319 000003D2 8B 15 [00000000]                	MOV	EDX,DWORD [_pcbar]
   320 000003D8 8B 42 04                        	MOV	EAX,DWORD [4+EDX]
   321 000003DB C7 80 000000D8 FFFFFFFF         	MOV	DWORD [216+EAX],-1
   322 000003E5 8B 42 04                        	MOV	EAX,DWORD [4+EDX]
   323 000003E8 89 88 00002800                  	MOV	DWORD [10240+EAX],ECX
   324 000003EE 8B 42 04                        	MOV	EAX,DWORD [4+EDX]
   325 000003F1 C7 80 00002804 00000000         	MOV	DWORD [10244+EAX],0
   326 000003FB 8B 42 04                        	MOV	EAX,DWORD [4+EDX]
   327 000003FE C7 80 00002808 00000200         	MOV	DWORD [10248+EAX],512
   328 00000408 8B 42 04                        	MOV	EAX,DWORD [4+EDX]
   329 0000040B C7 80 00002810 00000000         	MOV	DWORD [10256+EAX],0
   330 00000415 8B 42 04                        	MOV	EAX,DWORD [4+EDX]
   331 00000418 C7 80 00002818 0000001F         	MOV	DWORD [10264+EAX],31
   332 00000422 8B 42 04                        	MOV	EAX,DWORD [4+EDX]
   333 00000425 C7 80 00000100 04008012         	MOV	DWORD [256+EAX],67141650
   334 0000042F 8B 4A 04                        	MOV	ECX,DWORD [4+EDX]
   335 00000432 8B 01                           	MOV	EAX,DWORD [ECX]
   336 00000434 83 C8 40                        	OR	EAX,64
   337 00000437 25 FBFFFFFF                     	AND	EAX,-67108865
   338 0000043C 89 01                           	MOV	DWORD [ECX],EAX
   339 0000043E 8B 42 04                        	MOV	EAX,DWORD [4+EDX]
   340 00000441 C7 80 000000D0 0001F6DC         	MOV	DWORD [208+EAX],128732
   341 0000044B 8B 42 04                        	MOV	EAX,DWORD [4+EDX]
   342 0000044E C7 80 000000D0 00000084         	MOV	DWORD [208+EAX],132
   343 00000458 8B 52 04                        	MOV	EDX,DWORD [4+EDX]
   344 0000045B 8B 82 000000C0                  	MOV	EAX,DWORD [192+EDX]
   345 00000461 89 45 F4                        	MOV	DWORD [-12+EBP],EAX
   346 00000464 8B 45 F4                        	MOV	EAX,DWORD [-12+EBP]
   347 00000467 8B 42 08                        	MOV	EAX,DWORD [8+EDX]
   348 0000046A 83 E0 02                        	AND	EAX,2
   349 0000046D 74 2E                           	JE	L38
   350 0000046F 68 [00000016]                   	PUSH	LC1
   351 00000474                                 L42:
   352 00000474 68 00000154                     	PUSH	340
   353 00000479 68 000000C8                     	PUSH	200
   354 0000047E E8 [00000000]                   	CALL	_putfonts8_ascAll
   355 00000483 A1 [00000000]                   	MOV	EAX,DWORD [_pcbar]
   356 00000488 83 C4 0C                        	ADD	ESP,12
   357 0000048B 8B 40 04                        	MOV	EAX,DWORD [4+EAX]
   358 0000048E C7 80 000000C8 00000084         	MOV	DWORD [200+EAX],132
   359 00000498 E9 FFFFFECC                     	JMP	L31
   360 0000049D                                 L38:
   361 0000049D 68 [00000022]                   	PUSH	LC2
   362 000004A2 EB D0                           	JMP	L42
   363 000004A4                                 	GLOBAL	_current_rx
   364                                          [SECTION .data]
   365 00000032 00 00                           	ALIGNB	4
   366 00000034                                 _current_rx:
   367 00000034 00000000                        	DD	0
   368 00000038                                 LC3:
   369 00000038 4D 41 43 3A 20 25 30 32 58 3A   	DB	"MAC: %02X:%02X:%02X:%02X:%02X:%02X",0x00
       00000042 25 30 32 58 3A 25 30 32 58 3A 
       0000004C 25 30 32 58 3A 25 30 32 58 3A 
       00000056 25 30 32 58 00 
   370 0000005B                                 LC4:
   371 0000005B 74 79 70 65 3A 20 25 30 34 58   	DB	"type: %04X",0x00
       00000065 00 
   372                                          [SECTION .text]
   373 000004A4                                 	GLOBAL	_dump_packet
   374 000004A4                                 _dump_packet:
   375 000004A4 55                              	PUSH	EBP
   376 000004A5 89 E5                           	MOV	EBP,ESP
   377 000004A7 57                              	PUSH	EDI
   378 000004A8 56                              	PUSH	ESI
   379 000004A9 53                              	PUSH	EBX
   380 000004AA 8D 75 B4                        	LEA	ESI,DWORD [-76+EBP]
   381 000004AD 83 EC 54                        	SUB	ESP,84
   382 000004B0 8B 7D 08                        	MOV	EDI,DWORD [8+EBP]
   383 000004B3 0F B6 47 0B                     	MOVZX	EAX,BYTE [11+EDI]
   384 000004B7 50                              	PUSH	EAX
   385 000004B8 0F B6 47 0A                     	MOVZX	EAX,BYTE [10+EDI]
   386 000004BC 50                              	PUSH	EAX
   387 000004BD 0F B6 47 09                     	MOVZX	EAX,BYTE [9+EDI]
   388 000004C1 50                              	PUSH	EAX
   389 000004C2 0F B6 47 08                     	MOVZX	EAX,BYTE [8+EDI]
   390 000004C6 50                              	PUSH	EAX
   391 000004C7 0F B6 47 07                     	MOVZX	EAX,BYTE [7+EDI]
   392 000004CB 50                              	PUSH	EAX
   393 000004CC 0F B6 47 06                     	MOVZX	EAX,BYTE [6+EDI]
   394 000004D0 50                              	PUSH	EAX
   395 000004D1 68 [00000038]                   	PUSH	LC3
   396 000004D6 56                              	PUSH	ESI
   397 000004D7 E8 [00000000]                   	CALL	_sprintf
   398 000004DC 83 C4 20                        	ADD	ESP,32
   399 000004DF 56                              	PUSH	ESI
   400 000004E0 68 000001A4                     	PUSH	420
   401 000004E5 68 000000C8                     	PUSH	200
   402 000004EA E8 [00000000]                   	CALL	_putfonts8_ascAll
   403 000004EF 0F B6 47 0C                     	MOVZX	EAX,BYTE [12+EDI]
   404 000004F3 66 0F B6 5F 0D                  	MOVZX	BX,BYTE [13+EDI]
   405 000004F8 C1 E0 08                        	SAL	EAX,8
   406 000004FB 09 C3                           	OR	EBX,EAX
   407 000004FD 0F B7 C3                        	MOVZX	EAX,BX
   408 00000500 50                              	PUSH	EAX
   409 00000501 68 [0000005B]                   	PUSH	LC4
   410 00000506 56                              	PUSH	ESI
   411 00000507 E8 [00000000]                   	CALL	_sprintf
   412 0000050C 56                              	PUSH	ESI
   413 0000050D 68 000001B8                     	PUSH	440
   414 00000512 68 000000C8                     	PUSH	200
   415 00000517 E8 [00000000]                   	CALL	_putfonts8_ascAll
   416 0000051C 83 C4 24                        	ADD	ESP,36
   417 0000051F 66 81 FB 0806                   	CMP	BX,2054
   418 00000524 74 08                           	JE	L46
   419 00000526                                 L44:
   420 00000526 8D 65 F4                        	LEA	ESP,DWORD [-12+EBP]
   421 00000529 5B                              	POP	EBX
   422 0000052A 5E                              	POP	ESI
   423 0000052B 5F                              	POP	EDI
   424 0000052C 5D                              	POP	EBP
   425 0000052D C3                              	RET
   426 0000052E                                 L46:
   427 0000052E 8D 47 1C                        	LEA	EAX,DWORD [28+EDI]
   428 00000531 50                              	PUSH	EAX
   429 00000532 8D 45 A0                        	LEA	EAX,DWORD [-96+EBP]
   430 00000535 50                              	PUSH	EAX
   431 00000536 8D 47 06                        	LEA	EAX,DWORD [6+EDI]
   432 00000539 50                              	PUSH	EAX
   433 0000053A 8D 45 A4                        	LEA	EAX,DWORD [-92+EBP]
   434 0000053D 50                              	PUSH	EAX
   435 0000053E C6 45 A4 08                     	MOV	BYTE [-92+EBP],8
   436 00000542 C6 45 A5 00                     	MOV	BYTE [-91+EBP],0
   437 00000546 C6 45 A6 27                     	MOV	BYTE [-90+EBP],39
   438 0000054A C6 45 A7 00                     	MOV	BYTE [-89+EBP],0
   439 0000054E C6 45 A8 00                     	MOV	BYTE [-88+EBP],0
   440 00000552 C6 45 A9 13                     	MOV	BYTE [-87+EBP],19
   441 00000556 C7 45 A0 4238A8C0               	MOV	DWORD [-96+EBP],1111009472
   442 0000055D E8 0000014C                     	CALL	_build_arp_reply
   443 00000562 6A 3C                           	PUSH	60
   444 00000564 68 [00000210]                   	PUSH	_arp_packet
   445 00000569 E8 000000BE                     	CALL	_e1000_send_packet
   446 0000056E 83 C4 18                        	ADD	ESP,24
   447 00000571 EB B3                           	JMP	L44
   448 00000573                                 	GLOBAL	_bbx
   449                                          [SECTION .data]
   450 00000066 00 00                           	ALIGNB	4
   451 00000068                                 _bbx:
   452 00000068 000000C8                        	DD	200
   453 0000006C                                 LC5:
   454 0000006C 2A 00                           	DB	"*",0x00
   455                                          [SECTION .text]
   456 00000573                                 	GLOBAL	_check_packet
   457 00000573                                 _check_packet:
   458 00000573 55                              	PUSH	EBP
   459 00000574 A1 [00000000]                   	MOV	EAX,DWORD [_pcbar]
   460 00000579 89 E5                           	MOV	EBP,ESP
   461 0000057B 53                              	PUSH	EBX
   462 0000057C 83 78 04 00                     	CMP	DWORD [4+EAX],0
   463 00000580 75 05                           	JNE	L50
   464 00000582                                 L47:
   465 00000582 8B 5D FC                        	MOV	EBX,DWORD [-4+EBP]
   466 00000585 C9                              	LEAVE
   467 00000586 C3                              	RET
   468 00000587                                 L50:
   469 00000587 68 [0000006C]                   	PUSH	LC5
   470 0000058C 68 00000118                     	PUSH	280
   471 00000591 68 000000C8                     	PUSH	200
   472 00000596 E8 [00000000]                   	CALL	_putfonts8_ascAll
   473 0000059B 83 C4 0C                        	ADD	ESP,12
   474 0000059E 8B 1D [00000034]                	MOV	EBX,DWORD [_current_rx]
   475 000005A4 8B 0D [000000A0]                	MOV	ECX,DWORD [_rx_ring]
   476 000005AA 89 DA                           	MOV	EDX,EBX
   477 000005AC C1 E2 04                        	SAL	EDX,4
   478 000005AF 8A 44 11 0C                     	MOV	AL,BYTE [12+ECX+EDX*1]
   479 000005B3 83 E0 01                        	AND	EAX,1
   480 000005B6 84 C0                           	TEST	AL,AL
   481 000005B8 74 C8                           	JE	L47
   482 000005BA 0F B7 44 11 08                  	MOVZX	EAX,WORD [8+ECX+EDX*1]
   483 000005BF 50                              	PUSH	EAX
   484 000005C0 FF 34 9D [000000B0]             	PUSH	DWORD [_rx_buffers+EBX*4]
   485 000005C7 E8 FFFFFED8                     	CALL	_dump_packet
   486 000005CC 8B 15 [000000A0]                	MOV	EDX,DWORD [_rx_ring]
   487 000005D2 A1 [00000034]                   	MOV	EAX,DWORD [_current_rx]
   488 000005D7 C1 E0 04                        	SAL	EAX,4
   489 000005DA C6 44 02 0C 00                  	MOV	BYTE [12+EDX+EAX*1],0
   490 000005DF A1 [00000000]                   	MOV	EAX,DWORD [_pcbar]
   491 000005E4 8B 50 04                        	MOV	EDX,DWORD [4+EAX]
   492 000005E7 A1 [00000034]                   	MOV	EAX,DWORD [_current_rx]
   493 000005EC 89 82 00002818                  	MOV	DWORD [10264+EDX],EAX
   494 000005F2 68 [0000006C]                   	PUSH	LC5
   495 000005F7 68 00000118                     	PUSH	280
   496 000005FC FF 35 [00000068]                	PUSH	DWORD [_bbx]
   497 00000602 E8 [00000000]                   	CALL	_putfonts8_ascAll
   498 00000607 83 C4 14                        	ADD	ESP,20
   499 0000060A A1 [00000034]                   	MOV	EAX,DWORD [_current_rx]
   500 0000060F BA 00000020                     	MOV	EDX,32
   501 00000614 40                              	INC	EAX
   502 00000615 89 D1                           	MOV	ECX,EDX
   503 00000617 99                              	CDQ
   504 00000618 F7 F9                           	IDIV	ECX
   505 0000061A 83 05 [00000068] 08             	ADD	DWORD [_bbx],8
   506 00000621 89 15 [00000034]                	MOV	DWORD [_current_rx],EDX
   507 00000627 E9 FFFFFF56                     	JMP	L47
   508 0000062C                                 	GLOBAL	_cur_tx
   509                                          [SECTION .data]
   510 0000006E 00 00                           	ALIGNB	4
   511 00000070                                 _cur_tx:
   512 00000070 00000000                        	DD	0
   513                                          [SECTION .text]
   514 0000062C                                 	GLOBAL	_e1000_send_packet
   515 0000062C                                 _e1000_send_packet:
   516 0000062C 55                              	PUSH	EBP
   517 0000062D A1 [00000000]                   	MOV	EAX,DWORD [_pcbar]
   518 00000632 89 E5                           	MOV	EBP,ESP
   519 00000634 53                              	PUSH	EBX
   520 00000635 83 78 04 00                     	CMP	DWORD [4+EAX],0
   521 00000639 74 70                           	JE	L51
   522 0000063B 8B 1D [00000070]                	MOV	EBX,DWORD [_cur_tx]
   523 00000641 8B 0D [00000074]                	MOV	ECX,DWORD [_tx_ring]
   524 00000647 89 DA                           	MOV	EDX,EBX
   525 00000649 8B 45 08                        	MOV	EAX,DWORD [8+EBP]
   526 0000064C C1 E2 04                        	SAL	EDX,4
   527 0000064F 89 04 11                        	MOV	DWORD [ECX+EDX*1],EAX
   528 00000652 8B 45 0C                        	MOV	EAX,DWORD [12+EBP]
   529 00000655 C6 44 11 0C 00                  	MOV	BYTE [12+ECX+EDX*1],0
   530 0000065A 66 89 44 11 08                  	MOV	WORD [8+ECX+EDX*1],AX
   531 0000065F A1 [00000074]                   	MOV	EAX,DWORD [_tx_ring]
   532 00000664 C7 44 11 04 00000000            	MOV	DWORD [4+ECX+EDX*1],0
   533 0000066C C6 44 10 0B 0B                  	MOV	BYTE [11+EAX+EDX*1],11
   534 00000671 A1 [00000070]                   	MOV	EAX,DWORD [_cur_tx]
   535 00000676 BA 00000008                     	MOV	EDX,8
   536 0000067B 40                              	INC	EAX
   537 0000067C 89 D1                           	MOV	ECX,EDX
   538 0000067E 99                              	CDQ
   539 0000067F F7 F9                           	IDIV	ECX
   540 00000681 A1 [00000000]                   	MOV	EAX,DWORD [_pcbar]
   541 00000686 89 15 [00000070]                	MOV	DWORD [_cur_tx],EDX
   542 0000068C 8B 40 04                        	MOV	EAX,DWORD [4+EAX]
   543 0000068F 89 90 00003818                  	MOV	DWORD [14360+EAX],EDX
   544 00000695 8B 15 [00000074]                	MOV	EDX,DWORD [_tx_ring]
   545 0000069B                                 L53:
   546 0000069B 89 D8                           	MOV	EAX,EBX
   547 0000069D C1 E0 04                        	SAL	EAX,4
   548 000006A0 8A 44 02 0C                     	MOV	AL,BYTE [12+EDX+EAX*1]
   549 000006A4 83 E0 01                        	AND	EAX,1
   550 000006A7 84 C0                           	TEST	AL,AL
   551 000006A9 74 F0                           	JE	L53
   552 000006AB                                 L51:
   553 000006AB 5B                              	POP	EBX
   554 000006AC 5D                              	POP	EBP
   555 000006AD C3                              	RET
   556 000006AE                                 	GLOBAL	_build_arp_reply
   557 000006AE                                 _build_arp_reply:
   558 000006AE 55                              	PUSH	EBP
   559 000006AF 31 D2                           	XOR	EDX,EDX
   560 000006B1 89 E5                           	MOV	EBP,ESP
   561 000006B3 57                              	PUSH	EDI
   562 000006B4 56                              	PUSH	ESI
   563 000006B5 53                              	PUSH	EBX
   564 000006B6 8B 4D 08                        	MOV	ECX,DWORD [8+EBP]
   565 000006B9 8B 5D 0C                        	MOV	EBX,DWORD [12+EBP]
   566 000006BC 8B 75 10                        	MOV	ESI,DWORD [16+EBP]
   567 000006BF 8B 7D 14                        	MOV	EDI,DWORD [20+EBP]
   568 000006C2                                 L61:
   569 000006C2 8A 04 1A                        	MOV	AL,BYTE [EDX+EBX*1]
   570 000006C5 88 82 [00000210]                	MOV	BYTE [_arp_packet+EDX],AL
   571 000006CB 42                              	INC	EDX
   572 000006CC 83 FA 05                        	CMP	EDX,5
   573 000006CF 7E F1                           	JLE	L61
   574 000006D1 31 D2                           	XOR	EDX,EDX
   575 000006D3                                 L66:
   576 000006D3 8A 04 0A                        	MOV	AL,BYTE [EDX+ECX*1]
   577 000006D6 88 82 [00000216]                	MOV	BYTE [_arp_packet+6+EDX],AL
   578 000006DC 42                              	INC	EDX
   579 000006DD 83 FA 05                        	CMP	EDX,5
   580 000006E0 7E F1                           	JLE	L66
   581 000006E2 C6 05 [0000021C] 08             	MOV	BYTE [_arp_packet+12],8
   582 000006E9 C6 05 [0000021D] 06             	MOV	BYTE [_arp_packet+13],6
   583 000006F0 C6 05 [0000021E] 00             	MOV	BYTE [_arp_packet+14],0
   584 000006F7 C6 05 [0000021F] 01             	MOV	BYTE [_arp_packet+15],1
   585 000006FE C6 05 [00000220] 08             	MOV	BYTE [_arp_packet+16],8
   586 00000705 C6 05 [00000221] 00             	MOV	BYTE [_arp_packet+17],0
   587 0000070C C6 05 [00000222] 06             	MOV	BYTE [_arp_packet+18],6
   588 00000713 C6 05 [00000223] 04             	MOV	BYTE [_arp_packet+19],4
   589 0000071A C6 05 [00000224] 00             	MOV	BYTE [_arp_packet+20],0
   590 00000721 C6 05 [00000225] 02             	MOV	BYTE [_arp_packet+21],2
   591 00000728 31 D2                           	XOR	EDX,EDX
   592 0000072A                                 L71:
   593 0000072A 8A 04 0A                        	MOV	AL,BYTE [EDX+ECX*1]
   594 0000072D 88 82 [00000226]                	MOV	BYTE [_arp_packet+22+EDX],AL
   595 00000733 42                              	INC	EDX
   596 00000734 83 FA 05                        	CMP	EDX,5
   597 00000737 7E F1                           	JLE	L71
   598 00000739 31 D2                           	XOR	EDX,EDX
   599 0000073B                                 L76:
   600 0000073B 8A 04 32                        	MOV	AL,BYTE [EDX+ESI*1]
   601 0000073E 88 82 [0000022C]                	MOV	BYTE [_arp_packet+28+EDX],AL
   602 00000744 42                              	INC	EDX
   603 00000745 83 FA 03                        	CMP	EDX,3
   604 00000748 7E F1                           	JLE	L76
   605 0000074A 31 D2                           	XOR	EDX,EDX
   606 0000074C                                 L81:
   607 0000074C 8A 04 1A                        	MOV	AL,BYTE [EDX+EBX*1]
   608 0000074F 88 82 [00000230]                	MOV	BYTE [_arp_packet+32+EDX],AL
   609 00000755 42                              	INC	EDX
   610 00000756 83 FA 05                        	CMP	EDX,5
   611 00000759 7E F1                           	JLE	L81
   612 0000075B 31 D2                           	XOR	EDX,EDX
   613 0000075D                                 L86:
   614 0000075D 8A 04 3A                        	MOV	AL,BYTE [EDX+EDI*1]
   615 00000760 88 82 [00000236]                	MOV	BYTE [_arp_packet+38+EDX],AL
   616 00000766 42                              	INC	EDX
   617 00000767 83 FA 03                        	CMP	EDX,3
   618 0000076A 7E F1                           	JLE	L86
   619 0000076C BA 0000002A                     	MOV	EDX,42
   620 00000771                                 L91:
   621 00000771 C6 82 [00000210] 00             	MOV	BYTE [_arp_packet+EDX],0
   622 00000778 42                              	INC	EDX
   623 00000779 83 FA 3B                        	CMP	EDX,59
   624 0000077C 7E F3                           	JLE	L91
   625 0000077E 5B                              	POP	EBX
   626 0000077F 5E                              	POP	ESI
   627 00000780 5F                              	POP	EDI
   628 00000781 5D                              	POP	EBP
   629 00000782 C3                              	RET
   630 00000783                                 	GLOBAL	_tx_ring
   631                                          [SECTION .data]
   632 00000074                                 	ALIGNB	4
   633 00000074                                 _tx_ring:
   634 00000074 00 00 00 00                     	RESB	4
   635 00000078                                 	GLOBAL	_tx_buffers
   636                                          [SECTION .data]
   637 00000078 00 00 00 00 00 00 00 00         	ALIGNB	16
   638 00000080                                 _tx_buffers:
   639 00000080 00 00 00 00 00 00 00 00 00 00   	RESB	32
       0000008A 00 00 00 00 00 00 00 00 00 00 
       00000094 00 00 00 00 00 00 00 00 00 00 
       0000009E 00 00 
   640 000000A0                                 	GLOBAL	_rx_ring
   641                                          [SECTION .data]
   642 000000A0                                 	ALIGNB	4
   643 000000A0                                 _rx_ring:
   644 000000A0 00 00 00 00                     	RESB	4
   645 000000A4                                 	GLOBAL	_rx_buffers
   646                                          [SECTION .data]
   647 000000A4 00 00 00 00 00 00 00 00 00 00   	ALIGNB	16
       000000AE 00 00 
   648 000000B0                                 _rx_buffers:
   649 000000B0 00 00 00 00 00 00 00 00 00 00   	RESB	128
       000000BA 00 00 00 00 00 00 00 00 00 00 
       000000C4 00 00 00 00 00 00 00 00 00 00 
       000000CE 00 00 00 00 00 00 00 00 00 00 
       000000D8 00 00 00 00 00 00 00 00 00 00 
       000000E2 00 00 00 00 00 00 00 00 00 00 
       000000EC 00 00 00 00 00 00 00 00 00 00 
       000000F6 00 00 00 00 00 00 00 00 00 00 
       00000100 00 00 00 00 00 00 00 00 00 00 
       0000010A 00 00 00 00 00 00 00 00 00 00 
       00000114 00 00 00 00 00 00 00 00 00 00 
       0000011E 00 00 00 00 00 00 00 00 00 00 
       00000128 00 00 00 00 00 00 00 00 
   650 00000130                                 	GLOBAL	_qemu_default_mac
   651                                          [SECTION .data]
   652 00000130                                 	ALIGNB	4
   653 00000130                                 _qemu_default_mac:
   654 00000130 00 00 00 00 00 00               	RESB	6
   655 00000136                                 	GLOBAL	_ps
   656                                          [SECTION .data]
   657 00000136 00 00 00 00 00 00 00 00 00 00   	ALIGNB	16
   658 00000140                                 _ps:
   659 00000140 00 00 00 00 00 00 00 00 00 00   	RESB	200
       0000014A 00 00 00 00 00 00 00 00 00 00 
       00000154 00 00 00 00 00 00 00 00 00 00 
       0000015E 00 00 00 00 00 00 00 00 00 00 
       00000168 00 00 00 00 00 00 00 00 00 00 
       00000172 00 00 00 00 00 00 00 00 00 00 
       0000017C 00 00 00 00 00 00 00 00 00 00 
       00000186 00 00 00 00 00 00 00 00 00 00 
       00000190 00 00 00 00 00 00 00 00 00 00 
       0000019A 00 00 00 00 00 00 00 00 00 00 
       000001A4 00 00 00 00 00 00 00 00 00 00 
       000001AE 00 00 00 00 00 00 00 00 00 00 
       000001B8 00 00 00 00 00 00 00 00 00 00 
       000001C2 00 00 00 00 00 00 00 00 00 00 
       000001CC 00 00 00 00 00 00 00 00 00 00 
       000001D6 00 00 00 00 00 00 00 00 00 00 
       000001E0 00 00 00 00 00 00 00 00 00 00 
       000001EA 00 00 00 00 00 00 00 00 00 00 
       000001F4 00 00 00 00 00 00 00 00 00 00 
       000001FE 00 00 00 00 00 00 00 00 00 00 
   660 00000208                                 	GLOBAL	_arp_packet
   661                                          [SECTION .data]
   662 00000208 00 00 00 00 00 00 00 00         	ALIGNB	16
   663 00000210                                 _arp_packet:
   664 00000210 00 00 00 00 00 00 00 00 00 00   	RESB	60
       0000021A 00 00 00 00 00 00 00 00 00 00 
       00000224 00 00 00 00 00 00 00 00 00 00 
       0000022E 00 00 00 00 00 00 00 00 00 00 
       00000238 00 00 00 00 00 00 00 00 00 00 
       00000242 00 00 00 00 00 00 00 00 00 00 
