     1 00000000                                 [FORMAT "WCOFF"]
     2 00000000                                 [INSTRSET "i486p"]
     3 00000000                                 [OPTIMIZE 1]
     4 00000000                                 [OPTION 1]
     5 00000000                                 [BITS 32]
     6 00000000                                 	EXTERN	_boxfill8
     7 00000000                                 	EXTERN	_putfonts8_asc
     8 00000000                                 	EXTERN	_sheet_refresh
     9 00000000                                 	EXTERN	_memget
    10 00000000                                 	EXTERN	_LZ4_decompress_safe
    11 00000000                                 [FILE "window.c"]
    12                                          [SECTION .text]
    13 00000000                                 	GLOBAL	_make_window8
    14 00000000                                 _make_window8:
    15 00000000 55                              	PUSH	EBP
    16 00000001 89 E5                           	MOV	EBP,ESP
    17 00000003 57                              	PUSH	EDI
    18 00000004 56                              	PUSH	ESI
    19 00000005 53                              	PUSH	EBX
    20 00000006 83 EC 18                        	SUB	ESP,24
    21 00000009 8B 45 10                        	MOV	EAX,DWORD [16+EBP]
    22 0000000C 8B 5D 0C                        	MOV	EBX,DWORD [12+EBP]
    23 0000000F 89 45 F0                        	MOV	DWORD [-16+EBP],EAX
    24 00000012 8B 75 08                        	MOV	ESI,DWORD [8+EBP]
    25 00000015 8B 45 14                        	MOV	EAX,DWORD [20+EBP]
    26 00000018 89 45 EC                        	MOV	DWORD [-20+EBP],EAX
    27 0000001B 0F BE 45 18                     	MOVSX	EAX,BYTE [24+EBP]
    28 0000001F 89 45 E8                        	MOV	DWORD [-24+EBP],EAX
    29 00000022 8D 43 FF                        	LEA	EAX,DWORD [-1+EBX]
    30 00000025 6A 00                           	PUSH	0
    31 00000027 89 45 E4                        	MOV	DWORD [-28+EBP],EAX
    32 0000002A 50                              	PUSH	EAX
    33 0000002B 6A 00                           	PUSH	0
    34 0000002D 6A 00                           	PUSH	0
    35 0000002F 68 00C6C6C6                     	PUSH	13027014
    36 00000034 53                              	PUSH	EBX
    37 00000035 56                              	PUSH	ESI
    38 00000036 E8 [00000000]                   	CALL	_boxfill8
    39 0000003B 8D 43 FE                        	LEA	EAX,DWORD [-2+EBX]
    40 0000003E 6A 01                           	PUSH	1
    41 00000040 89 45 E0                        	MOV	DWORD [-32+EBP],EAX
    42 00000043 50                              	PUSH	EAX
    43 00000044 6A 01                           	PUSH	1
    44 00000046 6A 01                           	PUSH	1
    45 00000048 68 00FFFFFF                     	PUSH	16777215
    46 0000004D 53                              	PUSH	EBX
    47 0000004E 56                              	PUSH	ESI
    48 0000004F E8 [00000000]                   	CALL	_boxfill8
    49 00000054 8B 45 F0                        	MOV	EAX,DWORD [-16+EBP]
    50 00000057 83 C4 38                        	ADD	ESP,56
    51 0000005A 48                              	DEC	EAX
    52 0000005B 89 45 DC                        	MOV	DWORD [-36+EBP],EAX
    53 0000005E 50                              	PUSH	EAX
    54 0000005F 6A 00                           	PUSH	0
    55 00000061 6A 00                           	PUSH	0
    56 00000063 6A 00                           	PUSH	0
    57 00000065 68 00C6C6C6                     	PUSH	13027014
    58 0000006A 53                              	PUSH	EBX
    59 0000006B 56                              	PUSH	ESI
    60 0000006C E8 [00000000]                   	CALL	_boxfill8
    61 00000071 8B 7D F0                        	MOV	EDI,DWORD [-16+EBP]
    62 00000074 83 EF 02                        	SUB	EDI,2
    63 00000077 57                              	PUSH	EDI
    64 00000078 6A 01                           	PUSH	1
    65 0000007A 6A 01                           	PUSH	1
    66 0000007C 6A 01                           	PUSH	1
    67 0000007E 68 00FFFFFF                     	PUSH	16777215
    68 00000083 53                              	PUSH	EBX
    69 00000084 56                              	PUSH	ESI
    70 00000085 E8 [00000000]                   	CALL	_boxfill8
    71 0000008A 83 C4 38                        	ADD	ESP,56
    72 0000008D 57                              	PUSH	EDI
    73 0000008E FF 75 E0                        	PUSH	DWORD [-32+EBP]
    74 00000091 6A 01                           	PUSH	1
    75 00000093 FF 75 E0                        	PUSH	DWORD [-32+EBP]
    76 00000096 68 00848484                     	PUSH	8684676
    77 0000009B 53                              	PUSH	EBX
    78 0000009C 56                              	PUSH	ESI
    79 0000009D E8 [00000000]                   	CALL	_boxfill8
    80 000000A2 FF 75 DC                        	PUSH	DWORD [-36+EBP]
    81 000000A5 FF 75 E4                        	PUSH	DWORD [-28+EBP]
    82 000000A8 6A 00                           	PUSH	0
    83 000000AA FF 75 E4                        	PUSH	DWORD [-28+EBP]
    84 000000AD 6A 00                           	PUSH	0
    85 000000AF 53                              	PUSH	EBX
    86 000000B0 56                              	PUSH	ESI
    87 000000B1 E8 [00000000]                   	CALL	_boxfill8
    88 000000B6 8B 45 F0                        	MOV	EAX,DWORD [-16+EBP]
    89 000000B9 83 C4 38                        	ADD	ESP,56
    90 000000BC 83 E8 03                        	SUB	EAX,3
    91 000000BF 50                              	PUSH	EAX
    92 000000C0 8D 43 FD                        	LEA	EAX,DWORD [-3+EBX]
    93 000000C3 50                              	PUSH	EAX
    94 000000C4 6A 02                           	PUSH	2
    95 000000C6 6A 02                           	PUSH	2
    96 000000C8 68 00C6C6C6                     	PUSH	13027014
    97 000000CD 53                              	PUSH	EBX
    98 000000CE 56                              	PUSH	ESI
    99 000000CF E8 [00000000]                   	CALL	_boxfill8
   100 000000D4 57                              	PUSH	EDI
   101 000000D5 FF 75 E0                        	PUSH	DWORD [-32+EBP]
   102 000000D8 57                              	PUSH	EDI
   103 000000D9 6A 01                           	PUSH	1
   104 000000DB 68 00848484                     	PUSH	8684676
   105 000000E0 53                              	PUSH	EBX
   106 000000E1 56                              	PUSH	ESI
   107 000000E2 E8 [00000000]                   	CALL	_boxfill8
   108 000000E7 83 C4 38                        	ADD	ESP,56
   109 000000EA FF 75 DC                        	PUSH	DWORD [-36+EBP]
   110 000000ED FF 75 E4                        	PUSH	DWORD [-28+EBP]
   111 000000F0 FF 75 DC                        	PUSH	DWORD [-36+EBP]
   112 000000F3 6A 00                           	PUSH	0
   113 000000F5 6A 00                           	PUSH	0
   114 000000F7 53                              	PUSH	EBX
   115 000000F8 56                              	PUSH	ESI
   116 000000F9 E8 [00000000]                   	CALL	_boxfill8
   117 000000FE 89 75 08                        	MOV	DWORD [8+EBP],ESI
   118 00000101 8B 45 E8                        	MOV	EAX,DWORD [-24+EBP]
   119 00000104 89 5D 0C                        	MOV	DWORD [12+EBP],EBX
   120 00000107 89 45 14                        	MOV	DWORD [20+EBP],EAX
   121 0000010A 83 C4 1C                        	ADD	ESP,28
   122 0000010D 8B 45 EC                        	MOV	EAX,DWORD [-20+EBP]
   123 00000110 89 45 10                        	MOV	DWORD [16+EBP],EAX
   124 00000113 8D 65 F4                        	LEA	ESP,DWORD [-12+EBP]
   125 00000116 5B                              	POP	EBX
   126 00000117 5E                              	POP	ESI
   127 00000118 5F                              	POP	EDI
   128 00000119 5D                              	POP	EBP
   129 0000011A EB 00                           	JMP	_make_wtitle8
   130                                          [SECTION .data]
   131 00000000                                 _closebtn.0:
   132 00000000 4F 4F 4F 4F 4F 4F 4F 4F 4F 4F   	DB	"OOOOOOOOOOOOOOO@"
       0000000A 4F 4F 4F 4F 4F 40 
   133 00000010 4F 51 51 51 51 51 51 51 51 51   	DB	"OQQQQQQQQQQQQQ$@"
       0000001A 51 51 51 51 24 40 
   134 00000020 4F 51 51 51 51 51 51 51 51 51   	DB	"OQQQQQQQQQQQQQ$@"
       0000002A 51 51 51 51 24 40 
   135 00000030 4F 51 51 51 40 40 51 51 51 51   	DB	"OQQQ@@QQQQ@@QQ$@"
       0000003A 40 40 51 51 24 40 
   136 00000040 4F 51 51 51 51 40 40 51 51 40   	DB	"OQQQQ@@QQ@@QQQ$@"
       0000004A 40 51 51 51 24 40 
   137 00000050 4F 51 51 51 51 51 40 40 40 40   	DB	"OQQQQQ@@@@QQQQ$@"
       0000005A 51 51 51 51 24 40 
   138 00000060 4F 51 51 51 51 51 51 40 40 51   	DB	"OQQQQQQ@@QQQQQ$@"
       0000006A 51 51 51 51 24 40 
   139 00000070 4F 51 51 51 51 51 40 40 40 40   	DB	"OQQQQQ@@@@QQQQ$@"
       0000007A 51 51 51 51 24 40 
   140 00000080 4F 51 51 51 51 40 40 51 51 40   	DB	"OQQQQ@@QQ@@QQQ$@"
       0000008A 40 51 51 51 24 40 
   141 00000090 4F 51 51 51 40 40 51 51 51 51   	DB	"OQQQ@@QQQQ@@QQ$@"
       0000009A 40 40 51 51 24 40 
   142 000000A0 4F 51 51 51 51 51 51 51 51 51   	DB	"OQQQQQQQQQQQQQ$@"
       000000AA 51 51 51 51 24 40 
   143 000000B0 4F 51 51 51 51 51 51 51 51 51   	DB	"OQQQQQQQQQQQQQ$@"
       000000BA 51 51 51 51 24 40 
   144 000000C0 4F 24 24 24 24 24 24 24 24 24   	DB	"O$$$$$$$$$$$$$$@"
       000000CA 24 24 24 24 24 40 
   145 000000D0 40 40 40 40 40 40 40 40 40 40   	DB	"@@@@@@@@@@@@@@@@"
       000000DA 40 40 40 40 40 40 
   146                                          [SECTION .text]
   147 0000011C                                 	GLOBAL	_make_wtitle8
   148 0000011C                                 _make_wtitle8:
   149 0000011C 55                              	PUSH	EBP
   150 0000011D 89 E5                           	MOV	EBP,ESP
   151 0000011F 57                              	PUSH	EDI
   152 00000120 56                              	PUSH	ESI
   153 00000121 53                              	PUSH	EBX
   154 00000122 50                              	PUSH	EAX
   155 00000123 8B 7D 0C                        	MOV	EDI,DWORD [12+EBP]
   156 00000126 80 7D 14 00                     	CMP	BYTE [20+EBP],0
   157 0000012A 0F 84 00000086                  	JE	L3
   158 00000130 B3 FF                           	MOV	BL,-1
   159 00000132                                 L4:
   160 00000132 6A 14                           	PUSH	20
   161 00000134 8D 47 FC                        	LEA	EAX,DWORD [-4+EDI]
   162 00000137 50                              	PUSH	EAX
   163 00000138 31 F6                           	XOR	ESI,ESI
   164 0000013A 6A 03                           	PUSH	3
   165 0000013C 6A 03                           	PUSH	3
   166 0000013E 6A 84                           	PUSH	-124
   167 00000140 57                              	PUSH	EDI
   168 00000141 FF 75 08                        	PUSH	DWORD [8+EBP]
   169 00000144 E8 [00000000]                   	CALL	_boxfill8
   170 00000149 FF 75 10                        	PUSH	DWORD [16+EBP]
   171 0000014C 0F BE C3                        	MOVSX	EAX,BL
   172 0000014F 50                              	PUSH	EAX
   173 00000150 6A 04                           	PUSH	4
   174 00000152 6A 18                           	PUSH	24
   175 00000154 57                              	PUSH	EDI
   176 00000155 FF 75 08                        	PUSH	DWORD [8+EBP]
   177 00000158 E8 [00000000]                   	CALL	_putfonts8_asc
   178 0000015D 83 C4 34                        	ADD	ESP,52
   179 00000160 6B CF 05                        	IMUL	ECX,EDI,5
   180 00000163 C7 45 F0 00000000               	MOV	DWORD [-16+EBP],0
   181 0000016A                                 L20:
   182 0000016A 8D 14 39                        	LEA	EDX,DWORD [ECX+EDI*1]
   183 0000016D 8B 45 08                        	MOV	EAX,DWORD [8+EBP]
   184 00000170 31 DB                           	XOR	EBX,EBX
   185 00000172 8D 54 10 EB                     	LEA	EDX,DWORD [-21+EAX+EDX*1]
   186 00000176                                 L19:
   187 00000176 8A 84 33 [00000000]             	MOV	AL,BYTE [_closebtn.0+EBX+ESI*1]
   188 0000017D 3C 40                           	CMP	AL,64
   189 0000017F 74 31                           	JE	L25
   190 00000181 3C 24                           	CMP	AL,36
   191 00000183 74 29                           	JE	L26
   192 00000185 3C 51                           	CMP	AL,81
   193 00000187 74 21                           	JE	L27
   194 00000189 B0 FF                           	MOV	AL,-1
   195 0000018B                                 L14:
   196 0000018B 43                              	INC	EBX
   197 0000018C 88 02                           	MOV	BYTE [EDX],AL
   198 0000018E 42                              	INC	EDX
   199 0000018F 83 FB 0F                        	CMP	EBX,15
   200 00000192 7E E2                           	JLE	L19
   201 00000194 FF 45 F0                        	INC	DWORD [-16+EBP]
   202 00000197 01 F9                           	ADD	ECX,EDI
   203 00000199 83 C6 10                        	ADD	ESI,16
   204 0000019C 83 7D F0 0D                     	CMP	DWORD [-16+EBP],13
   205 000001A0 7E C8                           	JLE	L20
   206 000001A2 8D 65 F4                        	LEA	ESP,DWORD [-12+EBP]
   207 000001A5 5B                              	POP	EBX
   208 000001A6 5E                              	POP	ESI
   209 000001A7 5F                              	POP	EDI
   210 000001A8 5D                              	POP	EBP
   211 000001A9 C3                              	RET
   212 000001AA                                 L27:
   213 000001AA B0 C6                           	MOV	AL,-58
   214 000001AC EB DD                           	JMP	L14
   215 000001AE                                 L26:
   216 000001AE B0 84                           	MOV	AL,-124
   217 000001B0 EB D9                           	JMP	L14
   218 000001B2                                 L25:
   219 000001B2 31 C0                           	XOR	EAX,EAX
   220 000001B4 EB D5                           	JMP	L14
   221 000001B6                                 L3:
   222 000001B6 B3 C6                           	MOV	BL,-58
   223 000001B8 E9 FFFFFF75                     	JMP	L4
   224 000001BD                                 	GLOBAL	_putfonts8_asc_sht
   225 000001BD                                 _putfonts8_asc_sht:
   226 000001BD 55                              	PUSH	EBP
   227 000001BE 89 E5                           	MOV	EBP,ESP
   228 000001C0 57                              	PUSH	EDI
   229 000001C1 56                              	PUSH	ESI
   230 000001C2 53                              	PUSH	EBX
   231 000001C3 83 EC 0C                        	SUB	ESP,12
   232 000001C6 8B 45 0C                        	MOV	EAX,DWORD [12+EBP]
   233 000001C9 8B 75 10                        	MOV	ESI,DWORD [16+EBP]
   234 000001CC 89 45 F0                        	MOV	DWORD [-16+EBP],EAX
   235 000001CF 8B 7D 08                        	MOV	EDI,DWORD [8+EBP]
   236 000001D2 8B 45 14                        	MOV	EAX,DWORD [20+EBP]
   237 000001D5 89 45 EC                        	MOV	DWORD [-20+EBP],EAX
   238 000001D8 8B 45 1C                        	MOV	EAX,DWORD [28+EBP]
   239 000001DB 89 45 E8                        	MOV	DWORD [-24+EBP],EAX
   240 000001DE 8D 46 0F                        	LEA	EAX,DWORD [15+ESI]
   241 000001E1 50                              	PUSH	EAX
   242 000001E2 8B 45 F0                        	MOV	EAX,DWORD [-16+EBP]
   243 000001E5 8B 5D 20                        	MOV	EBX,DWORD [32+EBP]
   244 000001E8 8D 1C D8                        	LEA	EBX,DWORD [EAX+EBX*8]
   245 000001EB 8D 43 FF                        	LEA	EAX,DWORD [-1+EBX]
   246 000001EE 50                              	PUSH	EAX
   247 000001EF 56                              	PUSH	ESI
   248 000001F0 FF 75 F0                        	PUSH	DWORD [-16+EBP]
   249 000001F3 FF 75 18                        	PUSH	DWORD [24+EBP]
   250 000001F6 FF 77 04                        	PUSH	DWORD [4+EDI]
   251 000001F9 FF 37                           	PUSH	DWORD [EDI]
   252 000001FB E8 [00000000]                   	CALL	_boxfill8
   253 00000200 FF 75 E8                        	PUSH	DWORD [-24+EBP]
   254 00000203 FF 75 EC                        	PUSH	DWORD [-20+EBP]
   255 00000206 56                              	PUSH	ESI
   256 00000207 FF 75 F0                        	PUSH	DWORD [-16+EBP]
   257 0000020A FF 77 04                        	PUSH	DWORD [4+EDI]
   258 0000020D FF 37                           	PUSH	DWORD [EDI]
   259 0000020F E8 [00000000]                   	CALL	_putfonts8_asc
   260 00000214 89 7D 08                        	MOV	DWORD [8+EBP],EDI
   261 00000217 8D 46 10                        	LEA	EAX,DWORD [16+ESI]
   262 0000021A 89 5D 14                        	MOV	DWORD [20+EBP],EBX
   263 0000021D 89 45 18                        	MOV	DWORD [24+EBP],EAX
   264 00000220 89 75 10                        	MOV	DWORD [16+EBP],ESI
   265 00000223 8B 45 F0                        	MOV	EAX,DWORD [-16+EBP]
   266 00000226 83 C4 34                        	ADD	ESP,52
   267 00000229 89 45 0C                        	MOV	DWORD [12+EBP],EAX
   268 0000022C 8D 65 F4                        	LEA	ESP,DWORD [-12+EBP]
   269 0000022F 5B                              	POP	EBX
   270 00000230 5E                              	POP	ESI
   271 00000231 5F                              	POP	EDI
   272 00000232 5D                              	POP	EBP
   273 00000233 E9 [00000000]                   	JMP	_sheet_refresh
   274 00000238                                 	GLOBAL	_make_textbox8
   275 00000238                                 _make_textbox8:
   276 00000238 55                              	PUSH	EBP
   277 00000239 89 E5                           	MOV	EBP,ESP
   278 0000023B 57                              	PUSH	EDI
   279 0000023C 56                              	PUSH	ESI
   280 0000023D 53                              	PUSH	EBX
   281 0000023E 83 EC 14                        	SUB	ESP,20
   282 00000241 8B 45 0C                        	MOV	EAX,DWORD [12+EBP]
   283 00000244 8B 75 10                        	MOV	ESI,DWORD [16+EBP]
   284 00000247 03 45 14                        	ADD	EAX,DWORD [20+EBP]
   285 0000024A 83 EE 03                        	SUB	ESI,3
   286 0000024D 56                              	PUSH	ESI
   287 0000024E 89 45 F0                        	MOV	DWORD [-16+EBP],EAX
   288 00000251 8B 45 10                        	MOV	EAX,DWORD [16+EBP]
   289 00000254 03 45 18                        	ADD	EAX,DWORD [24+EBP]
   290 00000257 89 45 EC                        	MOV	DWORD [-20+EBP],EAX
   291 0000025A 8B 45 F0                        	MOV	EAX,DWORD [-16+EBP]
   292 0000025D 40                              	INC	EAX
   293 0000025E 50                              	PUSH	EAX
   294 0000025F 89 45 E8                        	MOV	DWORD [-24+EBP],EAX
   295 00000262 8B 45 0C                        	MOV	EAX,DWORD [12+EBP]
   296 00000265 56                              	PUSH	ESI
   297 00000266 83 E8 02                        	SUB	EAX,2
   298 00000269 50                              	PUSH	EAX
   299 0000026A 89 45 E4                        	MOV	DWORD [-28+EBP],EAX
   300 0000026D 8B 45 08                        	MOV	EAX,DWORD [8+EBP]
   301 00000270 68 00848484                     	PUSH	8684676
   302 00000275 FF 70 04                        	PUSH	DWORD [4+EAX]
   303 00000278 FF 30                           	PUSH	DWORD [EAX]
   304 0000027A E8 [00000000]                   	CALL	_boxfill8
   305 0000027F 8B 7D 0C                        	MOV	EDI,DWORD [12+EBP]
   306 00000282 8B 45 EC                        	MOV	EAX,DWORD [-20+EBP]
   307 00000285 83 EF 03                        	SUB	EDI,3
   308 00000288 40                              	INC	EAX
   309 00000289 50                              	PUSH	EAX
   310 0000028A 89 45 E0                        	MOV	DWORD [-32+EBP],EAX
   311 0000028D 57                              	PUSH	EDI
   312 0000028E 8B 45 08                        	MOV	EAX,DWORD [8+EBP]
   313 00000291 56                              	PUSH	ESI
   314 00000292 57                              	PUSH	EDI
   315 00000293 68 00848484                     	PUSH	8684676
   316 00000298 FF 70 04                        	PUSH	DWORD [4+EAX]
   317 0000029B FF 30                           	PUSH	DWORD [EAX]
   318 0000029D E8 [00000000]                   	CALL	_boxfill8
   319 000002A2 8B 45 08                        	MOV	EAX,DWORD [8+EBP]
   320 000002A5 83 C4 38                        	ADD	ESP,56
   321 000002A8 8B 5D EC                        	MOV	EBX,DWORD [-20+EBP]
   322 000002AB 83 C3 02                        	ADD	EBX,2
   323 000002AE 53                              	PUSH	EBX
   324 000002AF FF 75 E8                        	PUSH	DWORD [-24+EBP]
   325 000002B2 53                              	PUSH	EBX
   326 000002B3 57                              	PUSH	EDI
   327 000002B4 68 00FFFFFF                     	PUSH	16777215
   328 000002B9 FF 70 04                        	PUSH	DWORD [4+EAX]
   329 000002BC FF 30                           	PUSH	DWORD [EAX]
   330 000002BE E8 [00000000]                   	CALL	_boxfill8
   331 000002C3 8B 45 F0                        	MOV	EAX,DWORD [-16+EBP]
   332 000002C6 53                              	PUSH	EBX
   333 000002C7 83 C0 02                        	ADD	EAX,2
   334 000002CA 50                              	PUSH	EAX
   335 000002CB 56                              	PUSH	ESI
   336 000002CC 50                              	PUSH	EAX
   337 000002CD 8B 45 08                        	MOV	EAX,DWORD [8+EBP]
   338 000002D0 68 00FFFFFF                     	PUSH	16777215
   339 000002D5 FF 70 04                        	PUSH	DWORD [4+EAX]
   340 000002D8 FF 30                           	PUSH	DWORD [EAX]
   341 000002DA E8 [00000000]                   	CALL	_boxfill8
   342 000002DF 8B 45 08                        	MOV	EAX,DWORD [8+EBP]
   343 000002E2 83 C4 38                        	ADD	ESP,56
   344 000002E5 8B 5D 10                        	MOV	EBX,DWORD [16+EBP]
   345 000002E8 83 EB 02                        	SUB	EBX,2
   346 000002EB 8B 7D 0C                        	MOV	EDI,DWORD [12+EBP]
   347 000002EE 53                              	PUSH	EBX
   348 000002EF 4F                              	DEC	EDI
   349 000002F0 FF 75 F0                        	PUSH	DWORD [-16+EBP]
   350 000002F3 53                              	PUSH	EBX
   351 000002F4 57                              	PUSH	EDI
   352 000002F5 6A 00                           	PUSH	0
   353 000002F7 FF 70 04                        	PUSH	DWORD [4+EAX]
   354 000002FA FF 30                           	PUSH	DWORD [EAX]
   355 000002FC E8 [00000000]                   	CALL	_boxfill8
   356 00000301 8B 45 08                        	MOV	EAX,DWORD [8+EBP]
   357 00000304 FF 75 EC                        	PUSH	DWORD [-20+EBP]
   358 00000307 FF 75 E4                        	PUSH	DWORD [-28+EBP]
   359 0000030A 53                              	PUSH	EBX
   360 0000030B FF 75 E4                        	PUSH	DWORD [-28+EBP]
   361 0000030E 6A 00                           	PUSH	0
   362 00000310 FF 70 04                        	PUSH	DWORD [4+EAX]
   363 00000313 FF 30                           	PUSH	DWORD [EAX]
   364 00000315 E8 [00000000]                   	CALL	_boxfill8
   365 0000031A 8B 45 08                        	MOV	EAX,DWORD [8+EBP]
   366 0000031D 83 C4 38                        	ADD	ESP,56
   367 00000320 FF 75 E0                        	PUSH	DWORD [-32+EBP]
   368 00000323 FF 75 F0                        	PUSH	DWORD [-16+EBP]
   369 00000326 FF 75 E0                        	PUSH	DWORD [-32+EBP]
   370 00000329 FF 75 E4                        	PUSH	DWORD [-28+EBP]
   371 0000032C 68 00C6C6C6                     	PUSH	13027014
   372 00000331 FF 70 04                        	PUSH	DWORD [4+EAX]
   373 00000334 FF 30                           	PUSH	DWORD [EAX]
   374 00000336 E8 [00000000]                   	CALL	_boxfill8
   375 0000033B 8B 45 08                        	MOV	EAX,DWORD [8+EBP]
   376 0000033E FF 75 E0                        	PUSH	DWORD [-32+EBP]
   377 00000341 FF 75 E8                        	PUSH	DWORD [-24+EBP]
   378 00000344 53                              	PUSH	EBX
   379 00000345 FF 75 E8                        	PUSH	DWORD [-24+EBP]
   380 00000348 68 00C6C6C6                     	PUSH	13027014
   381 0000034D FF 70 04                        	PUSH	DWORD [4+EAX]
   382 00000350 FF 30                           	PUSH	DWORD [EAX]
   383 00000352 E8 [00000000]                   	CALL	_boxfill8
   384 00000357 8B 45 10                        	MOV	EAX,DWORD [16+EBP]
   385 0000035A 83 C4 38                        	ADD	ESP,56
   386 0000035D 48                              	DEC	EAX
   387 0000035E FF 75 EC                        	PUSH	DWORD [-20+EBP]
   388 00000361 FF 75 F0                        	PUSH	DWORD [-16+EBP]
   389 00000364 50                              	PUSH	EAX
   390 00000365 8B 45 08                        	MOV	EAX,DWORD [8+EBP]
   391 00000368 57                              	PUSH	EDI
   392 00000369 68 00FFFFFF                     	PUSH	16777215
   393 0000036E FF 70 04                        	PUSH	DWORD [4+EAX]
   394 00000371 FF 30                           	PUSH	DWORD [EAX]
   395 00000373 E8 [00000000]                   	CALL	_boxfill8
   396 00000378 8D 65 F4                        	LEA	ESP,DWORD [-12+EBP]
   397 0000037B 5B                              	POP	EBX
   398 0000037C 5E                              	POP	ESI
   399 0000037D 5F                              	POP	EDI
   400 0000037E 5D                              	POP	EBP
   401 0000037F C3                              	RET
   402 00000380                                 	GLOBAL	_load_mx_img
   403 00000380                                 _load_mx_img:
   404 00000380 55                              	PUSH	EBP
   405 00000381 89 E5                           	MOV	EBP,ESP
   406 00000383 57                              	PUSH	EDI
   407 00000384 56                              	PUSH	ESI
   408 00000385 53                              	PUSH	EBX
   409 00000386 83 EC 20                        	SUB	ESP,32
   410 00000389 8B 75 08                        	MOV	ESI,DWORD [8+EBP]
   411 0000038C 8B 46 08                        	MOV	EAX,DWORD [8+ESI]
   412 0000038F 8B 7E 04                        	MOV	EDI,DWORD [4+ESI]
   413 00000392 89 45 F0                        	MOV	DWORD [-16+EBP],EAX
   414 00000395 80 3E 4C                        	CMP	BYTE [ESI],76
   415 00000398 74 08                           	JE	L47
   416 0000039A                                 L30:
   417 0000039A 8D 65 F4                        	LEA	ESP,DWORD [-12+EBP]
   418 0000039D 5B                              	POP	EBX
   419 0000039E 5E                              	POP	ESI
   420 0000039F 5F                              	POP	EDI
   421 000003A0 5D                              	POP	EBP
   422 000003A1 C3                              	RET
   423 000003A2                                 L47:
   424 000003A2 80 7E 01 5A                     	CMP	BYTE [1+ESI],90
   425 000003A6 75 F2                           	JNE	L30
   426 000003A8 57                              	PUSH	EDI
   427 000003A9 E8 [00000000]                   	CALL	_memget
   428 000003AE 57                              	PUSH	EDI
   429 000003AF FF 75 F0                        	PUSH	DWORD [-16+EBP]
   430 000003B2 50                              	PUSH	EAX
   431 000003B3 89 C3                           	MOV	EBX,EAX
   432 000003B5 8D 46 0C                        	LEA	EAX,DWORD [12+ESI]
   433 000003B8 50                              	PUSH	EAX
   434 000003B9 E8 [00000000]                   	CALL	_LZ4_decompress_safe
   435 000003BE 66 8B 03                        	MOV	AX,WORD [EBX]
   436 000003C1 66 89 45 EA                     	MOV	WORD [-22+EBP],AX
   437 000003C5 66 8B 43 02                     	MOV	AX,WORD [2+EBX]
   438 000003C9 83 C3 04                        	ADD	EBX,4
   439 000003CC 66 89 45 E8                     	MOV	WORD [-24+EBP],AX
   440 000003D0 89 5D E4                        	MOV	DWORD [-28+EBP],EBX
   441 000003D3 0F B7 45 EA                     	MOVZX	EAX,WORD [-22+EBP]
   442 000003D7 89 45 DC                        	MOV	DWORD [-36+EBP],EAX
   443 000003DA 0F B7 45 E8                     	MOVZX	EAX,WORD [-24+EBP]
   444 000003DE 89 45 D8                        	MOV	DWORD [-40+EBP],EAX
   445 000003E1 8B 45 DC                        	MOV	EAX,DWORD [-36+EBP]
   446 000003E4 0F AF 45 D8                     	IMUL	EAX,DWORD [-40+EBP]
   447 000003E8 C1 E0 02                        	SAL	EAX,2
   448 000003EB 50                              	PUSH	EAX
   449 000003EC E8 [00000000]                   	CALL	_memget
   450 000003F1 83 C4 18                        	ADD	ESP,24
   451 000003F4 C7 45 E0 00000000               	MOV	DWORD [-32+EBP],0
   452 000003FB 89 45 EC                        	MOV	DWORD [-20+EBP],EAX
   453 000003FE 8B 45 D8                        	MOV	EAX,DWORD [-40+EBP]
   454 00000401 39 45 E0                        	CMP	DWORD [-32+EBP],EAX
   455 00000404 7D 4E                           	JGE	L44
   456 00000406                                 L42:
   457 00000406 31 FF                           	XOR	EDI,EDI
   458 00000408 8B 75 DC                        	MOV	ESI,DWORD [-36+EBP]
   459 0000040B 39 F7                           	CMP	EDI,ESI
   460 0000040D 7D 3A                           	JGE	L46
   461 0000040F                                 L41:
   462 0000040F 8B 5D E0                        	MOV	EBX,DWORD [-32+EBP]
   463 00000412 8B 45 E4                        	MOV	EAX,DWORD [-28+EBP]
   464 00000415 0F AF DE                        	IMUL	EBX,ESI
   465 00000418 01 FB                           	ADD	EBX,EDI
   466 0000041A 47                              	INC	EDI
   467 0000041B 6B CB 03                        	IMUL	ECX,EBX,3
   468 0000041E 0F B6 14 01                     	MOVZX	EDX,BYTE [ECX+EAX*1]
   469 00000422 C1 E2 10                        	SAL	EDX,16
   470 00000425 0F B6 44 01 01                  	MOVZX	EAX,BYTE [1+ECX+EAX*1]
   471 0000042A C1 E0 08                        	SAL	EAX,8
   472 0000042D 81 CA FF000000                  	OR	EDX,-16777216
   473 00000433 09 C2                           	OR	EDX,EAX
   474 00000435 8B 45 E4                        	MOV	EAX,DWORD [-28+EBP]
   475 00000438 0F B6 4C 01 02                  	MOVZX	ECX,BYTE [2+ECX+EAX*1]
   476 0000043D 8B 45 EC                        	MOV	EAX,DWORD [-20+EBP]
   477 00000440 09 CA                           	OR	EDX,ECX
   478 00000442 39 F7                           	CMP	EDI,ESI
   479 00000444 89 14 98                        	MOV	DWORD [EAX+EBX*4],EDX
   480 00000447 7C C6                           	JL	L41
   481 00000449                                 L46:
   482 00000449 8B 45 D8                        	MOV	EAX,DWORD [-40+EBP]
   483 0000044C FF 45 E0                        	INC	DWORD [-32+EBP]
   484 0000044F 39 45 E0                        	CMP	DWORD [-32+EBP],EAX
   485 00000452 7C B2                           	JL	L42
   486 00000454                                 L44:
   487 00000454 8B 45 EC                        	MOV	EAX,DWORD [-20+EBP]
   488 00000457 0F B7 55 E8                     	MOVZX	EDX,WORD [-24+EBP]
   489 0000045B A3 [000000E0]                   	MOV	DWORD [_img_assets],EAX
   490 00000460 89 15 [000000E8]                	MOV	DWORD [_img_assets+8],EDX
   491 00000466 0F B7 45 EA                     	MOVZX	EAX,WORD [-22+EBP]
   492 0000046A A3 [000000E4]                   	MOV	DWORD [_img_assets+4],EAX
   493 0000046F 0F AF C2                        	IMUL	EAX,EDX
   494 00000472 C1 E0 02                        	SAL	EAX,2
   495 00000475 A3 [000000EC]                   	MOV	DWORD [_img_assets+12],EAX
   496 0000047A E9 FFFFFF1B                     	JMP	L30
   497 0000047F                                 	GLOBAL	_draw_sprite
   498 0000047F                                 _draw_sprite:
   499 0000047F 55                              	PUSH	EBP
   500 00000480 89 E5                           	MOV	EBP,ESP
   501 00000482 57                              	PUSH	EDI
   502 00000483 56                              	PUSH	ESI
   503 00000484 53                              	PUSH	EBX
   504 00000485 83 EC 0C                        	SUB	ESP,12
   505 00000488 8B 45 24                        	MOV	EAX,DWORD [36+EBP]
   506 0000048B 8B 4D 14                        	MOV	ECX,DWORD [20+EBP]
   507 0000048E C1 E0 04                        	SAL	EAX,4
   508 00000491 8B 5D 18                        	MOV	EBX,DWORD [24+EBP]
   509 00000494 29 4D 1C                        	SUB	DWORD [28+EBP],ECX
   510 00000497 29 5D 20                        	SUB	DWORD [32+EBP],EBX
   511 0000049A 8D 90 [000000E0]                	LEA	EDX,DWORD [_img_assets+EAX]
   512 000004A0 8B 4D 1C                        	MOV	ECX,DWORD [28+EBP]
   513 000004A3 89 55 EC                        	MOV	DWORD [-20+EBP],EDX
   514 000004A6 8B 5D 20                        	MOV	EBX,DWORD [32+EBP]
   515 000004A9 8B 55 08                        	MOV	EDX,DWORD [8+EBP]
   516 000004AC 83 B8 [000000E0] 00             	CMP	DWORD [_img_assets+EAX],0
   517 000004B3 89 4A 04                        	MOV	DWORD [4+EDX],ECX
   518 000004B6 89 5A 08                        	MOV	DWORD [8+EDX],EBX
   519 000004B9 74 7B                           	JE	L48
   520 000004BB C7 45 F0 00000000               	MOV	DWORD [-16+EBP],0
   521 000004C2 39 5D F0                        	CMP	DWORD [-16+EBP],EBX
   522 000004C5 7D 6F                           	JGE	L48
   523 000004C7 8B 75 10                        	MOV	ESI,DWORD [16+EBP]
   524 000004CA                                 L64:
   525 000004CA 8B 45 08                        	MOV	EAX,DWORD [8+EBP]
   526 000004CD 3B 70 08                        	CMP	ESI,DWORD [8+EAX]
   527 000004D0 7D 64                           	JGE	L48
   528 000004D2 85 F6                           	TEST	ESI,ESI
   529 000004D4 78 54                           	JS	L52
   530 000004D6 31 FF                           	XOR	EDI,EDI
   531 000004D8 3B 7D 1C                        	CMP	EDI,DWORD [28+EBP]
   532 000004DB 7D 4D                           	JGE	L52
   533 000004DD                                 L63:
   534 000004DD 8B 55 08                        	MOV	EDX,DWORD [8+EBP]
   535 000004E0 8B 4D 0C                        	MOV	ECX,DWORD [12+EBP]
   536 000004E3 01 F9                           	ADD	ECX,EDI
   537 000004E5 8B 52 04                        	MOV	EDX,DWORD [4+EDX]
   538 000004E8 89 55 E8                        	MOV	DWORD [-24+EBP],EDX
   539 000004EB 39 D1                           	CMP	ECX,EDX
   540 000004ED 7D 3B                           	JGE	L52
   541 000004EF 85 C9                           	TEST	ECX,ECX
   542 000004F1 78 31                           	JS	L58
   543 000004F3 8B 45 18                        	MOV	EAX,DWORD [24+EBP]
   544 000004F6 8B 5D EC                        	MOV	EBX,DWORD [-20+EBP]
   545 000004F9 03 45 F0                        	ADD	EAX,DWORD [-16+EBP]
   546 000004FC 8B 55 14                        	MOV	EDX,DWORD [20+EBP]
   547 000004FF 01 FA                           	ADD	EDX,EDI
   548 00000501 0F AF 43 04                     	IMUL	EAX,DWORD [4+EBX]
   549 00000505 01 D0                           	ADD	EAX,EDX
   550 00000507 8B 13                           	MOV	EDX,DWORD [EBX]
   551 00000509 8B 1C 82                        	MOV	EBX,DWORD [EDX+EAX*4]
   552 0000050C 81 FB 00FF00FF                  	CMP	EBX,16711935
   553 00000512 74 10                           	JE	L58
   554 00000514 8B 45 E8                        	MOV	EAX,DWORD [-24+EBP]
   555 00000517 0F AF C6                        	IMUL	EAX,ESI
   556 0000051A 01 C8                           	ADD	EAX,ECX
   557 0000051C 8B 4D 08                        	MOV	ECX,DWORD [8+EBP]
   558 0000051F 8B 11                           	MOV	EDX,DWORD [ECX]
   559 00000521 89 1C 82                        	MOV	DWORD [EDX+EAX*4],EBX
   560 00000524                                 L58:
   561 00000524 47                              	INC	EDI
   562 00000525 3B 7D 1C                        	CMP	EDI,DWORD [28+EBP]
   563 00000528 7C B3                           	JL	L63
   564 0000052A                                 L52:
   565 0000052A 8B 5D 20                        	MOV	EBX,DWORD [32+EBP]
   566 0000052D FF 45 F0                        	INC	DWORD [-16+EBP]
   567 00000530 46                              	INC	ESI
   568 00000531 39 5D F0                        	CMP	DWORD [-16+EBP],EBX
   569 00000534 7C 94                           	JL	L64
   570 00000536                                 L48:
   571 00000536 83 C4 0C                        	ADD	ESP,12
   572 00000539 5B                              	POP	EBX
   573 0000053A 5E                              	POP	ESI
   574 0000053B 5F                              	POP	EDI
   575 0000053C 5D                              	POP	EBP
   576 0000053D C3                              	RET
   577 0000053E                                 	GLOBAL	_img_assets
   578                                          [SECTION .data]
   579 000000E0                                 	ALIGNB	16
   580 000000E0                                 _img_assets:
   581 000000E0 00 00 00 00 00 00 00 00 00 00   	RESB	160
       000000EA 00 00 00 00 00 00 00 00 00 00 
       000000F4 00 00 00 00 00 00 00 00 00 00 
       000000FE 00 00 00 00 00 00 00 00 00 00 
       00000108 00 00 00 00 00 00 00 00 00 00 
       00000112 00 00 00 00 00 00 00 00 00 00 
       0000011C 00 00 00 00 00 00 00 00 00 00 
       00000126 00 00 00 00 00 00 00 00 00 00 
       00000130 00 00 00 00 00 00 00 00 00 00 
       0000013A 00 00 00 00 00 00 00 00 00 00 
       00000144 00 00 00 00 00 00 00 00 00 00 
       0000014E 00 00 00 00 00 00 00 00 00 00 
       00000158 00 00 00 00 00 00 00 00 00 00 
       00000162 00 00 00 00 00 00 00 00 00 00 
       0000016C 00 00 00 00 00 00 00 00 00 00 
       00000176 00 00 00 00 00 00 00 00 00 00 
